{"D:\\TELEPARK\\telepark\\telepark-frontend\\src\\App.js": {"path":"D:\\TELEPARK\\telepark\\telepark-frontend\\src\\App.js","statementMap":{"0":{"start":{"line":14,"column":14},"end":{"line":14,"column":96}},"1":{"start":{"line":14,"column":25},"end":{"line":14,"column":95}},"2":{"start":{"line":15,"column":22},"end":{"line":17,"column":1}},"3":{"start":{"line":16,"column":8},"end":{"line":16,"column":93}},"4":{"start":{"line":18,"column":20},"end":{"line":20,"column":1}},"5":{"start":{"line":19,"column":8},"end":{"line":19,"column":92}},"6":{"start":{"line":21,"column":20},"end":{"line":23,"column":1}},"7":{"start":{"line":22,"column":8},"end":{"line":22,"column":92}},"8":{"start":{"line":24,"column":25},"end":{"line":27,"column":1}},"9":{"start":{"line":26,"column":4},"end":{"line":26,"column":97}},"10":{"start":{"line":28,"column":23},"end":{"line":30,"column":1}},"11":{"start":{"line":29,"column":8},"end":{"line":29,"column":97}},"12":{"start":{"line":31,"column":24},"end":{"line":33,"column":1}},"13":{"start":{"line":32,"column":8},"end":{"line":32,"column":99}},"14":{"start":{"line":34,"column":24},"end":{"line":36,"column":1}},"15":{"start":{"line":35,"column":8},"end":{"line":35,"column":99}},"16":{"start":{"line":37,"column":15},"end":{"line":39,"column":1}},"17":{"start":{"line":38,"column":8},"end":{"line":38,"column":89}},"18":{"start":{"line":40,"column":15},"end":{"line":42,"column":1}},"19":{"start":{"line":41,"column":8},"end":{"line":41,"column":89}},"20":{"start":{"line":43,"column":19},"end":{"line":45,"column":1}},"21":{"start":{"line":44,"column":8},"end":{"line":44,"column":95}},"22":{"start":{"line":46,"column":20},"end":{"line":48,"column":1}},"23":{"start":{"line":47,"column":8},"end":{"line":47,"column":90}},"24":{"start":{"line":49,"column":22},"end":{"line":51,"column":1}},"25":{"start":{"line":50,"column":8},"end":{"line":50,"column":100}},"26":{"start":{"line":52,"column":17},"end":{"line":54,"column":1}},"27":{"start":{"line":53,"column":8},"end":{"line":53,"column":84}},"28":{"start":{"line":55,"column":18},"end":{"line":57,"column":1}},"29":{"start":{"line":56,"column":8},"end":{"line":56,"column":86}},"30":{"start":{"line":58,"column":18},"end":{"line":60,"column":1}},"31":{"start":{"line":59,"column":8},"end":{"line":59,"column":86}},"32":{"start":{"line":61,"column":19},"end":{"line":64,"column":1}},"33":{"start":{"line":63,"column":4},"end":{"line":63,"column":98}},"34":{"start":{"line":65,"column":17},"end":{"line":67,"column":1}},"35":{"start":{"line":66,"column":8},"end":{"line":66,"column":84}},"36":{"start":{"line":68,"column":17},"end":{"line":70,"column":1}},"37":{"start":{"line":69,"column":8},"end":{"line":69,"column":84}},"38":{"start":{"line":73,"column":19},"end":{"line":73,"column":32}},"39":{"start":{"line":75,"column":2},"end":{"line":83,"column":43}},"40":{"start":{"line":76,"column":29},"end":{"line":80,"column":5}},"41":{"start":{"line":77,"column":6},"end":{"line":77,"column":51}},"42":{"start":{"line":78,"column":6},"end":{"line":78,"column":42}},"43":{"start":{"line":79,"column":6},"end":{"line":79,"column":42}},"44":{"start":{"line":81,"column":4},"end":{"line":81,"column":61}},"45":{"start":{"line":82,"column":4},"end":{"line":82,"column":77}},"46":{"start":{"line":82,"column":17},"end":{"line":82,"column":76}},"47":{"start":{"line":85,"column":17},"end":{"line":88,"column":3}},"48":{"start":{"line":86,"column":4},"end":{"line":86,"column":30}},"49":{"start":{"line":87,"column":4},"end":{"line":87,"column":18}},"50":{"start":{"line":90,"column":2},"end":{"line":450,"column":4}},"51":{"start":{"line":116,"column":20},"end":{"line":116,"column":75}},"52":{"start":{"line":136,"column":28},"end":{"line":136,"column":91}},"53":{"start":{"line":152,"column":28},"end":{"line":152,"column":89}},"54":{"start":{"line":171,"column":28},"end":{"line":171,"column":89}},"55":{"start":{"line":190,"column":24},"end":{"line":190,"column":85}},"56":{"start":{"line":206,"column":24},"end":{"line":206,"column":90}},"57":{"start":{"line":222,"column":24},"end":{"line":222,"column":88}},"58":{"start":{"line":238,"column":24},"end":{"line":238,"column":89}},"59":{"start":{"line":254,"column":24},"end":{"line":254,"column":89}},"60":{"start":{"line":270,"column":24},"end":{"line":270,"column":80}},"61":{"start":{"line":286,"column":24},"end":{"line":286,"column":87}},"62":{"start":{"line":302,"column":24},"end":{"line":302,"column":85}},"63":{"start":{"line":318,"column":24},"end":{"line":318,"column":80}},"64":{"start":{"line":334,"column":24},"end":{"line":334,"column":84}},"65":{"start":{"line":350,"column":24},"end":{"line":350,"column":82}},"66":{"start":{"line":366,"column":24},"end":{"line":366,"column":83}},"67":{"start":{"line":382,"column":24},"end":{"line":382,"column":83}},"68":{"start":{"line":398,"column":24},"end":{"line":398,"column":84}},"69":{"start":{"line":414,"column":24},"end":{"line":414,"column":82}},"70":{"start":{"line":430,"column":24},"end":{"line":430,"column":82}},"71":{"start":{"line":454,"column":28},"end":{"line":454,"column":72}},"72":{"start":{"line":455,"column":34},"end":{"line":455,"column":66}},"73":{"start":{"line":456,"column":34},"end":{"line":456,"column":66}},"74":{"start":{"line":458,"column":2},"end":{"line":469,"column":4}}},"fnMap":{"0":{"name":"(anonymous_0)","decl":{"start":{"line":14,"column":19},"end":{"line":14,"column":20}},"loc":{"start":{"line":14,"column":25},"end":{"line":14,"column":95}},"line":14},"1":{"name":"(anonymous_1)","decl":{"start":{"line":16,"column":2},"end":{"line":16,"column":3}},"loc":{"start":{"line":16,"column":8},"end":{"line":16,"column":93}},"line":16},"2":{"name":"(anonymous_2)","decl":{"start":{"line":19,"column":2},"end":{"line":19,"column":3}},"loc":{"start":{"line":19,"column":8},"end":{"line":19,"column":92}},"line":19},"3":{"name":"(anonymous_3)","decl":{"start":{"line":22,"column":2},"end":{"line":22,"column":3}},"loc":{"start":{"line":22,"column":8},"end":{"line":22,"column":92}},"line":22},"4":{"name":"(anonymous_4)","decl":{"start":{"line":25,"column":2},"end":{"line":25,"column":3}},"loc":{"start":{"line":26,"column":4},"end":{"line":26,"column":97}},"line":26},"5":{"name":"(anonymous_5)","decl":{"start":{"line":29,"column":2},"end":{"line":29,"column":3}},"loc":{"start":{"line":29,"column":8},"end":{"line":29,"column":97}},"line":29},"6":{"name":"(anonymous_6)","decl":{"start":{"line":32,"column":2},"end":{"line":32,"column":3}},"loc":{"start":{"line":32,"column":8},"end":{"line":32,"column":99}},"line":32},"7":{"name":"(anonymous_7)","decl":{"start":{"line":35,"column":2},"end":{"line":35,"column":3}},"loc":{"start":{"line":35,"column":8},"end":{"line":35,"column":99}},"line":35},"8":{"name":"(anonymous_8)","decl":{"start":{"line":38,"column":2},"end":{"line":38,"column":3}},"loc":{"start":{"line":38,"column":8},"end":{"line":38,"column":89}},"line":38},"9":{"name":"(anonymous_9)","decl":{"start":{"line":41,"column":2},"end":{"line":41,"column":3}},"loc":{"start":{"line":41,"column":8},"end":{"line":41,"column":89}},"line":41},"10":{"name":"(anonymous_10)","decl":{"start":{"line":44,"column":2},"end":{"line":44,"column":3}},"loc":{"start":{"line":44,"column":8},"end":{"line":44,"column":95}},"line":44},"11":{"name":"(anonymous_11)","decl":{"start":{"line":47,"column":2},"end":{"line":47,"column":3}},"loc":{"start":{"line":47,"column":8},"end":{"line":47,"column":90}},"line":47},"12":{"name":"(anonymous_12)","decl":{"start":{"line":50,"column":2},"end":{"line":50,"column":3}},"loc":{"start":{"line":50,"column":8},"end":{"line":50,"column":100}},"line":50},"13":{"name":"(anonymous_13)","decl":{"start":{"line":53,"column":2},"end":{"line":53,"column":3}},"loc":{"start":{"line":53,"column":8},"end":{"line":53,"column":84}},"line":53},"14":{"name":"(anonymous_14)","decl":{"start":{"line":56,"column":2},"end":{"line":56,"column":3}},"loc":{"start":{"line":56,"column":8},"end":{"line":56,"column":86}},"line":56},"15":{"name":"(anonymous_15)","decl":{"start":{"line":59,"column":2},"end":{"line":59,"column":3}},"loc":{"start":{"line":59,"column":8},"end":{"line":59,"column":86}},"line":59},"16":{"name":"(anonymous_16)","decl":{"start":{"line":62,"column":2},"end":{"line":62,"column":3}},"loc":{"start":{"line":63,"column":4},"end":{"line":63,"column":98}},"line":63},"17":{"name":"(anonymous_17)","decl":{"start":{"line":66,"column":2},"end":{"line":66,"column":3}},"loc":{"start":{"line":66,"column":8},"end":{"line":66,"column":84}},"line":66},"18":{"name":"(anonymous_18)","decl":{"start":{"line":69,"column":2},"end":{"line":69,"column":3}},"loc":{"start":{"line":69,"column":8},"end":{"line":69,"column":84}},"line":69},"19":{"name":"AppContent","decl":{"start":{"line":72,"column":9},"end":{"line":72,"column":19}},"loc":{"start":{"line":72,"column":87},"end":{"line":451,"column":1}},"line":72},"20":{"name":"(anonymous_20)","decl":{"start":{"line":75,"column":12},"end":{"line":75,"column":13}},"loc":{"start":{"line":75,"column":18},"end":{"line":83,"column":3}},"line":75},"21":{"name":"(anonymous_21)","decl":{"start":{"line":76,"column":29},"end":{"line":76,"column":30}},"loc":{"start":{"line":76,"column":35},"end":{"line":80,"column":5}},"line":76},"22":{"name":"(anonymous_22)","decl":{"start":{"line":82,"column":11},"end":{"line":82,"column":12}},"loc":{"start":{"line":82,"column":17},"end":{"line":82,"column":76}},"line":82},"23":{"name":"(anonymous_23)","decl":{"start":{"line":85,"column":17},"end":{"line":85,"column":18}},"loc":{"start":{"line":85,"column":23},"end":{"line":88,"column":3}},"line":85},"24":{"name":"(anonymous_24)","decl":{"start":{"line":115,"column":37},"end":{"line":115,"column":38}},"loc":{"start":{"line":116,"column":20},"end":{"line":116,"column":75}},"line":116},"25":{"name":"(anonymous_25)","decl":{"start":{"line":135,"column":45},"end":{"line":135,"column":46}},"loc":{"start":{"line":136,"column":28},"end":{"line":136,"column":91}},"line":136},"26":{"name":"(anonymous_26)","decl":{"start":{"line":151,"column":45},"end":{"line":151,"column":46}},"loc":{"start":{"line":152,"column":28},"end":{"line":152,"column":89}},"line":152},"27":{"name":"(anonymous_27)","decl":{"start":{"line":170,"column":45},"end":{"line":170,"column":46}},"loc":{"start":{"line":171,"column":28},"end":{"line":171,"column":89}},"line":171},"28":{"name":"(anonymous_28)","decl":{"start":{"line":189,"column":41},"end":{"line":189,"column":42}},"loc":{"start":{"line":190,"column":24},"end":{"line":190,"column":85}},"line":190},"29":{"name":"(anonymous_29)","decl":{"start":{"line":205,"column":41},"end":{"line":205,"column":42}},"loc":{"start":{"line":206,"column":24},"end":{"line":206,"column":90}},"line":206},"30":{"name":"(anonymous_30)","decl":{"start":{"line":221,"column":41},"end":{"line":221,"column":42}},"loc":{"start":{"line":222,"column":24},"end":{"line":222,"column":88}},"line":222},"31":{"name":"(anonymous_31)","decl":{"start":{"line":237,"column":41},"end":{"line":237,"column":42}},"loc":{"start":{"line":238,"column":24},"end":{"line":238,"column":89}},"line":238},"32":{"name":"(anonymous_32)","decl":{"start":{"line":253,"column":41},"end":{"line":253,"column":42}},"loc":{"start":{"line":254,"column":24},"end":{"line":254,"column":89}},"line":254},"33":{"name":"(anonymous_33)","decl":{"start":{"line":269,"column":41},"end":{"line":269,"column":42}},"loc":{"start":{"line":270,"column":24},"end":{"line":270,"column":80}},"line":270},"34":{"name":"(anonymous_34)","decl":{"start":{"line":285,"column":41},"end":{"line":285,"column":42}},"loc":{"start":{"line":286,"column":24},"end":{"line":286,"column":87}},"line":286},"35":{"name":"(anonymous_35)","decl":{"start":{"line":301,"column":41},"end":{"line":301,"column":42}},"loc":{"start":{"line":302,"column":24},"end":{"line":302,"column":85}},"line":302},"36":{"name":"(anonymous_36)","decl":{"start":{"line":317,"column":41},"end":{"line":317,"column":42}},"loc":{"start":{"line":318,"column":24},"end":{"line":318,"column":80}},"line":318},"37":{"name":"(anonymous_37)","decl":{"start":{"line":333,"column":41},"end":{"line":333,"column":42}},"loc":{"start":{"line":334,"column":24},"end":{"line":334,"column":84}},"line":334},"38":{"name":"(anonymous_38)","decl":{"start":{"line":349,"column":41},"end":{"line":349,"column":42}},"loc":{"start":{"line":350,"column":24},"end":{"line":350,"column":82}},"line":350},"39":{"name":"(anonymous_39)","decl":{"start":{"line":365,"column":41},"end":{"line":365,"column":42}},"loc":{"start":{"line":366,"column":24},"end":{"line":366,"column":83}},"line":366},"40":{"name":"(anonymous_40)","decl":{"start":{"line":381,"column":41},"end":{"line":381,"column":42}},"loc":{"start":{"line":382,"column":24},"end":{"line":382,"column":83}},"line":382},"41":{"name":"(anonymous_41)","decl":{"start":{"line":397,"column":41},"end":{"line":397,"column":42}},"loc":{"start":{"line":398,"column":24},"end":{"line":398,"column":84}},"line":398},"42":{"name":"(anonymous_42)","decl":{"start":{"line":413,"column":41},"end":{"line":413,"column":42}},"loc":{"start":{"line":414,"column":24},"end":{"line":414,"column":82}},"line":414},"43":{"name":"(anonymous_43)","decl":{"start":{"line":429,"column":41},"end":{"line":429,"column":42}},"loc":{"start":{"line":430,"column":24},"end":{"line":430,"column":82}},"line":430},"44":{"name":"App","decl":{"start":{"line":453,"column":9},"end":{"line":453,"column":12}},"loc":{"start":{"line":453,"column":15},"end":{"line":470,"column":1}},"line":453}},"branchMap":{"0":{"loc":{"start":{"line":92,"column":7},"end":{"line":107,"column":7}},"type":"cond-expr","locations":[{"start":{"line":93,"column":8},"end":{"line":104,"column":15}},{"start":{"line":106,"column":8},"end":{"line":106,"column":10}}],"line":92},"1":{"loc":{"start":{"line":127,"column":13},"end":{"line":442,"column":13}},"type":"binary-expr","locations":[{"start":{"line":127,"column":13},"end":{"line":127,"column":18}},{"start":{"line":128,"column":14},"end":{"line":441,"column":17}}],"line":127},"2":{"loc":{"start":{"line":129,"column":17},"end":{"line":183,"column":17}},"type":"cond-expr","locations":[{"start":{"line":130,"column":18},"end":{"line":163,"column":21}},{"start":{"line":165,"column":18},"end":{"line":182,"column":21}}],"line":129},"3":{"loc":{"start":{"line":443,"column":13},"end":{"line":443,"column":79}},"type":"binary-expr","locations":[{"start":{"line":443,"column":13},"end":{"line":443,"column":19}},{"start":{"line":443,"column":23},"end":{"line":443,"column":79}}],"line":443},"4":{"loc":{"start":{"line":448,"column":7},"end":{"line":448,"column":30}},"type":"cond-expr","locations":[{"start":{"line":448,"column":15},"end":{"line":448,"column":25}},{"start":{"line":448,"column":28},"end":{"line":448,"column":30}}],"line":448}},"s":{"0":1,"1":1,"2":1,"3":0,"4":1,"5":1,"6":1,"7":0,"8":1,"9":0,"10":1,"11":0,"12":1,"13":0,"14":1,"15":0,"16":1,"17":0,"18":1,"19":0,"20":1,"21":0,"22":1,"23":0,"24":1,"25":0,"26":1,"27":0,"28":1,"29":0,"30":1,"31":0,"32":1,"33":0,"34":1,"35":0,"36":1,"37":0,"38":10,"39":10,"40":4,"41":2,"42":2,"43":2,"44":4,"45":4,"46":4,"47":10,"48":0,"49":0,"50":10,"51":0,"52":0,"53":0,"54":0,"55":0,"56":0,"57":0,"58":0,"59":0,"60":0,"61":0,"62":0,"63":0,"64":0,"65":0,"66":0,"67":0,"68":0,"69":0,"70":0,"71":6,"72":6,"73":6,"74":6},"f":{"0":1,"1":0,"2":1,"3":0,"4":0,"5":0,"6":0,"7":0,"8":0,"9":0,"10":0,"11":0,"12":0,"13":0,"14":0,"15":0,"16":0,"17":0,"18":0,"19":10,"20":4,"21":2,"22":4,"23":0,"24":0,"25":0,"26":0,"27":0,"28":0,"29":0,"30":0,"31":0,"32":0,"33":0,"34":0,"35":0,"36":0,"37":0,"38":0,"39":0,"40":0,"41":0,"42":0,"43":0,"44":6},"b":{"0":[5,5],"1":[10,5],"2":[0,5],"3":[10,5],"4":[5,5]},"_coverageSchema":"1a1c01bbd47fc00a2c39e90264f33305004495a9","hash":"d7f485be79a7135805076d8f6ac67a77ecbb73d6"}
,"D:\\TELEPARK\\telepark\\telepark-frontend\\src\\http-common.js": {"path":"D:\\TELEPARK\\telepark\\telepark-frontend\\src\\http-common.js","statementMap":{"0":{"start":{"line":4,"column":17},"end":{"line":12,"column":2}},"1":{"start":{"line":14,"column":0},"end":{"line":25,"column":2}},"2":{"start":{"line":16,"column":18},"end":{"line":16,"column":52}},"3":{"start":{"line":17,"column":4},"end":{"line":19,"column":5}},"4":{"start":{"line":18,"column":6},"end":{"line":18,"column":58}},"5":{"start":{"line":20,"column":4},"end":{"line":20,"column":18}},"6":{"start":{"line":23,"column":4},"end":{"line":23,"column":33}},"7":{"start":{"line":26,"column":0},"end":{"line":64,"column":2}},"8":{"start":{"line":28,"column":4},"end":{"line":28,"column":15}},"9":{"start":{"line":31,"column":27},"end":{"line":31,"column":37}},"10":{"start":{"line":32,"column":4},"end":{"line":47,"column":5}},"11":{"start":{"line":34,"column":6},"end":{"line":46,"column":7}},"12":{"start":{"line":35,"column":8},"end":{"line":35,"column":37}},"13":{"start":{"line":36,"column":8},"end":{"line":45,"column":9}},"14":{"start":{"line":37,"column":21},"end":{"line":39,"column":12}},"15":{"start":{"line":40,"column":30},"end":{"line":40,"column":44}},"16":{"start":{"line":41,"column":10},"end":{"line":41,"column":59}},"17":{"start":{"line":42,"column":10},"end":{"line":42,"column":42}},"18":{"start":{"line":44,"column":10},"end":{"line":44,"column":40}},"19":{"start":{"line":49,"column":4},"end":{"line":61,"column":5}},"20":{"start":{"line":50,"column":31},"end":{"line":50,"column":43}},"21":{"start":{"line":51,"column":6},"end":{"line":53,"column":7}},"22":{"start":{"line":52,"column":8},"end":{"line":52,"column":80}},"23":{"start":{"line":52,"column":55},"end":{"line":52,"column":65}},"24":{"start":{"line":54,"column":6},"end":{"line":60,"column":7}},"25":{"start":{"line":55,"column":28},"end":{"line":58,"column":21}},"26":{"start":{"line":56,"column":29},"end":{"line":56,"column":65}},"27":{"start":{"line":57,"column":33},"end":{"line":57,"column":93}},"28":{"start":{"line":59,"column":8},"end":{"line":59,"column":92}},"29":{"start":{"line":62,"column":4},"end":{"line":62,"column":31}}},"fnMap":{"0":{"name":"(anonymous_0)","decl":{"start":{"line":15,"column":2},"end":{"line":15,"column":3}},"loc":{"start":{"line":15,"column":14},"end":{"line":21,"column":3}},"line":15},"1":{"name":"(anonymous_1)","decl":{"start":{"line":22,"column":2},"end":{"line":22,"column":3}},"loc":{"start":{"line":22,"column":13},"end":{"line":24,"column":3}},"line":22},"2":{"name":"(anonymous_2)","decl":{"start":{"line":27,"column":2},"end":{"line":27,"column":3}},"loc":{"start":{"line":27,"column":11},"end":{"line":29,"column":3}},"line":27},"3":{"name":"(anonymous_3)","decl":{"start":{"line":30,"column":2},"end":{"line":30,"column":3}},"loc":{"start":{"line":30,"column":17},"end":{"line":63,"column":3}},"line":30},"4":{"name":"(anonymous_4)","decl":{"start":{"line":52,"column":48},"end":{"line":52,"column":49}},"loc":{"start":{"line":52,"column":55},"end":{"line":52,"column":65}},"line":52},"5":{"name":"(anonymous_5)","decl":{"start":{"line":56,"column":18},"end":{"line":56,"column":19}},"loc":{"start":{"line":56,"column":29},"end":{"line":56,"column":65}},"line":56},"6":{"name":"(anonymous_6)","decl":{"start":{"line":57,"column":15},"end":{"line":57,"column":16}},"loc":{"start":{"line":57,"column":33},"end":{"line":57,"column":93}},"line":57}},"branchMap":{"0":{"loc":{"start":{"line":6,"column":4},"end":{"line":8,"column":35}},"type":"binary-expr","locations":[{"start":{"line":6,"column":4},"end":{"line":6,"column":33}},{"start":{"line":7,"column":5},"end":{"line":8,"column":34}}],"line":6},"1":{"loc":{"start":{"line":17,"column":4},"end":{"line":19,"column":5}},"type":"if","locations":[{"start":{"line":17,"column":4},"end":{"line":19,"column":5}},{"start":{},"end":{}}],"line":17},"2":{"loc":{"start":{"line":32,"column":4},"end":{"line":47,"column":5}},"type":"if","locations":[{"start":{"line":32,"column":4},"end":{"line":47,"column":5}},{"start":{},"end":{}}],"line":32},"3":{"loc":{"start":{"line":32,"column":8},"end":{"line":32,"column":60}},"type":"binary-expr","locations":[{"start":{"line":32,"column":8},"end":{"line":32,"column":44}},{"start":{"line":32,"column":48},"end":{"line":32,"column":60}}],"line":32},"4":{"loc":{"start":{"line":34,"column":6},"end":{"line":46,"column":7}},"type":"if","locations":[{"start":{"line":34,"column":6},"end":{"line":46,"column":7}},{"start":{},"end":{}}],"line":34},"5":{"loc":{"start":{"line":34,"column":10},"end":{"line":34,"column":63}},"type":"binary-expr","locations":[{"start":{"line":34,"column":10},"end":{"line":34,"column":37}},{"start":{"line":34,"column":41},"end":{"line":34,"column":63}}],"line":34},"6":{"loc":{"start":{"line":49,"column":4},"end":{"line":61,"column":5}},"type":"if","locations":[{"start":{"line":49,"column":4},"end":{"line":61,"column":5}},{"start":{},"end":{}}],"line":49},"7":{"loc":{"start":{"line":51,"column":6},"end":{"line":53,"column":7}},"type":"if","locations":[{"start":{"line":51,"column":6},"end":{"line":53,"column":7}},{"start":{},"end":{}}],"line":51},"8":{"loc":{"start":{"line":51,"column":10},"end":{"line":51,"column":47}},"type":"binary-expr","locations":[{"start":{"line":51,"column":10},"end":{"line":51,"column":24}},{"start":{"line":51,"column":28},"end":{"line":51,"column":47}}],"line":51},"9":{"loc":{"start":{"line":52,"column":55},"end":{"line":52,"column":65}},"type":"binary-expr","locations":[{"start":{"line":52,"column":55},"end":{"line":52,"column":60}},{"start":{"line":52,"column":64},"end":{"line":52,"column":65}}],"line":52},"10":{"loc":{"start":{"line":54,"column":6},"end":{"line":60,"column":7}},"type":"if","locations":[{"start":{"line":54,"column":6},"end":{"line":60,"column":7}},{"start":{},"end":{}}],"line":54},"11":{"loc":{"start":{"line":54,"column":10},"end":{"line":54,"column":69}},"type":"binary-expr","locations":[{"start":{"line":54,"column":10},"end":{"line":54,"column":24}},{"start":{"line":54,"column":28},"end":{"line":54,"column":52}},{"start":{"line":54,"column":56},"end":{"line":54,"column":69}}],"line":54},"12":{"loc":{"start":{"line":57,"column":44},"end":{"line":57,"column":91}},"type":"cond-expr","locations":[{"start":{"line":57,"column":67},"end":{"line":57,"column":83}},{"start":{"line":57,"column":86},"end":{"line":57,"column":91}}],"line":57},"13":{"loc":{"start":{"line":59,"column":39},"end":{"line":59,"column":89}},"type":"binary-expr","locations":[{"start":{"line":59,"column":39},"end":{"line":59,"column":50}},{"start":{"line":59,"column":54},"end":{"line":59,"column":65}},{"start":{"line":59,"column":69},"end":{"line":59,"column":89}}],"line":59}},"s":{"0":2,"1":2,"2":2,"3":2,"4":1,"5":2,"6":0,"7":2,"8":0,"9":0,"10":0,"11":0,"12":0,"13":0,"14":0,"15":0,"16":0,"17":0,"18":0,"19":0,"20":0,"21":0,"22":0,"23":0,"24":0,"25":0,"26":0,"27":0,"28":0,"29":0},"f":{"0":2,"1":0,"2":0,"3":0,"4":0,"5":0,"6":0},"b":{"0":[2,0],"1":[1,1],"2":[0,0],"3":[0,0],"4":[0,0],"5":[0,0],"6":[0,0],"7":[0,0],"8":[0,0],"9":[0,0],"10":[0,0],"11":[0,0,0],"12":[0,0],"13":[0,0,0]},"_coverageSchema":"1a1c01bbd47fc00a2c39e90264f33305004495a9","hash":"1e615e1e4572b25187f6d52887352d0a62b348ce"}
,"D:\\TELEPARK\\telepark\\telepark-frontend\\src\\index.js": {"path":"D:\\TELEPARK\\telepark\\telepark-frontend\\src\\index.js","statementMap":{"0":{"start":{"line":14,"column":13},"end":{"line":14,"column":56}},"1":{"start":{"line":15,"column":0},"end":{"line":21,"column":2}},"2":{"start":{"line":23,"column":0},"end":{"line":23,"column":18}}},"fnMap":{},"branchMap":{},"s":{"0":0,"1":0,"2":0},"f":{},"b":{}}
,"D:\\TELEPARK\\telepark\\telepark-frontend\\src\\reportWebVitals.js": {"path":"D:\\TELEPARK\\telepark\\telepark-frontend\\src\\reportWebVitals.js","statementMap":{"0":{"start":{"line":1,"column":24},"end":{"line":11,"column":1}},"1":{"start":{"line":2,"column":2},"end":{"line":10,"column":3}},"2":{"start":{"line":3,"column":4},"end":{"line":9,"column":7}},"3":{"start":{"line":4,"column":6},"end":{"line":4,"column":25}},"4":{"start":{"line":5,"column":6},"end":{"line":5,"column":25}},"5":{"start":{"line":6,"column":6},"end":{"line":6,"column":25}},"6":{"start":{"line":7,"column":6},"end":{"line":7,"column":26}},"7":{"start":{"line":8,"column":6},"end":{"line":8,"column":25}}},"fnMap":{"0":{"name":"(anonymous_0)","decl":{"start":{"line":1,"column":24},"end":{"line":1,"column":25}},"loc":{"start":{"line":1,"column":41},"end":{"line":11,"column":1}},"line":1},"1":{"name":"(anonymous_1)","decl":{"start":{"line":3,"column":30},"end":{"line":3,"column":31}},"loc":{"start":{"line":3,"column":74},"end":{"line":9,"column":5}},"line":3}},"branchMap":{"0":{"loc":{"start":{"line":2,"column":2},"end":{"line":10,"column":3}},"type":"if","locations":[{"start":{"line":2,"column":2},"end":{"line":10,"column":3}},{"start":{},"end":{}}],"line":2},"1":{"loc":{"start":{"line":2,"column":6},"end":{"line":2,"column":52}},"type":"binary-expr","locations":[{"start":{"line":2,"column":6},"end":{"line":2,"column":17}},{"start":{"line":2,"column":21},"end":{"line":2,"column":52}}],"line":2}},"s":{"0":0,"1":0,"2":0,"3":0,"4":0,"5":0,"6":0,"7":0},"f":{"0":0,"1":0},"b":{"0":[0,0],"1":[0,0]}}
,"D:\\TELEPARK\\telepark\\telepark-frontend\\src\\store.js": {"path":"D:\\TELEPARK\\telepark\\telepark-frontend\\src\\store.js","statementMap":{"0":{"start":{"line":4,"column":14},"end":{"line":8,"column":2}}},"fnMap":{},"branchMap":{},"s":{"0":0},"f":{},"b":{}}
,"D:\\TELEPARK\\telepark\\telepark-frontend\\src\\actions\\global.js": {"path":"D:\\TELEPARK\\telepark\\telepark-frontend\\src\\actions\\global.js","statementMap":{"0":{"start":{"line":3,"column":25},"end":{"line":9,"column":1}},"1":{"start":{"line":3,"column":41},"end":{"line":9,"column":1}},"2":{"start":{"line":4,"column":2},"end":{"line":8,"column":3}},"3":{"start":{"line":5,"column":4},"end":{"line":5,"column":64}},"4":{"start":{"line":7,"column":4},"end":{"line":7,"column":21}}},"fnMap":{"0":{"name":"(anonymous_0)","decl":{"start":{"line":3,"column":25},"end":{"line":3,"column":26}},"loc":{"start":{"line":3,"column":41},"end":{"line":9,"column":1}},"line":3},"1":{"name":"(anonymous_1)","decl":{"start":{"line":3,"column":41},"end":{"line":3,"column":42}},"loc":{"start":{"line":3,"column":55},"end":{"line":9,"column":1}},"line":3}},"branchMap":{},"s":{"0":0,"1":0,"2":0,"3":0,"4":0},"f":{"0":0,"1":0},"b":{}}
,"D:\\TELEPARK\\telepark\\telepark-frontend\\src\\actions\\types.js": {"path":"D:\\TELEPARK\\telepark\\telepark-frontend\\src\\actions\\types.js","statementMap":{"0":{"start":{"line":2,"column":23},"end":{"line":2,"column":32}}},"fnMap":{},"branchMap":{},"s":{"0":0},"f":{},"b":{}}
,"D:\\TELEPARK\\telepark\\telepark-frontend\\src\\components\\actividad.component.js": {"path":"D:\\TELEPARK\\telepark\\telepark-frontend\\src\\components\\actividad.component.js","statementMap":{"0":{"start":{"line":10,"column":18},"end":{"line":188,"column":1}},"1":{"start":{"line":11,"column":40},"end":{"line":11,"column":52}},"2":{"start":{"line":12,"column":34},"end":{"line":12,"column":46}},"3":{"start":{"line":13,"column":30},"end":{"line":13,"column":44}},"4":{"start":{"line":15,"column":24},"end":{"line":15,"column":33}},"5":{"start":{"line":17,"column":2},"end":{"line":20,"column":9}},"6":{"start":{"line":18,"column":4},"end":{"line":18,"column":21}},"7":{"start":{"line":19,"column":4},"end":{"line":19,"column":18}},"8":{"start":{"line":23,"column":25},"end":{"line":28,"column":3}},"9":{"start":{"line":24,"column":17},"end":{"line":24,"column":51}},"10":{"start":{"line":25,"column":4},"end":{"line":27,"column":5}},"11":{"start":{"line":26,"column":6},"end":{"line":26,"column":40}},"12":{"start":{"line":31,"column":22},"end":{"line":36,"column":3}},"13":{"start":{"line":32,"column":17},"end":{"line":32,"column":54}},"14":{"start":{"line":33,"column":4},"end":{"line":35,"column":5}},"15":{"start":{"line":34,"column":6},"end":{"line":34,"column":37}},"16":{"start":{"line":39,"column":17},"end":{"line":42,"column":3}},"17":{"start":{"line":40,"column":4},"end":{"line":40,"column":37}},"18":{"start":{"line":41,"column":4},"end":{"line":41,"column":84}},"19":{"start":{"line":45,"column":19},"end":{"line":48,"column":3}},"20":{"start":{"line":46,"column":4},"end":{"line":46,"column":20}},"21":{"start":{"line":47,"column":4},"end":{"line":47,"column":54}},"22":{"start":{"line":51,"column":19},"end":{"line":75,"column":3}},"23":{"start":{"line":52,"column":4},"end":{"line":64,"column":5}},"24":{"start":{"line":53,"column":19},"end":{"line":56,"column":8}},"25":{"start":{"line":57,"column":6},"end":{"line":62,"column":7}},"26":{"start":{"line":58,"column":8},"end":{"line":58,"column":57}},"27":{"start":{"line":59,"column":8},"end":{"line":59,"column":25}},"28":{"start":{"line":60,"column":8},"end":{"line":60,"column":24}},"29":{"start":{"line":61,"column":8},"end":{"line":61,"column":30}},"30":{"start":{"line":63,"column":6},"end":{"line":63,"column":13}},"31":{"start":{"line":66,"column":17},"end":{"line":69,"column":6}},"32":{"start":{"line":70,"column":4},"end":{"line":74,"column":5}},"33":{"start":{"line":71,"column":6},"end":{"line":71,"column":55}},"34":{"start":{"line":72,"column":6},"end":{"line":72,"column":23}},"35":{"start":{"line":73,"column":6},"end":{"line":73,"column":28}},"36":{"start":{"line":78,"column":19},"end":{"line":86,"column":3}},"37":{"start":{"line":79,"column":15},"end":{"line":79,"column":97}},"38":{"start":{"line":80,"column":4},"end":{"line":80,"column":20}},"39":{"start":{"line":80,"column":13},"end":{"line":80,"column":20}},"40":{"start":{"line":81,"column":17},"end":{"line":81,"column":72}},"41":{"start":{"line":82,"column":4},"end":{"line":85,"column":5}},"42":{"start":{"line":83,"column":6},"end":{"line":83,"column":50}},"43":{"start":{"line":84,"column":6},"end":{"line":84,"column":23}},"44":{"start":{"line":88,"column":2},"end":{"line":187,"column":4}},"45":{"start":{"line":110,"column":16},"end":{"line":112,"column":25}},"46":{"start":{"line":121,"column":33},"end":{"line":121,"column":71}},"47":{"start":{"line":125,"column":85},"end":{"line":125,"column":95}},"48":{"start":{"line":133,"column":31},"end":{"line":133,"column":69}},"49":{"start":{"line":160,"column":20},"end":{"line":179,"column":25}},"50":{"start":{"line":167,"column":41},"end":{"line":167,"column":58}},"51":{"start":{"line":174,"column":41},"end":{"line":174,"column":60}}},"fnMap":{"0":{"name":"(anonymous_0)","decl":{"start":{"line":10,"column":18},"end":{"line":10,"column":19}},"loc":{"start":{"line":10,"column":24},"end":{"line":188,"column":1}},"line":10},"1":{"name":"(anonymous_1)","decl":{"start":{"line":17,"column":12},"end":{"line":17,"column":13}},"loc":{"start":{"line":17,"column":18},"end":{"line":20,"column":3}},"line":17},"2":{"name":"(anonymous_2)","decl":{"start":{"line":23,"column":25},"end":{"line":23,"column":26}},"loc":{"start":{"line":23,"column":37},"end":{"line":28,"column":3}},"line":23},"3":{"name":"(anonymous_3)","decl":{"start":{"line":31,"column":22},"end":{"line":31,"column":23}},"loc":{"start":{"line":31,"column":34},"end":{"line":36,"column":3}},"line":31},"4":{"name":"(anonymous_4)","decl":{"start":{"line":39,"column":17},"end":{"line":39,"column":18}},"loc":{"start":{"line":39,"column":32},"end":{"line":42,"column":3}},"line":39},"5":{"name":"(anonymous_5)","decl":{"start":{"line":45,"column":19},"end":{"line":45,"column":20}},"loc":{"start":{"line":45,"column":25},"end":{"line":48,"column":3}},"line":45},"6":{"name":"(anonymous_6)","decl":{"start":{"line":51,"column":19},"end":{"line":51,"column":20}},"loc":{"start":{"line":51,"column":35},"end":{"line":75,"column":3}},"line":51},"7":{"name":"(anonymous_7)","decl":{"start":{"line":78,"column":19},"end":{"line":78,"column":20}},"loc":{"start":{"line":78,"column":40},"end":{"line":86,"column":3}},"line":78},"8":{"name":"(anonymous_8)","decl":{"start":{"line":109,"column":28},"end":{"line":109,"column":29}},"loc":{"start":{"line":110,"column":16},"end":{"line":112,"column":25}},"line":110},"9":{"name":"(anonymous_9)","decl":{"start":{"line":121,"column":27},"end":{"line":121,"column":28}},"loc":{"start":{"line":121,"column":33},"end":{"line":121,"column":71}},"line":121},"10":{"name":"(anonymous_10)","decl":{"start":{"line":125,"column":79},"end":{"line":125,"column":80}},"loc":{"start":{"line":125,"column":85},"end":{"line":125,"column":95}},"line":125},"11":{"name":"(anonymous_11)","decl":{"start":{"line":133,"column":25},"end":{"line":133,"column":26}},"loc":{"start":{"line":133,"column":31},"end":{"line":133,"column":69}},"line":133},"12":{"name":"(anonymous_12)","decl":{"start":{"line":159,"column":34},"end":{"line":159,"column":35}},"loc":{"start":{"line":160,"column":20},"end":{"line":179,"column":25}},"line":160},"13":{"name":"(anonymous_13)","decl":{"start":{"line":167,"column":35},"end":{"line":167,"column":36}},"loc":{"start":{"line":167,"column":41},"end":{"line":167,"column":58}},"line":167},"14":{"name":"(anonymous_14)","decl":{"start":{"line":174,"column":35},"end":{"line":174,"column":36}},"loc":{"start":{"line":174,"column":41},"end":{"line":174,"column":60}},"line":174}},"branchMap":{"0":{"loc":{"start":{"line":25,"column":4},"end":{"line":27,"column":5}},"type":"if","locations":[{"start":{"line":25,"column":4},"end":{"line":27,"column":5}},{"start":{},"end":{}}],"line":25},"1":{"loc":{"start":{"line":33,"column":4},"end":{"line":35,"column":5}},"type":"if","locations":[{"start":{"line":33,"column":4},"end":{"line":35,"column":5}},{"start":{},"end":{}}],"line":33},"2":{"loc":{"start":{"line":52,"column":4},"end":{"line":64,"column":5}},"type":"if","locations":[{"start":{"line":52,"column":4},"end":{"line":64,"column":5}},{"start":{},"end":{}}],"line":52},"3":{"loc":{"start":{"line":57,"column":6},"end":{"line":62,"column":7}},"type":"if","locations":[{"start":{"line":57,"column":6},"end":{"line":62,"column":7}},{"start":{},"end":{}}],"line":57},"4":{"loc":{"start":{"line":70,"column":4},"end":{"line":74,"column":5}},"type":"if","locations":[{"start":{"line":70,"column":4},"end":{"line":74,"column":5}},{"start":{},"end":{}}],"line":70},"5":{"loc":{"start":{"line":80,"column":4},"end":{"line":80,"column":20}},"type":"if","locations":[{"start":{"line":80,"column":4},"end":{"line":80,"column":20}},{"start":{},"end":{}}],"line":80},"6":{"loc":{"start":{"line":82,"column":4},"end":{"line":85,"column":5}},"type":"if","locations":[{"start":{"line":82,"column":4},"end":{"line":85,"column":5}},{"start":{},"end":{}}],"line":82},"7":{"loc":{"start":{"line":116,"column":13},"end":{"line":137,"column":13}},"type":"cond-expr","locations":[{"start":{"line":117,"column":14},"end":{"line":128,"column":21}},{"start":{"line":130,"column":14},"end":{"line":136,"column":23}}],"line":116},"8":{"loc":{"start":{"line":139,"column":11},"end":{"line":141,"column":11}},"type":"binary-expr","locations":[{"start":{"line":139,"column":11},"end":{"line":139,"column":48}},{"start":{"line":140,"column":12},"end":{"line":140,"column":98}}],"line":139},"9":{"loc":{"start":{"line":142,"column":11},"end":{"line":144,"column":11}},"type":"binary-expr","locations":[{"start":{"line":142,"column":11},"end":{"line":142,"column":50}},{"start":{"line":143,"column":12},"end":{"line":143,"column":100}}],"line":142},"10":{"loc":{"start":{"line":158,"column":17},"end":{"line":180,"column":20}},"type":"binary-expr","locations":[{"start":{"line":158,"column":17},"end":{"line":158,"column":28}},{"start":{"line":159,"column":18},"end":{"line":180,"column":20}}],"line":158}},"s":{"0":0,"1":0,"2":0,"3":0,"4":0,"5":0,"6":0,"7":0,"8":0,"9":0,"10":0,"11":0,"12":0,"13":0,"14":0,"15":0,"16":0,"17":0,"18":0,"19":0,"20":0,"21":0,"22":0,"23":0,"24":0,"25":0,"26":0,"27":0,"28":0,"29":0,"30":0,"31":0,"32":0,"33":0,"34":0,"35":0,"36":0,"37":0,"38":0,"39":0,"40":0,"41":0,"42":0,"43":0,"44":0,"45":0,"46":0,"47":0,"48":0,"49":0,"50":0,"51":0},"f":{"0":0,"1":0,"2":0,"3":0,"4":0,"5":0,"6":0,"7":0,"8":0,"9":0,"10":0,"11":0,"12":0,"13":0,"14":0},"b":{"0":[0,0],"1":[0,0],"2":[0,0],"3":[0,0],"4":[0,0],"5":[0,0],"6":[0,0],"7":[0,0],"8":[0,0],"9":[0,0],"10":[0,0]}}
,"D:\\TELEPARK\\telepark\\telepark-frontend\\src\\components\\add-paciente.component.js": {"path":"D:\\TELEPARK\\telepark\\telepark-frontend\\src\\components\\add-paciente.component.js","statementMap":{"0":{"start":{"line":10,"column":20},"end":{"line":222,"column":1}},"1":{"start":{"line":11,"column":38},"end":{"line":11,"column":50}},"2":{"start":{"line":18,"column":6},"end":{"line":18,"column":15}},"3":{"start":{"line":20,"column":2},"end":{"line":22,"column":9}},"4":{"start":{"line":21,"column":4},"end":{"line":21,"column":20}},"5":{"start":{"line":25,"column":24},"end":{"line":30,"column":3}},"6":{"start":{"line":26,"column":21},"end":{"line":26,"column":78}},"7":{"start":{"line":26,"column":68},"end":{"line":26,"column":77}},"8":{"start":{"line":27,"column":4},"end":{"line":29,"column":5}},"9":{"start":{"line":28,"column":6},"end":{"line":28,"column":35}},"10":{"start":{"line":32,"column":27},"end":{"line":38,"column":3}},"11":{"start":{"line":33,"column":21},"end":{"line":33,"column":98}},"12":{"start":{"line":33,"column":80},"end":{"line":33,"column":97}},"13":{"start":{"line":34,"column":4},"end":{"line":37,"column":5}},"14":{"start":{"line":35,"column":6},"end":{"line":35,"column":19}},"15":{"start":{"line":36,"column":6},"end":{"line":36,"column":14}},"16":{"start":{"line":40,"column":23},"end":{"line":43,"column":3}},"17":{"start":{"line":41,"column":4},"end":{"line":41,"column":22}},"18":{"start":{"line":42,"column":4},"end":{"line":42,"column":27}},"19":{"start":{"line":45,"column":2},"end":{"line":45,"column":33}},"20":{"start":{"line":47,"column":2},"end":{"line":221,"column":4}}},"fnMap":{"0":{"name":"(anonymous_0)","decl":{"start":{"line":10,"column":20},"end":{"line":10,"column":21}},"loc":{"start":{"line":10,"column":26},"end":{"line":222,"column":1}},"line":10},"1":{"name":"(anonymous_1)","decl":{"start":{"line":20,"column":12},"end":{"line":20,"column":13}},"loc":{"start":{"line":20,"column":18},"end":{"line":22,"column":3}},"line":20},"2":{"name":"(anonymous_2)","decl":{"start":{"line":25,"column":24},"end":{"line":25,"column":25}},"loc":{"start":{"line":25,"column":36},"end":{"line":30,"column":3}},"line":25},"3":{"name":"(anonymous_3)","decl":{"start":{"line":26,"column":62},"end":{"line":26,"column":63}},"loc":{"start":{"line":26,"column":68},"end":{"line":26,"column":77}},"line":26},"4":{"name":"(anonymous_4)","decl":{"start":{"line":32,"column":27},"end":{"line":32,"column":28}},"loc":{"start":{"line":32,"column":43},"end":{"line":38,"column":3}},"line":32},"5":{"name":"(anonymous_5)","decl":{"start":{"line":33,"column":74},"end":{"line":33,"column":75}},"loc":{"start":{"line":33,"column":80},"end":{"line":33,"column":97}},"line":33},"6":{"name":"(anonymous_6)","decl":{"start":{"line":40,"column":23},"end":{"line":40,"column":24}},"loc":{"start":{"line":40,"column":33},"end":{"line":43,"column":3}},"line":40}},"branchMap":{"0":{"loc":{"start":{"line":27,"column":4},"end":{"line":29,"column":5}},"type":"if","locations":[{"start":{"line":27,"column":4},"end":{"line":29,"column":5}},{"start":{},"end":{}}],"line":27},"1":{"loc":{"start":{"line":34,"column":4},"end":{"line":37,"column":5}},"type":"if","locations":[{"start":{"line":34,"column":4},"end":{"line":37,"column":5}},{"start":{},"end":{}}],"line":34},"2":{"loc":{"start":{"line":128,"column":11},"end":{"line":130,"column":11}},"type":"binary-expr","locations":[{"start":{"line":128,"column":11},"end":{"line":128,"column":34}},{"start":{"line":129,"column":12},"end":{"line":129,"column":84}}],"line":128},"3":{"loc":{"start":{"line":148,"column":11},"end":{"line":150,"column":11}},"type":"binary-expr","locations":[{"start":{"line":148,"column":11},"end":{"line":148,"column":36}},{"start":{"line":149,"column":12},"end":{"line":149,"column":86}}],"line":148},"4":{"loc":{"start":{"line":169,"column":11},"end":{"line":171,"column":11}},"type":"binary-expr","locations":[{"start":{"line":169,"column":11},"end":{"line":169,"column":33}},{"start":{"line":170,"column":12},"end":{"line":170,"column":83}}],"line":169},"5":{"loc":{"start":{"line":190,"column":11},"end":{"line":192,"column":11}},"type":"binary-expr","locations":[{"start":{"line":190,"column":11},"end":{"line":190,"column":33}},{"start":{"line":191,"column":12},"end":{"line":191,"column":83}}],"line":190}},"s":{"0":2,"1":16,"2":15,"3":15,"4":5,"5":15,"6":5,"7":0,"8":3,"9":3,"10":15,"11":0,"12":0,"13":0,"14":0,"15":0,"16":15,"17":0,"18":0,"19":15,"20":15},"f":{"0":16,"1":5,"2":5,"3":0,"4":0,"5":0,"6":0},"b":{"0":[3,0],"1":[0,0],"2":[15,1],"3":[15,1],"4":[15,1],"5":[15,1]},"_coverageSchema":"1a1c01bbd47fc00a2c39e90264f33305004495a9","hash":"5f9d61346f4e0dfe0b388511fd2966346a8909d3"}
,"D:\\TELEPARK\\telepark\\telepark-frontend\\src\\components\\admin-users.component.js": {"path":"D:\\TELEPARK\\telepark\\telepark-frontend\\src\\components\\admin-users.component.js","statementMap":{"0":{"start":{"line":10,"column":22},"end":{"line":634,"column":1}},"1":{"start":{"line":11,"column":36},"end":{"line":11,"column":51}},"2":{"start":{"line":12,"column":26},"end":{"line":12,"column":41}},"3":{"start":{"line":13,"column":28},"end":{"line":15,"column":4}},"4":{"start":{"line":16,"column":28},"end":{"line":16,"column":40}},"5":{"start":{"line":17,"column":34},"end":{"line":17,"column":44}},"6":{"start":{"line":18,"column":36},"end":{"line":18,"column":50}},"7":{"start":{"line":20,"column":2},"end":{"line":22,"column":9}},"8":{"start":{"line":21,"column":4},"end":{"line":21,"column":15}},"9":{"start":{"line":25,"column":25},"end":{"line":28,"column":3}},"10":{"start":{"line":27,"column":4},"end":{"line":27,"column":52}},"11":{"start":{"line":31,"column":28},"end":{"line":105,"column":3}},"12":{"start":{"line":32,"column":16},"end":{"line":32,"column":18}},"13":{"start":{"line":33,"column":27},"end":{"line":33,"column":31}},"14":{"start":{"line":35,"column":4},"end":{"line":99,"column":5}},"15":{"start":{"line":36,"column":6},"end":{"line":39,"column":7}},"16":{"start":{"line":37,"column":8},"end":{"line":37,"column":33}},"17":{"start":{"line":38,"column":8},"end":{"line":38,"column":71}},"18":{"start":{"line":41,"column":6},"end":{"line":44,"column":7}},"19":{"start":{"line":42,"column":8},"end":{"line":42,"column":33}},"20":{"start":{"line":43,"column":8},"end":{"line":43,"column":61}},"21":{"start":{"line":46,"column":6},"end":{"line":49,"column":7}},"22":{"start":{"line":47,"column":8},"end":{"line":47,"column":33}},"23":{"start":{"line":48,"column":8},"end":{"line":48,"column":62}},"24":{"start":{"line":51,"column":6},"end":{"line":57,"column":7}},"25":{"start":{"line":52,"column":8},"end":{"line":52,"column":33}},"26":{"start":{"line":53,"column":8},"end":{"line":53,"column":64}},"27":{"start":{"line":54,"column":13},"end":{"line":57,"column":7}},"28":{"start":{"line":55,"column":8},"end":{"line":55,"column":33}},"29":{"start":{"line":56,"column":8},"end":{"line":56,"column":78}},"30":{"start":{"line":59,"column":6},"end":{"line":62,"column":7}},"31":{"start":{"line":60,"column":8},"end":{"line":60,"column":33}},"32":{"start":{"line":61,"column":8},"end":{"line":61,"column":65}},"33":{"start":{"line":64,"column":6},"end":{"line":67,"column":7}},"34":{"start":{"line":65,"column":8},"end":{"line":65,"column":33}},"35":{"start":{"line":66,"column":8},"end":{"line":66,"column":60}},"36":{"start":{"line":69,"column":6},"end":{"line":75,"column":7}},"37":{"start":{"line":70,"column":8},"end":{"line":70,"column":33}},"38":{"start":{"line":71,"column":8},"end":{"line":71,"column":56}},"39":{"start":{"line":72,"column":13},"end":{"line":75,"column":7}},"40":{"start":{"line":73,"column":8},"end":{"line":73,"column":33}},"41":{"start":{"line":74,"column":8},"end":{"line":74,"column":63}},"42":{"start":{"line":77,"column":6},"end":{"line":80,"column":7}},"43":{"start":{"line":78,"column":8},"end":{"line":78,"column":33}},"44":{"start":{"line":79,"column":8},"end":{"line":79,"column":61}},"45":{"start":{"line":82,"column":6},"end":{"line":85,"column":7}},"46":{"start":{"line":83,"column":8},"end":{"line":83,"column":33}},"47":{"start":{"line":84,"column":8},"end":{"line":84,"column":62}},"48":{"start":{"line":87,"column":6},"end":{"line":93,"column":7}},"49":{"start":{"line":88,"column":8},"end":{"line":88,"column":33}},"50":{"start":{"line":89,"column":8},"end":{"line":89,"column":56}},"51":{"start":{"line":90,"column":13},"end":{"line":93,"column":7}},"52":{"start":{"line":91,"column":8},"end":{"line":91,"column":33}},"53":{"start":{"line":92,"column":8},"end":{"line":92,"column":63}},"54":{"start":{"line":95,"column":6},"end":{"line":98,"column":7}},"55":{"start":{"line":96,"column":8},"end":{"line":96,"column":33}},"56":{"start":{"line":97,"column":8},"end":{"line":97,"column":78}},"57":{"start":{"line":102,"column":4},"end":{"line":102,"column":20}},"58":{"start":{"line":104,"column":4},"end":{"line":104,"column":28}},"59":{"start":{"line":110,"column":19},"end":{"line":120,"column":3}},"60":{"start":{"line":111,"column":19},"end":{"line":111,"column":50}},"61":{"start":{"line":113,"column":4},"end":{"line":119,"column":5}},"62":{"start":{"line":114,"column":18},"end":{"line":114,"column":44}},"63":{"start":{"line":115,"column":18},"end":{"line":117,"column":8}},"64":{"start":{"line":116,"column":8},"end":{"line":116,"column":39}},"65":{"start":{"line":118,"column":6},"end":{"line":118,"column":25}},"66":{"start":{"line":122,"column":19},"end":{"line":136,"column":3}},"67":{"start":{"line":123,"column":4},"end":{"line":123,"column":24}},"68":{"start":{"line":124,"column":4},"end":{"line":124,"column":18}},"69":{"start":{"line":125,"column":4},"end":{"line":125,"column":26}},"70":{"start":{"line":126,"column":4},"end":{"line":134,"column":7}},"71":{"start":{"line":135,"column":4},"end":{"line":135,"column":17}},"72":{"start":{"line":138,"column":18},"end":{"line":176,"column":3}},"73":{"start":{"line":139,"column":4},"end":{"line":142,"column":5}},"74":{"start":{"line":140,"column":6},"end":{"line":140,"column":26}},"75":{"start":{"line":141,"column":6},"end":{"line":141,"column":13}},"76":{"start":{"line":144,"column":15},"end":{"line":144,"column":17}},"77":{"start":{"line":145,"column":4},"end":{"line":175,"column":5}},"78":{"start":{"line":146,"column":6},"end":{"line":146,"column":17}},"79":{"start":{"line":147,"column":6},"end":{"line":164,"column":7}},"80":{"start":{"line":148,"column":8},"end":{"line":154,"column":10}},"81":{"start":{"line":156,"column":8},"end":{"line":163,"column":10}},"82":{"start":{"line":166,"column":6},"end":{"line":174,"column":15}},"83":{"start":{"line":167,"column":8},"end":{"line":173,"column":11}},"84":{"start":{"line":168,"column":10},"end":{"line":172,"column":11}},"85":{"start":{"line":169,"column":12},"end":{"line":169,"column":32}},"86":{"start":{"line":170,"column":12},"end":{"line":170,"column":20}},"87":{"start":{"line":171,"column":12},"end":{"line":171,"column":23}},"88":{"start":{"line":178,"column":23},"end":{"line":200,"column":3}},"89":{"start":{"line":179,"column":15},"end":{"line":179,"column":17}},"90":{"start":{"line":180,"column":4},"end":{"line":199,"column":5}},"91":{"start":{"line":181,"column":6},"end":{"line":181,"column":17}},"92":{"start":{"line":182,"column":6},"end":{"line":188,"column":8}},"93":{"start":{"line":190,"column":6},"end":{"line":198,"column":15}},"94":{"start":{"line":191,"column":8},"end":{"line":197,"column":11}},"95":{"start":{"line":192,"column":10},"end":{"line":196,"column":11}},"96":{"start":{"line":193,"column":12},"end":{"line":193,"column":32}},"97":{"start":{"line":194,"column":12},"end":{"line":194,"column":20}},"98":{"start":{"line":195,"column":12},"end":{"line":195,"column":23}},"99":{"start":{"line":202,"column":16},"end":{"line":216,"column":3}},"100":{"start":{"line":203,"column":4},"end":{"line":203,"column":24}},"101":{"start":{"line":204,"column":4},"end":{"line":204,"column":19}},"102":{"start":{"line":205,"column":4},"end":{"line":205,"column":23}},"103":{"start":{"line":206,"column":4},"end":{"line":215,"column":7}},"104":{"start":{"line":218,"column":18},"end":{"line":232,"column":3}},"105":{"start":{"line":219,"column":4},"end":{"line":219,"column":23}},"106":{"start":{"line":220,"column":4},"end":{"line":220,"column":19}},"107":{"start":{"line":221,"column":4},"end":{"line":221,"column":17}},"108":{"start":{"line":222,"column":4},"end":{"line":231,"column":7}},"109":{"start":{"line":235,"column":28},"end":{"line":252,"column":3}},"110":{"start":{"line":236,"column":18},"end":{"line":246,"column":6}},"111":{"start":{"line":243,"column":8},"end":{"line":243,"column":61}},"112":{"start":{"line":244,"column":8},"end":{"line":244,"column":63}},"113":{"start":{"line":248,"column":4},"end":{"line":251,"column":7}},"114":{"start":{"line":255,"column":28},"end":{"line":272,"column":3}},"115":{"start":{"line":256,"column":18},"end":{"line":266,"column":6}},"116":{"start":{"line":263,"column":8},"end":{"line":263,"column":61}},"117":{"start":{"line":264,"column":8},"end":{"line":264,"column":63}},"118":{"start":{"line":268,"column":4},"end":{"line":271,"column":7}},"119":{"start":{"line":275,"column":19},"end":{"line":286,"column":3}},"120":{"start":{"line":276,"column":4},"end":{"line":285,"column":7}},"121":{"start":{"line":280,"column":8},"end":{"line":280,"column":27}},"122":{"start":{"line":290,"column":17},"end":{"line":290,"column":25}},"123":{"start":{"line":291,"column":2},"end":{"line":633,"column":4}},"124":{"start":{"line":309,"column":31},"end":{"line":309,"column":60}},"125":{"start":{"line":314,"column":75},"end":{"line":314,"column":83}},"126":{"start":{"line":322,"column":87},"end":{"line":322,"column":96}},"127":{"start":{"line":343,"column":33},"end":{"line":343,"column":62}},"128":{"start":{"line":357,"column":33},"end":{"line":357,"column":63}},"129":{"start":{"line":371,"column":33},"end":{"line":371,"column":62}},"130":{"start":{"line":385,"column":33},"end":{"line":385,"column":59}},"131":{"start":{"line":399,"column":33},"end":{"line":399,"column":62}},"132":{"start":{"line":412,"column":33},"end":{"line":412,"column":58}},"133":{"start":{"line":429,"column":33},"end":{"line":429,"column":62}},"134":{"start":{"line":443,"column":31},"end":{"line":443,"column":45}},"135":{"start":{"line":450,"column":31},"end":{"line":450,"column":38}},"136":{"start":{"line":475,"column":33},"end":{"line":475,"column":62}},"137":{"start":{"line":488,"column":33},"end":{"line":488,"column":63}},"138":{"start":{"line":502,"column":33},"end":{"line":502,"column":62}},"139":{"start":{"line":516,"column":33},"end":{"line":516,"column":59}},"140":{"start":{"line":528,"column":33},"end":{"line":528,"column":62}},"141":{"start":{"line":540,"column":33},"end":{"line":540,"column":58}},"142":{"start":{"line":555,"column":33},"end":{"line":555,"column":62}},"143":{"start":{"line":566,"column":31},"end":{"line":566,"column":40}},"144":{"start":{"line":573,"column":31},"end":{"line":573,"column":38}},"145":{"start":{"line":604,"column":24},"end":{"line":607,"column":75}},"146":{"start":{"line":610,"column":22},"end":{"line":625,"column":27}},"147":{"start":{"line":620,"column":43},"end":{"line":620,"column":60}}},"fnMap":{"0":{"name":"(anonymous_0)","decl":{"start":{"line":10,"column":22},"end":{"line":10,"column":23}},"loc":{"start":{"line":10,"column":28},"end":{"line":634,"column":1}},"line":10},"1":{"name":"(anonymous_1)","decl":{"start":{"line":20,"column":12},"end":{"line":20,"column":13}},"loc":{"start":{"line":20,"column":18},"end":{"line":22,"column":3}},"line":20},"2":{"name":"(anonymous_2)","decl":{"start":{"line":25,"column":25},"end":{"line":25,"column":26}},"loc":{"start":{"line":25,"column":39},"end":{"line":28,"column":3}},"line":25},"3":{"name":"(anonymous_3)","decl":{"start":{"line":31,"column":28},"end":{"line":31,"column":29}},"loc":{"start":{"line":31,"column":34},"end":{"line":105,"column":3}},"line":31},"4":{"name":"(anonymous_4)","decl":{"start":{"line":110,"column":19},"end":{"line":110,"column":20}},"loc":{"start":{"line":110,"column":31},"end":{"line":120,"column":3}},"line":110},"5":{"name":"(anonymous_5)","decl":{"start":{"line":115,"column":66},"end":{"line":115,"column":67}},"loc":{"start":{"line":115,"column":76},"end":{"line":117,"column":7}},"line":115},"6":{"name":"(anonymous_6)","decl":{"start":{"line":122,"column":19},"end":{"line":122,"column":20}},"loc":{"start":{"line":122,"column":29},"end":{"line":136,"column":3}},"line":122},"7":{"name":"(anonymous_7)","decl":{"start":{"line":138,"column":18},"end":{"line":138,"column":19}},"loc":{"start":{"line":138,"column":24},"end":{"line":176,"column":3}},"line":138},"8":{"name":"(anonymous_8)","decl":{"start":{"line":166,"column":17},"end":{"line":166,"column":18}},"loc":{"start":{"line":166,"column":23},"end":{"line":174,"column":7}},"line":166},"9":{"name":"(anonymous_9)","decl":{"start":{"line":167,"column":56},"end":{"line":167,"column":57}},"loc":{"start":{"line":167,"column":70},"end":{"line":173,"column":9}},"line":167},"10":{"name":"(anonymous_10)","decl":{"start":{"line":178,"column":23},"end":{"line":178,"column":24}},"loc":{"start":{"line":178,"column":29},"end":{"line":200,"column":3}},"line":178},"11":{"name":"(anonymous_11)","decl":{"start":{"line":190,"column":17},"end":{"line":190,"column":18}},"loc":{"start":{"line":190,"column":23},"end":{"line":198,"column":7}},"line":190},"12":{"name":"(anonymous_12)","decl":{"start":{"line":191,"column":45},"end":{"line":191,"column":46}},"loc":{"start":{"line":191,"column":59},"end":{"line":197,"column":9}},"line":191},"13":{"name":"(anonymous_13)","decl":{"start":{"line":202,"column":16},"end":{"line":202,"column":17}},"loc":{"start":{"line":202,"column":22},"end":{"line":216,"column":3}},"line":202},"14":{"name":"(anonymous_14)","decl":{"start":{"line":218,"column":18},"end":{"line":218,"column":19}},"loc":{"start":{"line":218,"column":24},"end":{"line":232,"column":3}},"line":218},"15":{"name":"(anonymous_15)","decl":{"start":{"line":235,"column":28},"end":{"line":235,"column":29}},"loc":{"start":{"line":235,"column":34},"end":{"line":252,"column":3}},"line":235},"16":{"name":"(anonymous_16)","decl":{"start":{"line":242,"column":15},"end":{"line":242,"column":16}},"loc":{"start":{"line":242,"column":26},"end":{"line":245,"column":7}},"line":242},"17":{"name":"(anonymous_17)","decl":{"start":{"line":255,"column":28},"end":{"line":255,"column":29}},"loc":{"start":{"line":255,"column":34},"end":{"line":272,"column":3}},"line":255},"18":{"name":"(anonymous_18)","decl":{"start":{"line":262,"column":15},"end":{"line":262,"column":16}},"loc":{"start":{"line":262,"column":26},"end":{"line":265,"column":7}},"line":262},"19":{"name":"(anonymous_19)","decl":{"start":{"line":275,"column":19},"end":{"line":275,"column":20}},"loc":{"start":{"line":275,"column":25},"end":{"line":286,"column":3}},"line":275},"20":{"name":"(anonymous_20)","decl":{"start":{"line":279,"column":15},"end":{"line":279,"column":16}},"loc":{"start":{"line":279,"column":21},"end":{"line":281,"column":7}},"line":279},"21":{"name":"(anonymous_21)","decl":{"start":{"line":282,"column":17},"end":{"line":282,"column":18}},"loc":{"start":{"line":282,"column":23},"end":{"line":284,"column":7}},"line":282},"22":{"name":"(anonymous_22)","decl":{"start":{"line":290,"column":17},"end":{"line":290,"column":18}},"loc":{"start":{"line":290,"column":23},"end":{"line":290,"column":25}},"line":290},"23":{"name":"(anonymous_23)","decl":{"start":{"line":309,"column":24},"end":{"line":309,"column":25}},"loc":{"start":{"line":309,"column":31},"end":{"line":309,"column":60}},"line":309},"24":{"name":"(anonymous_24)","decl":{"start":{"line":314,"column":69},"end":{"line":314,"column":70}},"loc":{"start":{"line":314,"column":75},"end":{"line":314,"column":83}},"line":314},"25":{"name":"(anonymous_25)","decl":{"start":{"line":322,"column":81},"end":{"line":322,"column":82}},"loc":{"start":{"line":322,"column":87},"end":{"line":322,"column":96}},"line":322},"26":{"name":"(anonymous_26)","decl":{"start":{"line":343,"column":26},"end":{"line":343,"column":27}},"loc":{"start":{"line":343,"column":33},"end":{"line":343,"column":62}},"line":343},"27":{"name":"(anonymous_27)","decl":{"start":{"line":357,"column":26},"end":{"line":357,"column":27}},"loc":{"start":{"line":357,"column":33},"end":{"line":357,"column":63}},"line":357},"28":{"name":"(anonymous_28)","decl":{"start":{"line":371,"column":26},"end":{"line":371,"column":27}},"loc":{"start":{"line":371,"column":33},"end":{"line":371,"column":62}},"line":371},"29":{"name":"(anonymous_29)","decl":{"start":{"line":385,"column":26},"end":{"line":385,"column":27}},"loc":{"start":{"line":385,"column":33},"end":{"line":385,"column":59}},"line":385},"30":{"name":"(anonymous_30)","decl":{"start":{"line":399,"column":26},"end":{"line":399,"column":27}},"loc":{"start":{"line":399,"column":33},"end":{"line":399,"column":62}},"line":399},"31":{"name":"(anonymous_31)","decl":{"start":{"line":412,"column":26},"end":{"line":412,"column":27}},"loc":{"start":{"line":412,"column":33},"end":{"line":412,"column":58}},"line":412},"32":{"name":"(anonymous_32)","decl":{"start":{"line":429,"column":26},"end":{"line":429,"column":27}},"loc":{"start":{"line":429,"column":33},"end":{"line":429,"column":62}},"line":429},"33":{"name":"(anonymous_33)","decl":{"start":{"line":443,"column":25},"end":{"line":443,"column":26}},"loc":{"start":{"line":443,"column":31},"end":{"line":443,"column":45}},"line":443},"34":{"name":"(anonymous_34)","decl":{"start":{"line":450,"column":25},"end":{"line":450,"column":26}},"loc":{"start":{"line":450,"column":31},"end":{"line":450,"column":38}},"line":450},"35":{"name":"(anonymous_35)","decl":{"start":{"line":475,"column":26},"end":{"line":475,"column":27}},"loc":{"start":{"line":475,"column":33},"end":{"line":475,"column":62}},"line":475},"36":{"name":"(anonymous_36)","decl":{"start":{"line":488,"column":26},"end":{"line":488,"column":27}},"loc":{"start":{"line":488,"column":33},"end":{"line":488,"column":63}},"line":488},"37":{"name":"(anonymous_37)","decl":{"start":{"line":502,"column":26},"end":{"line":502,"column":27}},"loc":{"start":{"line":502,"column":33},"end":{"line":502,"column":62}},"line":502},"38":{"name":"(anonymous_38)","decl":{"start":{"line":516,"column":26},"end":{"line":516,"column":27}},"loc":{"start":{"line":516,"column":33},"end":{"line":516,"column":59}},"line":516},"39":{"name":"(anonymous_39)","decl":{"start":{"line":528,"column":26},"end":{"line":528,"column":27}},"loc":{"start":{"line":528,"column":33},"end":{"line":528,"column":62}},"line":528},"40":{"name":"(anonymous_40)","decl":{"start":{"line":540,"column":26},"end":{"line":540,"column":27}},"loc":{"start":{"line":540,"column":33},"end":{"line":540,"column":58}},"line":540},"41":{"name":"(anonymous_41)","decl":{"start":{"line":555,"column":26},"end":{"line":555,"column":27}},"loc":{"start":{"line":555,"column":33},"end":{"line":555,"column":62}},"line":555},"42":{"name":"(anonymous_42)","decl":{"start":{"line":566,"column":25},"end":{"line":566,"column":26}},"loc":{"start":{"line":566,"column":31},"end":{"line":566,"column":40}},"line":566},"43":{"name":"(anonymous_43)","decl":{"start":{"line":573,"column":25},"end":{"line":573,"column":26}},"loc":{"start":{"line":573,"column":31},"end":{"line":573,"column":38}},"line":573},"44":{"name":"(anonymous_44)","decl":{"start":{"line":603,"column":22},"end":{"line":603,"column":23}},"loc":{"start":{"line":604,"column":24},"end":{"line":607,"column":75}},"line":604},"45":{"name":"(anonymous_45)","decl":{"start":{"line":609,"column":25},"end":{"line":609,"column":26}},"loc":{"start":{"line":610,"column":22},"end":{"line":625,"column":27}},"line":610},"46":{"name":"(anonymous_46)","decl":{"start":{"line":620,"column":37},"end":{"line":620,"column":38}},"loc":{"start":{"line":620,"column":43},"end":{"line":620,"column":60}},"line":620}},"branchMap":{"0":{"loc":{"start":{"line":35,"column":4},"end":{"line":99,"column":5}},"type":"if","locations":[{"start":{"line":35,"column":4},"end":{"line":99,"column":5}},{"start":{"line":76,"column":11},"end":{"line":99,"column":5}}],"line":35},"1":{"loc":{"start":{"line":36,"column":6},"end":{"line":39,"column":7}},"type":"if","locations":[{"start":{"line":36,"column":6},"end":{"line":39,"column":7}},{"start":{},"end":{}}],"line":36},"2":{"loc":{"start":{"line":41,"column":6},"end":{"line":44,"column":7}},"type":"if","locations":[{"start":{"line":41,"column":6},"end":{"line":44,"column":7}},{"start":{},"end":{}}],"line":41},"3":{"loc":{"start":{"line":46,"column":6},"end":{"line":49,"column":7}},"type":"if","locations":[{"start":{"line":46,"column":6},"end":{"line":49,"column":7}},{"start":{},"end":{}}],"line":46},"4":{"loc":{"start":{"line":51,"column":6},"end":{"line":57,"column":7}},"type":"if","locations":[{"start":{"line":51,"column":6},"end":{"line":57,"column":7}},{"start":{"line":54,"column":13},"end":{"line":57,"column":7}}],"line":51},"5":{"loc":{"start":{"line":54,"column":13},"end":{"line":57,"column":7}},"type":"if","locations":[{"start":{"line":54,"column":13},"end":{"line":57,"column":7}},{"start":{},"end":{}}],"line":54},"6":{"loc":{"start":{"line":59,"column":6},"end":{"line":62,"column":7}},"type":"if","locations":[{"start":{"line":59,"column":6},"end":{"line":62,"column":7}},{"start":{},"end":{}}],"line":59},"7":{"loc":{"start":{"line":64,"column":6},"end":{"line":67,"column":7}},"type":"if","locations":[{"start":{"line":64,"column":6},"end":{"line":67,"column":7}},{"start":{},"end":{}}],"line":64},"8":{"loc":{"start":{"line":69,"column":6},"end":{"line":75,"column":7}},"type":"if","locations":[{"start":{"line":69,"column":6},"end":{"line":75,"column":7}},{"start":{"line":72,"column":13},"end":{"line":75,"column":7}}],"line":69},"9":{"loc":{"start":{"line":72,"column":13},"end":{"line":75,"column":7}},"type":"if","locations":[{"start":{"line":72,"column":13},"end":{"line":75,"column":7}},{"start":{},"end":{}}],"line":72},"10":{"loc":{"start":{"line":77,"column":6},"end":{"line":80,"column":7}},"type":"if","locations":[{"start":{"line":77,"column":6},"end":{"line":80,"column":7}},{"start":{},"end":{}}],"line":77},"11":{"loc":{"start":{"line":82,"column":6},"end":{"line":85,"column":7}},"type":"if","locations":[{"start":{"line":82,"column":6},"end":{"line":85,"column":7}},{"start":{},"end":{}}],"line":82},"12":{"loc":{"start":{"line":87,"column":6},"end":{"line":93,"column":7}},"type":"if","locations":[{"start":{"line":87,"column":6},"end":{"line":93,"column":7}},{"start":{"line":90,"column":13},"end":{"line":93,"column":7}}],"line":87},"13":{"loc":{"start":{"line":90,"column":13},"end":{"line":93,"column":7}},"type":"if","locations":[{"start":{"line":90,"column":13},"end":{"line":93,"column":7}},{"start":{},"end":{}}],"line":90},"14":{"loc":{"start":{"line":95,"column":6},"end":{"line":98,"column":7}},"type":"if","locations":[{"start":{"line":95,"column":6},"end":{"line":98,"column":7}},{"start":{},"end":{}}],"line":95},"15":{"loc":{"start":{"line":95,"column":10},"end":{"line":95,"column":59}},"type":"binary-expr","locations":[{"start":{"line":95,"column":10},"end":{"line":95,"column":27}},{"start":{"line":95,"column":31},"end":{"line":95,"column":59}}],"line":95},"16":{"loc":{"start":{"line":113,"column":4},"end":{"line":119,"column":5}},"type":"if","locations":[{"start":{"line":113,"column":4},"end":{"line":119,"column":5}},{"start":{},"end":{}}],"line":113},"17":{"loc":{"start":{"line":113,"column":8},"end":{"line":113,"column":33}},"type":"binary-expr","locations":[{"start":{"line":113,"column":8},"end":{"line":113,"column":16}},{"start":{"line":113,"column":20},"end":{"line":113,"column":33}}],"line":113},"18":{"loc":{"start":{"line":115,"column":19},"end":{"line":115,"column":57}},"type":"binary-expr","locations":[{"start":{"line":115,"column":19},"end":{"line":115,"column":40}},{"start":{"line":115,"column":44},"end":{"line":115,"column":57}}],"line":115},"19":{"loc":{"start":{"line":132,"column":12},"end":{"line":132,"column":57}},"type":"cond-expr","locations":[{"start":{"line":132,"column":41},"end":{"line":132,"column":47}},{"start":{"line":132,"column":50},"end":{"line":132,"column":57}}],"line":132},"20":{"loc":{"start":{"line":133,"column":16},"end":{"line":133,"column":58}},"type":"cond-expr","locations":[{"start":{"line":133,"column":42},"end":{"line":133,"column":48}},{"start":{"line":133,"column":51},"end":{"line":133,"column":58}}],"line":133},"21":{"loc":{"start":{"line":139,"column":4},"end":{"line":142,"column":5}},"type":"if","locations":[{"start":{"line":139,"column":4},"end":{"line":142,"column":5}},{"start":{},"end":{}}],"line":139},"22":{"loc":{"start":{"line":145,"column":4},"end":{"line":175,"column":5}},"type":"if","locations":[{"start":{"line":145,"column":4},"end":{"line":175,"column":5}},{"start":{},"end":{}}],"line":145},"23":{"loc":{"start":{"line":147,"column":6},"end":{"line":164,"column":7}},"type":"if","locations":[{"start":{"line":147,"column":6},"end":{"line":164,"column":7}},{"start":{"line":155,"column":13},"end":{"line":164,"column":7}}],"line":147},"24":{"loc":{"start":{"line":153,"column":21},"end":{"line":153,"column":61}},"type":"cond-expr","locations":[{"start":{"line":153,"column":49},"end":{"line":153,"column":53}},{"start":{"line":153,"column":56},"end":{"line":153,"column":61}}],"line":153},"25":{"loc":{"start":{"line":162,"column":21},"end":{"line":162,"column":61}},"type":"cond-expr","locations":[{"start":{"line":162,"column":49},"end":{"line":162,"column":53}},{"start":{"line":162,"column":56},"end":{"line":162,"column":61}}],"line":162},"26":{"loc":{"start":{"line":168,"column":10},"end":{"line":172,"column":11}},"type":"if","locations":[{"start":{"line":168,"column":10},"end":{"line":172,"column":11}},{"start":{},"end":{}}],"line":168},"27":{"loc":{"start":{"line":168,"column":14},"end":{"line":168,"column":42}},"type":"binary-expr","locations":[{"start":{"line":168,"column":14},"end":{"line":168,"column":22}},{"start":{"line":168,"column":26},"end":{"line":168,"column":42}}],"line":168},"28":{"loc":{"start":{"line":180,"column":4},"end":{"line":199,"column":5}},"type":"if","locations":[{"start":{"line":180,"column":4},"end":{"line":199,"column":5}},{"start":{},"end":{}}],"line":180},"29":{"loc":{"start":{"line":192,"column":10},"end":{"line":196,"column":11}},"type":"if","locations":[{"start":{"line":192,"column":10},"end":{"line":196,"column":11}},{"start":{},"end":{}}],"line":192},"30":{"loc":{"start":{"line":192,"column":14},"end":{"line":192,"column":42}},"type":"binary-expr","locations":[{"start":{"line":192,"column":14},"end":{"line":192,"column":22}},{"start":{"line":192,"column":26},"end":{"line":192,"column":42}}],"line":192},"31":{"loc":{"start":{"line":310,"column":21},"end":{"line":310,"column":44}},"type":"binary-expr","locations":[{"start":{"line":310,"column":21},"end":{"line":310,"column":38}},{"start":{"line":310,"column":42},"end":{"line":310,"column":44}}],"line":310},"32":{"loc":{"start":{"line":329,"column":9},"end":{"line":458,"column":9}},"type":"cond-expr","locations":[{"start":{"line":330,"column":10},"end":{"line":455,"column":16}},{"start":{"line":457,"column":10},"end":{"line":457,"column":12}}],"line":329},"33":{"loc":{"start":{"line":344,"column":23},"end":{"line":344,"column":46}},"type":"binary-expr","locations":[{"start":{"line":344,"column":23},"end":{"line":344,"column":40}},{"start":{"line":344,"column":44},"end":{"line":344,"column":46}}],"line":344},"34":{"loc":{"start":{"line":358,"column":23},"end":{"line":358,"column":47}},"type":"binary-expr","locations":[{"start":{"line":358,"column":23},"end":{"line":358,"column":41}},{"start":{"line":358,"column":45},"end":{"line":358,"column":47}}],"line":358},"35":{"loc":{"start":{"line":372,"column":23},"end":{"line":372,"column":46}},"type":"binary-expr","locations":[{"start":{"line":372,"column":23},"end":{"line":372,"column":40}},{"start":{"line":372,"column":44},"end":{"line":372,"column":46}}],"line":372},"36":{"loc":{"start":{"line":386,"column":23},"end":{"line":386,"column":43}},"type":"binary-expr","locations":[{"start":{"line":386,"column":23},"end":{"line":386,"column":37}},{"start":{"line":386,"column":41},"end":{"line":386,"column":43}}],"line":386},"37":{"loc":{"start":{"line":400,"column":23},"end":{"line":400,"column":46}},"type":"binary-expr","locations":[{"start":{"line":400,"column":23},"end":{"line":400,"column":40}},{"start":{"line":400,"column":44},"end":{"line":400,"column":46}}],"line":400},"38":{"loc":{"start":{"line":413,"column":23},"end":{"line":413,"column":42}},"type":"binary-expr","locations":[{"start":{"line":413,"column":23},"end":{"line":413,"column":36}},{"start":{"line":413,"column":40},"end":{"line":413,"column":42}}],"line":413},"39":{"loc":{"start":{"line":430,"column":23},"end":{"line":430,"column":46}},"type":"binary-expr","locations":[{"start":{"line":430,"column":23},"end":{"line":430,"column":40}},{"start":{"line":430,"column":44},"end":{"line":430,"column":46}}],"line":430},"40":{"loc":{"start":{"line":460,"column":9},"end":{"line":581,"column":9}},"type":"cond-expr","locations":[{"start":{"line":461,"column":10},"end":{"line":578,"column":16}},{"start":{"line":580,"column":10},"end":{"line":580,"column":12}}],"line":460},"41":{"loc":{"start":{"line":476,"column":23},"end":{"line":476,"column":46}},"type":"binary-expr","locations":[{"start":{"line":476,"column":23},"end":{"line":476,"column":40}},{"start":{"line":476,"column":44},"end":{"line":476,"column":46}}],"line":476},"42":{"loc":{"start":{"line":489,"column":23},"end":{"line":489,"column":47}},"type":"binary-expr","locations":[{"start":{"line":489,"column":23},"end":{"line":489,"column":41}},{"start":{"line":489,"column":45},"end":{"line":489,"column":47}}],"line":489},"43":{"loc":{"start":{"line":503,"column":23},"end":{"line":503,"column":46}},"type":"binary-expr","locations":[{"start":{"line":503,"column":23},"end":{"line":503,"column":40}},{"start":{"line":503,"column":44},"end":{"line":503,"column":46}}],"line":503},"44":{"loc":{"start":{"line":517,"column":23},"end":{"line":517,"column":43}},"type":"binary-expr","locations":[{"start":{"line":517,"column":23},"end":{"line":517,"column":37}},{"start":{"line":517,"column":41},"end":{"line":517,"column":43}}],"line":517},"45":{"loc":{"start":{"line":529,"column":23},"end":{"line":529,"column":46}},"type":"binary-expr","locations":[{"start":{"line":529,"column":23},"end":{"line":529,"column":40}},{"start":{"line":529,"column":44},"end":{"line":529,"column":46}}],"line":529},"46":{"loc":{"start":{"line":541,"column":23},"end":{"line":541,"column":42}},"type":"binary-expr","locations":[{"start":{"line":541,"column":23},"end":{"line":541,"column":36}},{"start":{"line":541,"column":40},"end":{"line":541,"column":42}}],"line":541},"47":{"loc":{"start":{"line":556,"column":23},"end":{"line":556,"column":46}},"type":"binary-expr","locations":[{"start":{"line":556,"column":23},"end":{"line":556,"column":40}},{"start":{"line":556,"column":44},"end":{"line":556,"column":46}}],"line":556},"48":{"loc":{"start":{"line":600,"column":17},"end":{"line":626,"column":22}},"type":"binary-expr","locations":[{"start":{"line":600,"column":17},"end":{"line":600,"column":25}},{"start":{"line":601,"column":18},"end":{"line":626,"column":22}}],"line":600},"49":{"loc":{"start":{"line":604,"column":24},"end":{"line":607,"column":75}},"type":"binary-expr","locations":[{"start":{"line":604,"column":24},"end":{"line":604,"column":79}},{"start":{"line":605,"column":24},"end":{"line":605,"column":75}},{"start":{"line":606,"column":24},"end":{"line":606,"column":79}},{"start":{"line":607,"column":24},"end":{"line":607,"column":75}}],"line":604},"50":{"loc":{"start":{"line":610,"column":31},"end":{"line":610,"column":61}},"type":"binary-expr","locations":[{"start":{"line":610,"column":31},"end":{"line":610,"column":41}},{"start":{"line":610,"column":45},"end":{"line":610,"column":61}}],"line":610}},"s":{"0":3,"1":416,"2":413,"3":413,"4":413,"5":413,"6":413,"7":413,"8":58,"9":413,"10":177,"11":413,"12":36,"13":36,"14":36,"15":20,"16":1,"17":1,"18":20,"19":1,"20":1,"21":20,"22":1,"23":1,"24":20,"25":1,"26":1,"27":19,"28":2,"29":2,"30":20,"31":1,"32":1,"33":20,"34":1,"35":1,"36":20,"37":3,"38":3,"39":17,"40":3,"41":3,"42":16,"43":1,"44":1,"45":16,"46":1,"47":1,"48":16,"49":3,"50":3,"51":13,"52":2,"53":2,"54":16,"55":1,"56":1,"57":36,"58":36,"59":413,"60":70,"61":70,"62":70,"63":70,"64":37,"65":70,"66":413,"67":30,"68":30,"69":30,"70":30,"71":30,"72":413,"73":17,"74":1,"75":1,"76":16,"77":16,"78":8,"79":8,"80":5,"81":3,"82":8,"83":8,"84":8,"85":7,"86":7,"87":7,"88":413,"89":20,"90":20,"91":7,"92":7,"93":7,"94":6,"95":6,"96":5,"97":5,"98":5,"99":413,"100":16,"101":16,"102":16,"103":16,"104":413,"105":26,"106":26,"107":26,"108":26,"109":413,"110":12,"111":0,"112":0,"113":12,"114":413,"115":1,"116":0,"117":0,"118":1,"119":413,"120":15,"121":0,"122":413,"123":413,"124":1,"125":1,"126":26,"127":20,"128":20,"129":20,"130":19,"131":20,"132":21,"133":21,"134":20,"135":1,"136":0,"137":10,"138":1,"139":15,"140":5,"141":2,"142":2,"143":17,"144":3,"145":128,"146":128,"147":30},"f":{"0":416,"1":58,"2":177,"3":36,"4":70,"5":37,"6":30,"7":17,"8":8,"9":8,"10":20,"11":6,"12":6,"13":16,"14":26,"15":12,"16":0,"17":1,"18":0,"19":15,"20":0,"21":0,"22":1,"23":1,"24":1,"25":26,"26":20,"27":20,"28":20,"29":19,"30":20,"31":21,"32":21,"33":20,"34":1,"35":0,"36":10,"37":1,"38":15,"39":5,"40":2,"41":2,"42":17,"43":3,"44":128,"45":128,"46":30},"b":{"0":[20,16],"1":[1,19],"2":[1,19],"3":[1,19],"4":[1,19],"5":[2,17],"6":[1,19],"7":[1,19],"8":[3,17],"9":[3,14],"10":[1,15],"11":[1,15],"12":[3,13],"13":[2,11],"14":[1,15],"15":[16,4],"16":[70,0],"17":[70,70],"18":[70,0],"19":[2,28],"20":[28,2],"21":[1,16],"22":[8,8],"23":[5,3],"24":[5,0],"25":[3,0],"26":[7,1],"27":[8,8],"28":[7,13],"29":[5,1],"30":[6,6],"31":[413,411],"32":[213,200],"33":[213,60],"34":[213,79],"35":[213,98],"36":[213,136],"37":[213,132],"38":[213,149],"39":[213,169],"40":[81,332],"41":[81,0],"42":[81,2],"43":[81,2],"44":[81,9],"45":[81,69],"46":[81,0],"47":[81,0],"48":[413,328],"49":[128,0,0,0],"50":[128,2]},"_coverageSchema":"1a1c01bbd47fc00a2c39e90264f33305004495a9","hash":"02647bf82b5c88468d5804eb47995510d080bb52"}
,"D:\\TELEPARK\\telepark\\telepark-frontend\\src\\components\\asistencia-taller.component.js": {"path":"D:\\TELEPARK\\telepark\\telepark-frontend\\src\\components\\asistencia-taller.component.js","statementMap":{"0":{"start":{"line":13,"column":24},"end":{"line":13,"column":34}},"1":{"start":{"line":14,"column":23},"end":{"line":14,"column":32}},"2":{"start":{"line":16,"column":19},"end":{"line":233,"column":1}},"3":{"start":{"line":17,"column":36},"end":{"line":17,"column":48}},"4":{"start":{"line":18,"column":36},"end":{"line":18,"column":48}},"5":{"start":{"line":19,"column":38},"end":{"line":19,"column":50}},"6":{"start":{"line":20,"column":30},"end":{"line":20,"column":42}},"7":{"start":{"line":22,"column":25},"end":{"line":22,"column":34}},"8":{"start":{"line":24,"column":2},"end":{"line":29,"column":9}},"9":{"start":{"line":25,"column":4},"end":{"line":25,"column":22}},"10":{"start":{"line":26,"column":4},"end":{"line":26,"column":19}},"11":{"start":{"line":27,"column":4},"end":{"line":27,"column":20}},"12":{"start":{"line":28,"column":4},"end":{"line":28,"column":19}},"13":{"start":{"line":31,"column":26},"end":{"line":36,"column":3}},"14":{"start":{"line":32,"column":17},"end":{"line":32,"column":60}},"15":{"start":{"line":33,"column":4},"end":{"line":35,"column":5}},"16":{"start":{"line":34,"column":6},"end":{"line":34,"column":38}},"17":{"start":{"line":38,"column":23},"end":{"line":43,"column":3}},"18":{"start":{"line":39,"column":17},"end":{"line":39,"column":56}},"19":{"start":{"line":40,"column":4},"end":{"line":42,"column":5}},"20":{"start":{"line":41,"column":6},"end":{"line":41,"column":38}},"21":{"start":{"line":45,"column":24},"end":{"line":50,"column":3}},"22":{"start":{"line":46,"column":17},"end":{"line":46,"column":62}},"23":{"start":{"line":47,"column":4},"end":{"line":49,"column":5}},"24":{"start":{"line":48,"column":6},"end":{"line":48,"column":39}},"25":{"start":{"line":52,"column":23},"end":{"line":57,"column":3}},"26":{"start":{"line":53,"column":17},"end":{"line":53,"column":60}},"27":{"start":{"line":54,"column":4},"end":{"line":56,"column":5}},"28":{"start":{"line":55,"column":6},"end":{"line":55,"column":35}},"29":{"start":{"line":60,"column":16},"end":{"line":69,"column":3}},"30":{"start":{"line":61,"column":4},"end":{"line":61,"column":27}},"31":{"start":{"line":62,"column":4},"end":{"line":68,"column":6}},"32":{"start":{"line":63,"column":34},"end":{"line":67,"column":7}},"33":{"start":{"line":72,"column":28},"end":{"line":91,"column":3}},"34":{"start":{"line":73,"column":27},"end":{"line":77,"column":7}},"35":{"start":{"line":73,"column":56},"end":{"line":77,"column":5}},"36":{"start":{"line":79,"column":17},"end":{"line":79,"column":76}},"37":{"start":{"line":80,"column":4},"end":{"line":90,"column":5}},"38":{"start":{"line":81,"column":6},"end":{"line":81,"column":55}},"39":{"start":{"line":82,"column":6},"end":{"line":82,"column":29}},"40":{"start":{"line":83,"column":6},"end":{"line":89,"column":8}},"41":{"start":{"line":84,"column":36},"end":{"line":88,"column":9}},"42":{"start":{"line":94,"column":32},"end":{"line":121,"column":3}},"43":{"start":{"line":95,"column":32},"end":{"line":95,"column":54}},"44":{"start":{"line":96,"column":34},"end":{"line":98,"column":5}},"45":{"start":{"line":97,"column":15},"end":{"line":97,"column":64}},"46":{"start":{"line":100,"column":4},"end":{"line":120,"column":5}},"47":{"start":{"line":101,"column":29},"end":{"line":101,"column":66}},"48":{"start":{"line":103,"column":31},"end":{"line":118,"column":8}},"49":{"start":{"line":104,"column":31},"end":{"line":106,"column":9}},"50":{"start":{"line":105,"column":18},"end":{"line":105,"column":80}},"51":{"start":{"line":108,"column":30},"end":{"line":112,"column":10}},"52":{"start":{"line":109,"column":29},"end":{"line":109,"column":60}},"53":{"start":{"line":110,"column":29},"end":{"line":110,"column":60}},"54":{"start":{"line":111,"column":10},"end":{"line":111,"column":78}},"55":{"start":{"line":114,"column":8},"end":{"line":117,"column":10}},"56":{"start":{"line":119,"column":6},"end":{"line":119,"column":37}},"57":{"start":{"line":124,"column":32},"end":{"line":132,"column":3}},"58":{"start":{"line":125,"column":4},"end":{"line":131,"column":6}},"59":{"start":{"line":127,"column":8},"end":{"line":129,"column":19}},"60":{"start":{"line":134,"column":24},"end":{"line":136,"column":4}},"61":{"start":{"line":138,"column":2},"end":{"line":232,"column":4}},"62":{"start":{"line":153,"column":16},"end":{"line":153,"column":42}},"63":{"start":{"line":154,"column":16},"end":{"line":154,"column":41}},"64":{"start":{"line":159,"column":16},"end":{"line":161,"column":25}},"65":{"start":{"line":185,"column":16},"end":{"line":209,"column":21}},"66":{"start":{"line":196,"column":38},"end":{"line":196,"column":88}},"67":{"start":{"line":217,"column":29},"end":{"line":217,"column":36}},"68":{"start":{"line":224,"column":29},"end":{"line":224,"column":77}}},"fnMap":{"0":{"name":"(anonymous_0)","decl":{"start":{"line":16,"column":19},"end":{"line":16,"column":20}},"loc":{"start":{"line":16,"column":25},"end":{"line":233,"column":1}},"line":16},"1":{"name":"(anonymous_1)","decl":{"start":{"line":24,"column":12},"end":{"line":24,"column":13}},"loc":{"start":{"line":24,"column":18},"end":{"line":29,"column":3}},"line":24},"2":{"name":"(anonymous_2)","decl":{"start":{"line":31,"column":26},"end":{"line":31,"column":27}},"loc":{"start":{"line":31,"column":38},"end":{"line":36,"column":3}},"line":31},"3":{"name":"(anonymous_3)","decl":{"start":{"line":38,"column":23},"end":{"line":38,"column":24}},"loc":{"start":{"line":38,"column":35},"end":{"line
[...]
,"D:\\TELEPARK\\telepark\\telepark-frontend\\src\\services\\paciente.service.js": {"path":"D:\\TELEPARK\\telepark\\telepark-frontend\\src\\services\\paciente.service.js","statementMap":{"0":{"start":{"line":4,"column":18},"end":{"line":69,"column":1}},"1":{"start":{"line":6,"column":20},"end":{"line":12,"column":5}},"2":{"start":{"line":13,"column":21},"end":{"line":19,"column":5}},"3":{"start":{"line":21,"column":21},"end":{"line":21,"column":63}},"4":{"start":{"line":22,"column":22},"end":{"line":22,"column":65}},"5":{"start":{"line":24,"column":20},"end":{"line":31,"column":5}},"6":{"start":{"line":32,"column":21},"end":{"line":39,"column":5}},"7":{"start":{"line":41,"column":19},"end":{"line":41,"column":58}},"8":{"start":{"line":42,"column":20},"end":{"line":42,"column":60}},"9":{"start":{"line":44,"column":23},"end":{"line":58,"column":5}},"10":{"start":{"line":60,"column":19},"end":{"line":60,"column":64}},"11":{"start":{"line":62,"column":4},"end":{"line":62,"column":25}},"12":{"start":{"line":66,"column":21},"end":{"line":66,"column":61}},"13":{"start":{"line":67,"column":4},"end":{"line":67,"column":25}},"14":{"start":{"line":71,"column":34},"end":{"line":74,"column":1}}},"fnMap":{"0":{"name":"(anonymous_0)","decl":{"start":{"line":5,"column":2},"end":{"line":5,"column":3}},"loc":{"start":{"line":5,"column":30},"end":{"line":63,"column":3}},"line":5},"1":{"name":"(anonymous_1)","decl":{"start":{"line":65,"column":2},"end":{"line":65,"column":3}},"loc":{"start":{"line":65,"column":23},"end":{"line":68,"column":3}},"line":65}},"branchMap":{},"s":{"0":1,"1":0,"2":0,"3":0,"4":0,"5":0,"6":0,"7":0,"8":0,"9":0,"10":0,"11":0,"12":0,"13":0,"14":1},"f":{"0":0,"1":0},"b":{},"_coverageSchema":"1a1c01bbd47fc00a2c39e90264f33305004495a9","hash":"e5ff5cc2ef1a90f0e859171926a932584126a3c0"}
,"D:\\TELEPARK\\telepark\\telepark-frontend\\src\\services\\taller.service.js": {"path":"D:\\TELEPARK\\telepark\\telepark-frontend\\src\\services\\taller.service.js","statementMap":{"0":{"start":{"line":4,"column":17},"end":{"line":21,"column":1}},"1":{"start":{"line":6,"column":21},"end":{"line":6,"column":48}},"2":{"start":{"line":7,"column":4},"end":{"line":7,"column":25}},"3":{"start":{"line":10,"column":21},"end":{"line":10,"column":55}},"4":{"start":{"line":11,"column":4},"end":{"line":11,"column":25}},"5":{"start":{"line":14,"column":21},"end":{"line":14,"column":60}},"6":{"start":{"line":15,"column":4},"end":{"line":15,"column":25}},"7":{"start":{"line":18,"column":21},"end":{"line":18,"column":57}},"8":{"start":{"line":19,"column":4},"end":{"line":19,"column":25}},"9":{"start":{"line":23,"column":32},"end":{"line":28,"column":1}}},"fnMap":{"0":{"name":"(anonymous_0)","decl":{"start":{"line":5,"column":2},"end":{"line":5,"column":3}},"loc":{"start":{"line":5,"column":23},"end":{"line":8,"column":3}},"line":5},"1":{"name":"(anonymous_1)","decl":{"start":{"line":9,"column":2},"end":{"line":9,"column":3}},"loc":{"start":{"line":9,"column":27},"end":{"line":12,"column":3}},"line":9},"2":{"name":"(anonymous_2)","decl":{"start":{"line":13,"column":2},"end":{"line":13,"column":3}},"loc":{"start":{"line":13,"column":31},"end":{"line":16,"column":3}},"line":13},"3":{"name":"(anonymous_3)","decl":{"start":{"line":17,"column":2},"end":{"line":17,"column":3}},"loc":{"start":{"line":17,"column":25},"end":{"line":20,"column":3}},"line":17}},"branchMap":{},"s":{"0":0,"1":0,"2":0,"3":0,"4":0,"5":0,"6":0,"7":0,"8":0,"9":0},"f":{"0":0,"1":0,"2":0,"3":0},"b":{}}
,"D:\\TELEPARK\\telepark\\telepark-frontend\\src\\services\\token.service.js": {"path":"D:\\TELEPARK\\telepark\\telepark-frontend\\src\\services\\token.service.js","statementMap":{"0":{"start":{"line":11,"column":28},"end":{"line":58,"column":1}},"1":{"start":{"line":13,"column":17},"end":{"line":13,"column":57}},"2":{"start":{"line":14,"column":4},"end":{"line":14,"column":25}},"3":{"start":{"line":18,"column":17},"end":{"line":18,"column":57}},"4":{"start":{"line":19,"column":4},"end":{"line":19,"column":24}},"5":{"start":{"line":23,"column":15},"end":{"line":23,"column":55}},"6":{"start":{"line":24,"column":4},"end":{"line":24,"column":24}},"7":{"start":{"line":25,"column":4},"end":{"line":25,"column":55}},"8":{"start":{"line":26,"column":4},"end":{"line":26,"column":57}},"9":{"start":{"line":30,"column":4},"end":{"line":30,"column":52}},"10":{"start":{"line":34,"column":4},"end":{"line":34,"column":38}},"11":{"start":{"line":35,"column":4},"end":{"line":35,"column":55}},"12":{"start":{"line":36,"column":4},"end":{"line":36,"column":57}},"13":{"start":{"line":40,"column":4},"end":{"line":40,"column":36}},"14":{"start":{"line":41,"column":4},"end":{"line":41,"column":57}},"15":{"start":{"line":45,"column":17},"end":{"line":45,"column":57}},"16":{"start":{"line":46,"column":4},"end":{"line":46,"column":26}},"17":{"start":{"line":50,"column":17},"end":{"line":50,"column":57}},"18":{"start":{"line":51,"column":4},"end":{"line":51,"column":22}},"19":{"start":{"line":55,"column":17},"end":{"line":55,"column":57}},"20":{"start":{"line":56,"column":4},"end":{"line":56,"column":30}}},"fnMap":{"0":{"name":"(anonymous_0)","decl":{"start":{"line":12,"column":2},"end":{"line":12,"column":3}},"loc":{"start":{"line":12,"column":25},"end":{"line":15,"column":3}},"line":12},"1":{"name":"(anonymous_1)","decl":{"start":{"line":17,"column":2},"end":{"line":17,"column":3}},"loc":{"start":{"line":17,"column":24},"end":{"line":20,"column":3}},"line":17},"2":{"name":"(anonymous_2)","decl":{"start":{"line":22,"column":2},"end":{"line":22,"column":3}},"loc":{"start":{"line":22,"column":32},"end":{"line":27,"column":3}},"line":22},"3":{"name":"(anonymous_3)","decl":{"start":{"line":29,"column":2},"end":{"line":29,"column":3}},"loc":{"start":{"line":29,"column":12},"end":{"line":31,"column":3}},"line":29},"4":{"name":"(anonymous_4)","decl":{"start":{"line":33,"column":2},"end":{"line":33,"column":3}},"loc":{"start":{"line":33,"column":16},"end":{"line":37,"column":3}},"line":33},"5":{"name":"(anonymous_5)","decl":{"start":{"line":39,"column":2},"end":{"line":39,"column":3}},"loc":{"start":{"line":39,"column":15},"end":{"line":42,"column":3}},"line":39},"6":{"name":"(anonymous_6)","decl":{"start":{"line":44,"column":2},"end":{"line":44,"column":3}},"loc":{"start":{"line":44,"column":16},"end":{"line":47,"column":3}},"line":44},"7":{"name":"(anonymous_7)","decl":{"start":{"line":49,"column":2},"end":{"line":49,"column":3}},"loc":{"start":{"line":49,"column":12},"end":{"line":52,"column":3}},"line":49},"8":{"name":"(anonymous_8)","decl":{"start":{"line":54,"column":2},"end":{"line":54,"column":3}},"loc":{"start":{"line":54,"column":12},"end":{"line":57,"column":3}},"line":54}},"branchMap":{},"s":{"0":2,"1":0,"2":0,"3":22,"4":22,"5":0,"6":0,"7":0,"8":0,"9":0,"10":3,"11":3,"12":3,"13":1,"14":1,"15":0,"16":0,"17":8,"18":8,"19":15,"20":15},"f":{"0":0,"1":22,"2":0,"3":0,"4":3,"5":1,"6":0,"7":8,"8":15},"b":{},"_coverageSchema":"1a1c01bbd47fc00a2c39e90264f33305004495a9","hash":"e0c7449a9b383fdee3d57a21999772c002fdecc9"}
,"D:\\TELEPARK\\telepark\\telepark-frontend\\src\\services\\users.service.js": {"path":"D:\\TELEPARK\\telepark\\telepark-frontend\\src\\services\\users.service.js","statementMap":{"0":{"start":{"line":4,"column":14},"end":{"line":17,"column":1}},"1":{"start":{"line":6,"column":21},"end":{"line":6,"column":48}},"2":{"start":{"line":7,"column":4},"end":{"line":7,"column":25}},"3":{"start":{"line":10,"column":21},"end":{"line":10,"column":60}},"4":{"start":{"line":11,"column":4},"end":{"line":11,"column":25}},"5":{"start":{"line":14,"column":21},"end":{"line":14,"column":55}},"6":{"start":{"line":15,"column":4},"end":{"line":15,"column":25}},"7":{"start":{"line":19,"column":30},"end":{"line":23,"column":1}}},"fnMap":{"0":{"name":"(anonymous_0)","decl":{"start":{"line":5,"column":2},"end":{"line":5,"column":3}},"loc":{"start":{"line":5,"column":19},"end":{"line":8,"column":3}},"line":5},"1":{"name":"(anonymous_1)","decl":{"start":{"line":9,"column":2},"end":{"line":9,"column":3}},"loc":{"start":{"line":9,"column":29},"end":{"line":12,"column":3}},"line":9},"2":{"name":"(anonymous_2)","decl":{"start":{"line":13,"column":2},"end":{"line":13,"column":3}},"loc":{"start":{"line":13,"column":25},"end":{"line":16,"column":3}},"line":13}},"branchMap":{},"s":{"0":0,"1":0,"2":0,"3":0,"4":0,"5":0,"6":0,"7":0},"f":{"0":0,"1":0,"2":0},"b":{}}
,"D:\\TELEPARK\\telepark\\telepark-frontend\\src\\utils\\utils.js": {"path":"D:\\TELEPARK\\telepark\\telepark-frontend\\src\\utils\\utils.js","statementMap":{"0":{"start":{"line":5,"column":28},"end":{"line":29,"column":5}},"1":{"start":{"line":30,"column":4},"end":{"line":30,"column":27}},"2":{"start":{"line":34,"column":15},"end":{"line":34,"column":32}},"3":{"start":{"line":35,"column":4},"end":{"line":35,"column":51}},"4":{"start":{"line":39,"column":15},"end":{"line":39,"column":32}},"5":{"start":{"line":40,"column":4},"end":{"line":40,"column":35}},"6":{"start":{"line":44,"column":4},"end":{"line":48,"column":5}},"7":{"start":{"line":45,"column":6},"end":{"line":45,"column":23}},"8":{"start":{"line":47,"column":6},"end":{"line":47,"column":24}},"9":{"start":{"line":52,"column":4},"end":{"line":56,"column":5}},"10":{"start":{"line":53,"column":6},"end":{"line":53,"column":23}},"11":{"start":{"line":55,"column":6},"end":{"line":55,"column":23}},"12":{"start":{"line":60,"column":4},"end":{"line":64,"column":5}},"13":{"start":{"line":61,"column":6},"end":{"line":61,"column":15}},"14":{"start":{"line":63,"column":6},"end":{"line":63,"column":15}},"15":{"start":{"line":68,"column":4},"end":{"line":72,"column":5}},"16":{"start":{"line":69,"column":6},"end":{"line":69,"column":19}},"17":{"start":{"line":71,"column":6},"end":{"line":71,"column":18}},"18":{"start":{"line":76,"column":4},"end":{"line":80,"column":5}},"19":{"start":{"line":77,"column":6},"end":{"line":77,"column":29}},"20":{"start":{"line":79,"column":6},"end":{"line":79,"column":23}},"21":{"start":{"line":84,"column":4},"end":{"line":88,"column":5}},"22":{"start":{"line":85,"column":6},"end":{"line":85,"column":22}},"23":{"start":{"line":87,"column":6},"end":{"line":87,"column":24}},"24":{"start":{"line":93,"column":4},"end":{"line":108,"column":5}},"25":{"start":{"line":95,"column":8},"end":{"line":95,"column":49}},"26":{"start":{"line":97,"column":8},"end":{"line":97,"column":80}},"27":{"start":{"line":99,"column":8},"end":{"line":99,"column":87}},"28":{"start":{"line":101,"column":8},"end":{"line":101,"column":132}},"29":{"start":{"line":103,"column":8},"end":{"line":103,"column":90}},"30":{"start":{"line":105,"column":8},"end":{"line":105,"column":84}},"31":{"start":{"line":107,"column":8},"end":{"line":107,"column":18}},"32":{"start":{"line":112,"column":18},"end":{"line":112,"column":28}},"33":{"start":{"line":113,"column":16},"end":{"line":113,"column":31}},"34":{"start":{"line":114,"column":14},"end":{"line":114,"column":34}},"35":{"start":{"line":115,"column":17},"end":{"line":115,"column":36}},"36":{"start":{"line":116,"column":4},"end":{"line":118,"column":5}},"37":{"start":{"line":117,"column":6},"end":{"line":117,"column":22}},"38":{"start":{"line":119,"column":4},"end":{"line":119,"column":40}},"39":{"start":{"line":124,"column":18},"end":{"line":134,"column":6}},"40":{"start":{"line":131,"column":8},"end":{"line":131,"column":61}},"41":{"start":{"line":132,"column":8},"end":{"line":132,"column":63}},"42":{"start":{"line":136,"column":4},"end":{"line":139,"column":7}},"43":{"start":{"line":143,"column":37},"end":{"line":149,"column":6}},"44":{"start":{"line":151,"column":4},"end":{"line":170,"column":9}},"45":{"start":{"line":162,"column":8},"end":{"line":169,"column":9}},"46":{"start":{"line":163,"column":10},"end":{"line":163,"column":28}},"47":{"start":{"line":164,"column":15},"end":{"line":169,"column":9}},"48":{"start":{"line":168,"column":10},"end":{"line":168,"column":92}},"49":{"start":{"line":174,"column":18},"end":{"line":184,"column":6}},"50":{"start":{"line":181,"column":8},"end":{"line":181,"column":61}},"51":{"start":{"line":182,"column":8},"end":{"line":182,"column":63}},"52":{"start":{"line":186,"column":4},"end":{"line":189,"column":7}},"53":{"start":{"line":193,"column":4},"end":{"line":199,"column":7}},"54":{"start":{"line":203,"column":4},"end":{"line":209,"column":7}}},"fnMap":{"0":{"name":"(anonymous_0)","decl":{"start":{"line":4,"column":2},"end":{"line":4,"column":3}},"loc":{"start":{"line":4,"column":23},"end":{"line":31,"column":3}},"line":4},"1":{"name":"(anonymous_1)","decl":{"start":{"line":33,"column":2},"end":{"line":33,"column":3}},"loc":{"start":{"line":33,"column":32},"end":{"line":36,"column":3}},"line":33},"2":{"name":"(anonymous_2)","decl":{"start":{"line":38,"column":2},"end":{"line":38,"column":3}},"loc":{"start":{"line":38,"column":31},"end":{"line":41,"column":3}},"line":38},"3":{"name":"(anonymous_3)","decl":{"start":{"line":43,"column":2},"end":{"line":43,"column":3}},"loc":{"start":{"line":43,"column":26},"end":{"line":49,"column":3}},"line":43},"4":{"name":"(anonymous_4)","decl":{"start":{"line":51,"column":2},"end":{"line":51,"column":3}},"loc":{"start":{"line":51,"column":22},"end":{"line":57,"column":3}},"line":51},"5":{"name":"(anonymous_5)","decl":{"start":{"line":59,"column":2},"end":{"line":59,"column":3}},"loc":{"start":{"line":59,"column":25},"end":{"line":65,"column":3}},"line":59},"6":{"name":"(anonymous_6)","decl":{"start":{"line":67,"column":2},"end":{"line":67,"column":3}},"loc":{"start":{"line":67,"column":27},"end":{"line":73,"column":3}},"line":67},"7":{"name":"(anonymous_7)","decl":{"start":{"line":75,"column":2},"end":{"line":75,"column":3}},"loc":{"start":{"line":75,"column":20},"end":{"line":81,"column":3}},"line":75},"8":{"name":"(anonymous_8)","decl":{"start":{"line":83,"column":2},"end":{"line":83,"column":3}},"loc":{"start":{"line":83,"column":26},"end":{"line":89,"column":3}},"line":83},"9":{"name":"(anonymous_9)","decl":{"start":{"line":92,"column":2},"end":{"line":92,"column":3}},"loc":{"start":{"line":92,"column":26},"end":{"line":109,"column":3}},"line":92},"10":{"name":"(anonymous_10)","decl":{"start":{"line":111,"column":2},"end":{"line":111,"column":3}},"loc":{"start":{"line":111,"column":16},"end":{"line":120,"column":3}},"line":111},"11":{"name":"(anonymous_11)","decl":{"start":{"line":123,"column":2},"end":{"line":123,"column":3}},"loc":{"start":{"line":123,"column":24},"end":{"line":140,"column":3}},"line":123},"12":{"name":"(anonymous_12)","decl":{"start":{"line":130,"column":15},"end":{"line":130,"column":16}},"loc":{"start":{"line":130,"column":26},"end":{"line":133,"column":7}},"line":130},"13":{"name":"(anonymous_13)","decl":{"start":{"line":142,"column":2},"end":{"line":142,"column":3}},"loc":{"start":{"line":142,"column":42},"end":{"line":171,"column":3}},"line":142},"14":{"name":"(anonymous_14)","decl":{"start":{"line":161,"column":12},"end":{"line":161,"column":13}},"loc":{"start":{"line":161,"column":24},"end":{"line":170,"column":7}},"line":161},"15":{"name":"(anonymous_15)","decl":{"start":{"line":173,"column":2},"end":{"line":173,"column":3}},"loc":{"start":{"line":173,"column":22},"end":{"line":190,"column":3}},"line":173},"16":{"name":"(anonymous_16)","decl":{"start":{"line":180,"column":15},"end":{"line":180,"column":16}},"loc":{"start":{"line":180,"column":26},"end":{"line":183,"column":7}},"line":180},"17":{"name":"(anonymous_17)","decl":{"start":{"line":192,"column":2},"end":{"line":192,"column":3}},"loc":{"start":{"line":192,"column":9},"end":{"line":200,"column":3}},"line":192},"18":{"name":"(anonymous_18)","decl":{"start":{"line":202,"column":2},"end":{"line":202,"column":3}},"loc":{"start":{"line":202,"column":14},"end":{"line":210,"column":3}},"line":202}},"branchMap":{"0":{"loc":{"start":{"line":44,"column":4},"end":{"line":48,"column":5}},"type":"if","locations":[{"start":{"line":44,"column":4},"end":{"line":48,"column":5}},{"start":{"line":46,"column":11},"end":{"line":48,"column":5}}],"line":44},"1":{"loc":{"start":{"line":52,"column":4},"end":{"line":56,"column":5}},"type":"if","locations":[{"start":{"line":52,"column":4},"end":{"line":56,"column":5}},{"start":{"line":54,"column":11},"end":{"line":56,"column":5}}],"line":52},"2":{"loc":{"start":{"line":60,"column":4},"end":{"line":64,"column":5}},"type":"if","locations":[{"start":{"line":60,"column":4},"end":{"line":64,"column":5}},{"start":{"line":62,"column":11},"end":{"line":64,"column":5}}],"line":60},"3":{"loc":{"start":{"line":68,"column":4},"end":{"line":72,"column":5}},"type":"if","locations":[{"start":{"line":68,"column":4},"end":{"line":72,"column":5}},{"start":{"line":70,"column":11},"end":{"line":72,"column":5}}],"line":68},"4":{"loc":{"start":{"line":76,"column":4},"end":{"line":80,"column":5}},"type":"if","locations":[{"start":{"line":76,"column":4},"end":{"line":80,"column":5}},{"start":{"line":78,"column":11},"end":{"line":80,"column":5}}],"line":76},"5":{"loc":{"start":{"line":84,"column":4},"end":{"line":88,"column":5}},"type":"if","locations":[{"start":{"line":84,"column":4},"end":{"line":88,"column":5}},{"start":{"line":86,"column":11},"end":{"line":88,"column":5}}],"line":84},"6":{"loc":{"start":{"line":93,"column":4},"end":{"line":108,"column":5}},"type":"switch","locations":[{"start":{"line":94,"column":6},"end":{"line":95,"column":49}},{"start":{"line":96,"column":6},"end":{"line":97,"column":80}},{"start":{"line":98,"column":6},"end":{"line":99,"column":87}},{"start":{"line":100,"column":6},"end":{"line":101,"column":132}},{"start":{"line":102,"column":6},"end":{"line":103,"column":90}},{"start":{"line":104,"column":6},"end":{"line":105,"column":84}},{"start":{"line":106,"column":6},"end":{"line":107,"column":18}}],"line":93},"7":{"loc":{"start":{"line":116,"column":4},"end":{"line":118,"column":5}},"type":"if","locations":[{"start":{"line":116,"column":4},"end":{"line":118,"column":5}},{"start":{},"end":{}}],"line":116},"8":{"loc":{"start":{"line":162,"column":8},"end":{"line":169,"column":9}},"type":"if","locations":[{"start":{"line":162,"column":8},"end":{"line":169,"column":9}},{"start":{"line":164,"column":15},"end":{"line":169,"column":9}}],"line":162},"9":{"loc":{"start":{"line":164,"column":15},"end":{"line":169,"column":9}},"type":"if","locations":[{"start":{"line":164,"column":15},"end":{"line":169,"column":9}},{"start":{},"end":{}}],"line":164}},"s":{"0":30,"1":30,"2":0,"3":0,"4":0,"5":0,"6":0,"7":0,"8":0,"9":0,"10":0,"11":0,"12":0,"13":0,"14":0,"15":0,"16":0,"17":0,"18":128,"19":10,"20":118,"21":128,"22":118,"23":10,"24":0,"25":0,"26":0,"27":0,"28":0,"29":0,"30":0,"31":0,"32":30,"33":30,"34":30,"35":30,"36":30,"37":30,"38":30,"39":0,"40":0,"41":0,"42":0,"43":0,"44":0,"45":0,"46":0,"47":0,"48":0,"49":0,"50":0,"51":0,"52":0,"53":0,"54":0},"f":{"0":30,"1":0,"2":0,"3":0,"4":0,"5":0,"6":0,"7":128,"8":128,"9":0,"10":30,"11":0,"12":0,"13":0,"14":0,"15":0,"16":0,"17":0,"18":0},"b":{"0":[0,0],"1":[0,0],"2":[0,0],"3":[0,0],"4":[10,118],"5":[118,10],"6":[0,0,0,0,0,0,0],"7":[30,0],"8":[0,0],"9":[0,0]},"_coverageSchema":"1a1c01bbd47fc00a2c39e90264f33305004495a9","hash":"c5fa8839a720ced56bf44af1f530b0dd4152b99c"}
,"D:\\TELEPARK\\telepark\\telepark-frontend\\src\\utils\\withNavigate.js": {"path":"D:\\TELEPARK\\telepark\\telepark-frontend\\src\\utils\\withNavigate.js","statementMap":{"0":{"start":{"line":4,"column":2},"end":{"line":7,"column":4}},"1":{"start":{"line":5,"column":21},"end":{"line":5,"column":34}},"2":{"start":{"line":6,"column":4},"end":{"line":6,"column":56}}},"fnMap":{"0":{"name":"withNavigate","decl":{"start":{"line":3,"column":16},"end":{"line":3,"column":28}},"loc":{"start":{"line":3,"column":40},"end":{"line":8,"column":1}},"line":3},"1":{"name":"WrappedComponent","decl":{"start":{"line":4,"column":18},"end":{"line":4,"column":34}},"loc":{"start":{"line":4,"column":42},"end":{"line":7,"column":3}},"line":4}},"branchMap":{},"s":{"0":0,"1":0,"2":0},"f":{"0":0,"1":0},"b":{}}
}
