TN:
SF:src\App.js
FN:14,(anonymous_0)
FN:16,(anonymous_1)
FN:19,(anonymous_2)
FN:22,(anonymous_3)
FN:25,(anonymous_4)
FN:29,(anonymous_5)
FN:32,(anonymous_6)
FN:35,(anonymous_7)
FN:38,(anonymous_8)
FN:41,(anonymous_9)
FN:44,(anonymous_10)
FN:47,(anonymous_11)
FN:50,(anonymous_12)
FN:53,(anonymous_13)
FN:56,(anonymous_14)
FN:59,(anonymous_15)
FN:62,(anonymous_16)
FN:66,(anonymous_17)
FN:69,(anonymous_18)
FN:72,AppContent
FN:75,(anonymous_20)
FN:76,(anonymous_21)
FN:82,(anonymous_22)
FN:85,(anonymous_23)
FN:115,(anonymous_24)
FN:135,(anonymous_25)
FN:151,(anonymous_26)
FN:170,(anonymous_27)
FN:189,(anonymous_28)
FN:205,(anonymous_29)
FN:221,(anonymous_30)
FN:237,(anonymous_31)
FN:253,(anonymous_32)
FN:269,(anonymous_33)
FN:285,(anonymous_34)
FN:301,(anonymous_35)
FN:317,(anonymous_36)
FN:333,(anonymous_37)
FN:349,(anonymous_38)
FN:365,(anonymous_39)
FN:381,(anonymous_40)
FN:397,(anonymous_41)
FN:413,(anonymous_42)
FN:429,(anonymous_43)
FN:453,App
FNF:45
FNH:7
FNDA:1,(anonymous_0)
FNDA:0,(anonymous_1)
FNDA:1,(anonymous_2)
FNDA:0,(anonymous_3)
FNDA:0,(anonymous_4)
FNDA:0,(anonymous_5)
FNDA:0,(anonymous_6)
FNDA:0,(anonymous_7)
FNDA:0,(anonymous_8)
FNDA:0,(anonymous_9)
FNDA:0,(anonymous_10)
FNDA:0,(anonymous_11)
FNDA:0,(anonymous_12)
FNDA:0,(anonymous_13)
FNDA:0,(anonymous_14)
FNDA:0,(anonymous_15)
FNDA:0,(anonymous_16)
FNDA:0,(anonymous_17)
FNDA:0,(anonymous_18)
FNDA:10,AppContent
FNDA:4,(anonymous_20)
FNDA:2,(anonymous_21)
FNDA:4,(anonymous_22)
FNDA:0,(anonymous_23)
FNDA:0,(anonymous_24)
FNDA:0,(anonymous_25)
FNDA:0,(anonymous_26)
FNDA:0,(anonymous_27)
FNDA:0,(anonymous_28)
FNDA:0,(anonymous_29)
FNDA:0,(anonymous_30)
FNDA:0,(anonymous_31)
FNDA:0,(anonymous_32)
FNDA:0,(anonymous_33)
FNDA:0,(anonymous_34)
FNDA:0,(anonymous_35)
FNDA:0,(anonymous_36)
FNDA:0,(anonymous_37)
FNDA:0,(anonymous_38)
FNDA:0,(anonymous_39)
FNDA:0,(anonymous_40)
FNDA:0,(anonymous_41)
FNDA:0,(anonymous_42)
FNDA:0,(anonymous_43)
FNDA:6,App
DA:14,1
DA:15,1
DA:16,0
DA:18,1
DA:19,1
DA:21,1
DA:22,0
DA:24,1
DA:26,0
DA:28,1
DA:29,0
DA:31,1
DA:32,0
DA:34,1
DA:35,0
DA:37,1
DA:38,0
DA:40,1
DA:41,0
DA:43,1
DA:44,0
DA:46,1
DA:47,0
DA:49,1
DA:50,0
DA:52,1
DA:53,0
DA:55,1
DA:56,0
DA:58,1
DA:59,0
DA:61,1
DA:63,0
DA:65,1
DA:66,0
DA:68,1
DA:69,0
DA:73,10
DA:75,10
DA:76,4
DA:77,2
DA:78,2
DA:79,2
DA:81,4
DA:82,4
DA:85,10
DA:86,0
DA:87,0
DA:90,10
DA:116,0
DA:136,0
DA:152,0
DA:171,0
DA:190,0
DA:206,0
DA:222,0
DA:238,0
DA:254,0
DA:270,0
DA:286,0
DA:302,0
DA:318,0
DA:334,0
DA:350,0
DA:366,0
DA:382,0
DA:398,0
DA:414,0
DA:430,0
DA:454,6
DA:455,6
DA:456,6
DA:458,6
LF:73
LH:34
BRDA:92,0,0,5
BRDA:92,0,1,5
BRDA:127,1,0,10
BRDA:127,1,1,5
BRDA:129,2,0,0
BRDA:129,2,1,5
BRDA:443,3,0,10
BRDA:443,3,1,5
BRDA:448,4,0,5
BRDA:448,4,1,5
BRF:10
BRH:9
end_of_record
TN:
SF:src\http-common.js
FN:15,(anonymous_0)
FN:22,(anonymous_1)
FN:27,(anonymous_2)
FN:30,(anonymous_3)
FN:52,(anonymous_4)
FN:56,(anonymous_5)
FN:57,(anonymous_6)
FNF:7
FNH:1
FNDA:2,(anonymous_0)
FNDA:0,(anonymous_1)
FNDA:0,(anonymous_2)
FNDA:0,(anonymous_3)
FNDA:0,(anonymous_4)
FNDA:0,(anonymous_5)
FNDA:0,(anonymous_6)
DA:4,2
DA:14,2
DA:16,2
DA:17,2
DA:18,1
DA:20,2
DA:23,0
DA:26,2
DA:28,0
DA:31,0
DA:32,0
DA:34,0
DA:35,0
DA:36,0
DA:37,0
DA:40,0
DA:41,0
DA:42,0
DA:44,0
DA:49,0
DA:50,0
DA:51,0
DA:52,0
DA:54,0
DA:55,0
DA:56,0
DA:57,0
DA:59,0
DA:62,0
LF:29
LH:7
BRDA:6,0,0,2
BRDA:6,0,1,0
BRDA:17,1,0,1
BRDA:17,1,1,1
BRDA:32,2,0,0
BRDA:32,2,1,0
BRDA:32,3,0,0
BRDA:32,3,1,0
BRDA:34,4,0,0
BRDA:34,4,1,0
BRDA:34,5,0,0
BRDA:34,5,1,0
BRDA:49,6,0,0
BRDA:49,6,1,0
BRDA:51,7,0,0
BRDA:51,7,1,0
BRDA:51,8,0,0
BRDA:51,8,1,0
BRDA:52,9,0,0
BRDA:52,9,1,0
BRDA:54,10,0,0
BRDA:54,10,1,0
BRDA:54,11,0,0
BRDA:54,11,1,0
BRDA:54,11,2,0
BRDA:57,12,0,0
BRDA:57,12,1,0
BRDA:59,13,0,0
BRDA:59,13,1,0
BRDA:59,13,2,0
BRF:30
BRH:3
end_of_record
TN:
SF:src\index.js
FNF:0
FNH:0
DA:14,0
DA:15,0
DA:23,0
LF:3
LH:0
BRF:0
BRH:0
end_of_record
TN:
SF:src\reportWebVitals.js
FN:1,(anonymous_0)
FN:3,(anonymous_1)
FNF:2
FNH:0
FNDA:0,(anonymous_0)
FNDA:0,(anonymous_1)
DA:1,0
DA:2,0
DA:3,0
DA:4,0
DA:5,0
DA:6,0
DA:7,0
DA:8,0
LF:8
LH:0
BRDA:2,0,0,0
BRDA:2,0,1,0
BRDA:2,1,0,0
BRDA:2,1,1,0
BRF:4
BRH:0
end_of_record
TN:
SF:src\store.js
FNF:0
FNH:0
DA:4,0
LF:1
LH:0
BRF:0
BRH:0
end_of_record
TN:
SF:src\actions\global.js
FN:3,(anonymous_0)
FN:3,(anonymous_1)
FNF:2
FNH:0
FNDA:0,(anonymous_0)
FNDA:0,(anonymous_1)
DA:3,0
DA:4,0
DA:5,0
DA:7,0
LF:4
LH:0
BRF:0
BRH:0
end_of_record
TN:
SF:src\actions\types.js
FNF:0
FNH:0
DA:2,0
LF:1
LH:0
BRF:0
BRH:0
end_of_record
TN:
SF:src\components\actividad.component.js
FN:10,(anonymous_0)
FN:17,(anonymous_1)
FN:23,(anonymous_2)
FN:31,(anonymous_3)
FN:39,(anonymous_4)
FN:45,(anonymous_5)
FN:51,(anonymous_6)
FN:78,(anonymous_7)
FN:109,(anonymous_8)
FN:121,(anonymous_9)
FN:125,(anonymous_10)
FN:133,(anonymous_11)
FN:159,(anonymous_12)
FN:167,(anonymous_13)
FN:174,(anonymous_14)
FNF:15
FNH:0
FNDA:0,(anonymous_0)
FNDA:0,(anonymous_1)
FNDA:0,(anonymous_2)
FNDA:0,(anonymous_3)
FNDA:0,(anonymous_4)
FNDA:0,(anonymous_5)
FNDA:0,(anonymous_6)
FNDA:0,(anonymous_7)
FNDA:0,(anonymous_8)
FNDA:0,(anonymous_9)
FNDA:0,(anonymous_10)
FNDA:0,(anonymous_11)
FNDA:0,(anonymous_12)
FNDA:0,(anonymous_13)
FNDA:0,(anonymous_14)
DA:10,0
DA:11,0
DA:12,0
DA:13,0
DA:15,0
DA:17,0
DA:18,0
DA:19,0
DA:23,0
DA:24,0
DA:25,0
DA:26,0
DA:31,0
DA:32,0
DA:33,0
DA:34,0
DA:39,0
DA:40,0
DA:41,0
DA:45,0
DA:46,0
DA:47,0
DA:51,0
DA:52,0
DA:53,0
DA:57,0
DA:58,0
DA:59,0
DA:60,0
DA:61,0
DA:63,0
DA:66,0
DA:70,0
DA:71,0
DA:72,0
DA:73,0
DA:78,0
DA:79,0
DA:80,0
DA:81,0
DA:82,0
DA:83,0
DA:84,0
DA:88,0
DA:110,0
DA:121,0
DA:125,0
DA:133,0
DA:160,0
DA:167,0
DA:174,0
LF:51
LH:0
BRDA:25,0,0,0
BRDA:25,0,1,0
BRDA:33,1,0,0
BRDA:33,1,1,0
BRDA:52,2,0,0
BRDA:52,2,1,0
BRDA:57,3,0,0
BRDA:57,3,1,0
BRDA:70,4,0,0
BRDA:70,4,1,0
BRDA:80,5,0,0
BRDA:80,5,1,0
BRDA:82,6,0,0
BRDA:82,6,1,0
BRDA:116,7,0,0
BRDA:116,7,1,0
BRDA:139,8,0,0
BRDA:139,8,1,0
BRDA:142,9,0,0
BRDA:142,9,1,0
BRDA:158,10,0,0
BRDA:158,10,1,0
BRF:22
BRH:0
end_of_record
TN:
SF:src\components\add-paciente.component.js
FN:10,(anonymous_0)
FN:20,(anonymous_1)
FN:25,(anonymous_2)
FN:26,(anonymous_3)
FN:32,(anonymous_4)
FN:33,(anonymous_5)
FN:40,(anonymous_6)
FNF:7
FNH:3
FNDA:16,(anonymous_0)
FNDA:5,(anonymous_1)
FNDA:5,(anonymous_2)
FNDA:0,(anonymous_3)
FNDA:0,(anonymous_4)
FNDA:0,(anonymous_5)
FNDA:0,(anonymous_6)
DA:10,2
DA:11,16
DA:18,15
DA:20,15
DA:21,5
DA:25,15
DA:26,5
DA:27,3
DA:28,3
DA:32,15
DA:33,0
DA:34,0
DA:35,0
DA:36,0
DA:40,15
DA:41,0
DA:42,0
DA:45,15
DA:47,15
LF:19
LH:13
BRDA:27,0,0,3
BRDA:27,0,1,0
BRDA:34,1,0,0
BRDA:34,1,1,0
BRDA:128,2,0,15
BRDA:128,2,1,1
BRDA:148,3,0,15
BRDA:148,3,1,1
BRDA:169,4,0,15
BRDA:169,4,1,1
BRDA:190,5,0,15
BRDA:190,5,1,1
BRF:12
BRH:9
end_of_record
TN:
SF:src\components\admin-users.component.js
FN:10,(anonymous_0)
FN:20,(anonymous_1)
FN:25,(anonymous_2)
FN:31,(anonymous_3)
FN:110,(anonymous_4)
FN:115,(anonymous_5)
FN:122,(anonymous_6)
FN:138,(anonymous_7)
FN:166,(anonymous_8)
FN:167,(anonymous_9)
FN:178,(anonymous_10)
FN:190,(anonymous_11)
FN:191,(anonymous_12)
FN:202,(anonymous_13)
FN:218,(anonymous_14)
FN:235,(anonymous_15)
FN:242,(anonymous_16)
FN:255,(anonymous_17)
FN:262,(anonymous_18)
FN:275,(anonymous_19)
FN:279,(anonymous_20)
FN:282,(anonymous_21)
FN:290,(anonymous_22)
FN:309,(anonymous_23)
FN:314,(anonymous_24)
FN:322,(anonymous_25)
FN:343,(anonymous_26)
FN:357,(anonymous_27)
FN:371,(anonymous_28)
FN:385,(anonymous_29)
FN:399,(anonymous_30)
FN:412,(anonymous_31)
FN:429,(anonymous_32)
FN:443,(anonymous_33)
FN:450,(anonymous_34)
FN:475,(anonymous_35)
FN:488,(anonymous_36)
FN:502,(anonymous_37)
FN:516,(anonymous_38)
FN:528,(anonymous_39)
FN:540,(anonymous_40)
FN:555,(anonymous_41)
FN:566,(anonymous_42)
FN:573,(anonymous_43)
FN:603,(anonymous_44)
FN:609,(anonymous_45)
FN:620,(anonymous_46)
FNF:47
FNH:42
FNDA:416,(anonymous_0)
FNDA:58,(anonymous_1)
FNDA:177,(anonymous_2)
FNDA:36,(anonymous_3)
FNDA:70,(anonymous_4)
FNDA:37,(anonymous_5)
FNDA:30,(anonymous_6)
FNDA:17,(anonymous_7)
FNDA:8,(anonymous_8)
FNDA:8,(anonymous_9)
FNDA:20,(anonymous_10)
FNDA:6,(anonymous_11)
FNDA:6,(anonymous_12)
FNDA:16,(anonymous_13)
FNDA:26,(anonymous_14)
FNDA:12,(anonymous_15)
FNDA:0,(anonymous_16)
FNDA:1,(anonymous_17)
FNDA:0,(anonymous_18)
FNDA:15,(anonymous_19)
FNDA:0,(anonymous_20)
FNDA:0,(anonymous_21)
FNDA:1,(anonymous_22)
FNDA:1,(anonymous_23)
FNDA:1,(anonymous_24)
FNDA:26,(anonymous_25)
FNDA:20,(anonymous_26)
FNDA:20,(anonymous_27)
FNDA:20,(anonymous_28)
FNDA:19,(anonymous_29)
FNDA:20,(anonymous_30)
FNDA:21,(anonymous_31)
FNDA:21,(anonymous_32)
FNDA:20,(anonymous_33)
FNDA:1,(anonymous_34)
FNDA:0,(anonymous_35)
FNDA:10,(anonymous_36)
FNDA:1,(anonymous_37)
FNDA:15,(anonymous_38)
FNDA:5,(anonymous_39)
FNDA:2,(anonymous_40)
FNDA:2,(anonymous_41)
FNDA:17,(anonymous_42)
FNDA:3,(anonymous_43)
FNDA:128,(anonymous_44)
FNDA:128,(anonymous_45)
FNDA:30,(anonymous_46)
DA:10,3
DA:11,416
DA:12,413
DA:13,413
DA:16,413
DA:17,413
DA:18,413
DA:20,413
DA:21,58
DA:25,413
DA:27,177
DA:31,413
DA:32,36
DA:33,36
DA:35,36
DA:36,20
DA:37,1
DA:38,1
DA:41,20
DA:42,1
DA:43,1
DA:46,20
DA:47,1
DA:48,1
DA:51,20
DA:52,1
DA:53,1
DA:54,19
DA:55,2
DA:56,2
DA:59,20
DA:60,1
DA:61,1
DA:64,20
DA:65,1
DA:66,1
DA:69,20
DA:70,3
DA:71,3
DA:72,17
DA:73,3
DA:74,3
DA:77,16
DA:78,1
DA:79,1
DA:82,16
DA:83,1
DA:84,1
DA:87,16
DA:88,3
DA:89,3
DA:90,13
DA:91,2
DA:92,2
DA:95,16
DA:96,1
DA:97,1
DA:102,36
DA:104,36
DA:110,413
DA:111,70
DA:113,70
DA:114,70
DA:115,70
DA:116,37
DA:118,70
DA:122,413
DA:123,30
DA:124,30
DA:125,30
DA:126,30
DA:135,30
DA:138,413
DA:139,17
DA:140,1
DA:141,1
DA:144,16
DA:145,16
DA:146,8
DA:147,8
DA:148,5
DA:156,3
DA:166,8
DA:167,8
DA:168,8
DA:169,7
DA:170,7
DA:171,7
DA:178,413
DA:179,20
DA:180,20
DA:181,7
DA:182,7
DA:190,7
DA:191,6
DA:192,6
DA:193,5
DA:194,5
DA:195,5
DA:202,413
DA:203,16
DA:204,16
DA:205,16
DA:206,16
DA:218,413
DA:219,26
DA:220,26
DA:221,26
DA:222,26
DA:235,413
DA:236,12
DA:243,0
DA:244,0
DA:248,12
DA:255,413
DA:256,1
DA:263,0
DA:264,0
DA:268,1
DA:275,413
DA:276,15
DA:280,0
DA:290,413
DA:291,413
DA:309,1
DA:314,1
DA:322,26
DA:343,20
DA:357,20
DA:371,20
DA:385,19
DA:399,20
DA:412,21
DA:429,21
DA:443,20
DA:450,1
DA:475,0
DA:488,10
DA:502,1
DA:516,15
DA:528,5
DA:540,2
DA:555,2
DA:566,17
DA:573,3
DA:604,128
DA:610,128
DA:620,30
LF:148
LH:142
BRDA:35,0,0,20
BRDA:35,0,1,16
BRDA:36,1,0,1
BRDA:36,1,1,19
BRDA:41,2,0,1
BRDA:41,2,1,19
BRDA:46,3,0,1
BRDA:46,3,1,19
BRDA:51,4,0,1
BRDA:51,4,1,19
BRDA:54,5,0,2
BRDA:54,5,1,17
BRDA:59,6,0,1
BRDA:59,6,1,19
BRDA:64,7,0,1
BRDA:64,7,1,19
BRDA:69,8,0,3
BRDA:69,8,1,17
BRDA:72,9,0,3
BRDA:72,9,1,14
BRDA:77,10,0,1
BRDA:77,10,1,15
BRDA:82,11,0,1
BRDA:82,11,1,15
BRDA:87,12,0,3
BRDA:87,12,1,13
BRDA:90,13,0,2
BRDA:90,13,1,11
BRDA:95,14,0,1
BRDA:95,14,1,15
BRDA:95,15,0,16
BRDA:95,15,1,4
BRDA:113,16,0,70
BRDA:113,16,1,0
BRDA:113,17,0,70
BRDA:113,17,1,70
BRDA:115,18,0,70
BRDA:115,18,1,0
BRDA:132,19,0,2
BRDA:132,19,1,28
BRDA:133,20,0,28
BRDA:133,20,1,2
BRDA:139,21,0,1
BRDA:139,21,1,16
BRDA:145,22,0,8
BRDA:145,22,1,8
BRDA:147,23,0,5
BRDA:147,23,1,3
BRDA:153,24,0,5
BRDA:153,24,1,0
BRDA:162,25,0,3
BRDA:162,25,1,0
BRDA:168,26,0,7
BRDA:168,26,1,1
BRDA:168,27,0,8
BRDA:168,27,1,8
BRDA:180,28,0,7
BRDA:180,28,1,13
BRDA:192,29,0,5
BRDA:192,29,1,1
BRDA:192,30,0,6
BRDA:192,30,1,6
BRDA:310,31,0,413
BRDA:310,31,1,411
BRDA:329,32,0,213
BRDA:329,32,1,200
BRDA:344,33,0,213
BRDA:344,33,1,60
BRDA:358,34,0,213
BRDA:358,34,1,79
BRDA:372,35,0,213
BRDA:372,35,1,98
BRDA:386,36,0,213
BRDA:386,36,1,136
BRDA:400,37,0,213
BRDA:400,37,1,132
BRDA:413,38,0,213
BRDA:413,38,1,149
BRDA:430,39,0,213
BRDA:430,39,1,169
BRDA:460,40,0,81
BRDA:460,40,1,332
BRDA:476,41,0,81
BRDA:476,41,1,0
BRDA:489,42,0,81
BRDA:489,42,1,2
BRDA:503,43,0,81
BRDA:503,43,1,2
BRDA:517,44,0,81
BRDA:517,44,1,9
BRDA:529,45,0,81
BRDA:529,45,1,69
BRDA:541,46,0,81
BRDA:541,46,1,0
BRDA:556,47,0,81
BRDA:556,47,1,0
BRDA:600,48,0,413
BRDA:600,48,1,328
BRDA:604,49,0,128
BRDA:604,49,1,0
BRDA:604,49,2,0
BRDA:604,49,3,0
BRDA:610,50,0,128
BRDA:610,50,1,2
BRF:104
BRH:94
end_of_record
TN:
SF:src\components\asistencia-taller.component.js
FN:16,(anonymous_0)
FN:24,(anonymous_1)
FN:31,(anonymous_2)
FN:38,(anonymous_3)
FN:45,(anonymous_4)
FN:52,(anonymous_5)
FN:60,(anonymous_6)
FN:63,(anonymous_7)
FN:72,(anonymous_8)
FN:73,(anonymous_9)
FN:84,(anonymous_10)
FN:94,(anonymous_11)
FN:97,(anonymous_12)
FN:103,(anonymous_13)
FN:105,(anonymous_14)
FN:108,(anonymous_15)
FN:124,(anonymous_16)
FN:126,(anonymous_17)
FN:152,(anonymous_18)
FN:158,(anonymous_19)
FN:184,(anonymous_20)
FN:196,(anonymous_21)
FN:217,(anonymous_22)
FN:224,(anonymous_23)
FNF:24
FNH:0
FNDA:0,(anonymous_0)
FNDA:0,(anonymous_1)
FNDA:0,(anonymous_2)
FNDA:0,(anonymous_3)
FNDA:0,(anonymous_4)
FNDA:0,(anonymous_5)
FNDA:0,(anonymous_6)
FNDA:0,(anonymous_7)
FNDA:0,(anonymous_8)
FNDA:0,(anonymous_9)
FNDA:0,(anonymous_10)
FNDA:0,(anonymous_11)
FNDA:0,(anonymous_12)
FNDA:0,(anonymous_13)
FNDA:0,(anonymous_14)
FNDA:0,(anonymous_15)
FNDA:0,(anonymous_16)
FNDA:0,(anonymous_17)
FNDA:0,(anonymous_18)
FNDA:0,(anonymous_19)
FNDA:0,(anonymous_20)
FNDA:0,(anonymous_21)
FNDA:0,(anonymous_22)
FNDA:0,(anonymous_23)
DA:13,0
DA:14,0
DA:16,0
DA:17,0
DA:18,0
DA:19,0
DA:20,0
DA:22,0
DA:24,0
DA:25,0
DA:26,0
DA:27,0
DA:28,0
DA:31,0
DA:32,0
DA:33,0
DA:34,0
DA:38,0
DA:39,0
DA:40,0
DA:41,0
DA:45,0
DA:46,0
DA:47,0
DA:48,0
DA:52,0
DA:53,0
DA:54,0
DA:55,0
DA:60,0
DA:61,0
DA:62,0
DA:63,0
DA:72,0
DA:73,0
DA:79,0
DA:80,0
DA:81,0
DA:82,0
DA:83,0
DA:84,0
DA:94,0
DA:95,0
DA:96,0
DA:97,0
DA:100,0
DA:101,0
DA:103,0
DA:104,0
DA:105,0
DA:108,0
DA:109,0
DA:110,0
DA:111,0
DA:114,0
DA:119,0
DA:124,0
DA:125,0
DA:127,0
DA:134,0
DA:138,0
DA:153,0
DA:154,0
DA:159,0
DA:185,0
DA:196,0
DA:217,0
DA:224,0
LF:68
LH:0
BRDA:33,0,0,0
BRDA:33,0,1,0
BRDA:40,1,0,0
BRDA:40,1,1,0
BRDA:47,2,0,0
BRDA:47,2,1,0
BRDA:54,3,0,0
BRDA:54,3,1,0
BRDA:76,4,0,0
BRDA:76,4,1,0
BRDA:80,5,0,0
BRDA:80,5,1,0
BRDA:100,6,0,0
BRDA:100,6,1,0
BRDA:111,7,0,0
BRDA:111,7,1,0
BRDA:127,8,0,0
BRDA:127,8,1,0
BRDA:164,9,0,0
BRDA:164,9,1,0
BRDA:195,10,0,0
BRDA:195,10,1,0
BRDA:205,11,0,0
BRDA:205,11,1,0
BRF:24
BRH:0
end_of_record
TN:
SF:src\components\consulta.component.js
FN:15,(anonymous_0)
FN:33,(anonymous_1)
FN:41,(anonymous_2)
FN:48,(anonymous_3)
FN:55,(anonymous_4)
FN:62,(anonymous_5)
FN:69,(anonymous_6)
FN:76,(anonymous_7)
FN:84,(anonymous_8)
FN:103,(anonymous_9)
FN:120,(anonymous_10)
FN:122,(anonymous_11)
FN:126,(anonymous_12)
FN:132,(anonymous_13)
FN:143,(anonymous_14)
FN:144,(anonymous_15)
FN:146,(anonymous_16)
FN:154,(anonymous_17)
FN:155,(anonymous_18)
FN:177,(anonymous_19)
FN:194,(anonymous_20)
FN:210,(anonymous_21)
FN:237,(anonymous_22)
FN:252,(anonymous_23)
FNF:24
FNH:0
FNDA:0,(anonymous_0)
FNDA:0,(anonymous_1)
FNDA:0,(anonymous_2)
FNDA:0,(anonymous_3)
FNDA:0,(anonymous_4)
FNDA:0,(anonymous_5)
FNDA:0,(anonymous_6)
FNDA:0,(anonymous_7)
FNDA:0,(anonymous_8)
FNDA:0,(anonymous_9)
FNDA:0,(anonymous_10)
FNDA:0,(anonymous_11)
FNDA:0,(anonymous_12)
FNDA:0,(anonymous_13)
FNDA:0,(anonymous_14)
FNDA:0,(anonymous_15)
FNDA:0,(anonymous_16)
FNDA:0,(anonymous_17)
FNDA:0,(anonymous_18)
FNDA:0,(anonymous_19)
FNDA:0,(anonymous_20)
FNDA:0,(anonymous_21)
FNDA:0,(anonymous_22)
FNDA:0,(anonymous_23)
DA:13,0
DA:15,0
DA:16,0
DA:17,0
DA:18,0
DA:19,0
DA:20,0
DA:21,0
DA:23,0
DA:24,0
DA:25,0
DA:27,0
DA:29,0
DA:33,0
DA:34,0
DA:35,0
DA:36,0
DA:37,0
DA:38,0
DA:41,0
DA:42,0
DA:43,0
DA:44,0
DA:48,0
DA:49,0
DA:50,0
DA:51,0
DA:55,0
DA:56,0
DA:57,0
DA:58,0
DA:62,0
DA:63,0
DA:64,0
DA:65,0
DA:69,0
DA:70,0
DA:71,0
DA:72,0
DA:76,0
DA:77,0
DA:84,0
DA:85,0
DA:86,0
DA:87,0
DA:88,0
DA:90,0
DA:92,0
DA:93,0
DA:94,0
DA:95,0
DA:97,0
DA:98,0
DA:103,0
DA:104,0
DA:105,0
DA:106,0
DA:108,0
DA:109,0
DA:110,0
DA:111,0
DA:114,0
DA:115,0
DA:116,0
DA:119,0
DA:120,0
DA:122,0
DA:125,0
DA:127,0
DA:132,0
DA:133,0
DA:134,0
DA:135,0
DA:137,0
DA:138,0
DA:142,0
DA:143,0
DA:144,0
DA:146,0
DA:147,0
DA:150,0
DA:151,0
DA:154,0
DA:155,0
DA:156,0
DA:159,0
DA:178,0
DA:194,0
DA:211,0
DA:237,0
DA:253,0
LF:91
LH:0
BRDA:43,0,0,0
BRDA:43,0,1,0
BRDA:50,1,0,0
BRDA:50,1,1,0
BRDA:57,2,0,0
BRDA:57,2,1,0
BRDA:64,3,0,0
BRDA:64,3,1,0
BRDA:71,4,0,0
BRDA:71,4,1,0
BRDA:85,5,0,0
BRDA:85,5,1,0
BRDA:93,6,0,0
BRDA:93,6,1,0
BRDA:108,7,0,0
BRDA:108,7,1,0
BRDA:108,8,0,0
BRDA:108,8,1,0
BRDA:108,8,2,0
BRDA:127,9,0,0
BRDA:127,9,1,0
BRDA:134,10,0,0
BRDA:134,10,1,0
BRDA:156,11,0,0
BRDA:156,11,1,0
BRDA:183,12,0,0
BRDA:183,12,1,0
BRDA:201,13,0,0
BRDA:201,13,1,0
BRDA:219,14,0,0
BRDA:219,14,1,0
BRDA:244,15,0,0
BRDA:244,15,1,0
BRDA:262,16,0,0
BRDA:262,16,1,0
BRF:35
BRH:0
end_of_record
TN:
SF:src\components\encuentro.component.js
FN:13,(anonymous_0)
FN:28,(anonymous_1)
FN:35,(anonymous_2)
FN:43,(anonymous_3)
FN:51,(anonymous_4)
FN:59,(anonymous_5)
FN:67,(anonymous_6)
FN:68,(anonymous_7)
FN:69,(anonymous_8)
FN:76,(anonymous_9)
FN:77,(anonymous_10)
FN:81,(anonymous_11)
FN:83,(anonymous_12)
FN:86,(anonymous_13)
FN:92,(anonymous_14)
FN:94,(anonymous_15)
FN:98,(anonymous_16)
FN:102,(anonymous_17)
FN:105,(anonymous_18)
FN:109,(anonymous_19)
FN:116,(anonymous_20)
FN:131,(anonymous_21)
FN:146,(anonymous_22)
FN:151,(anonymous_23)
FN:157,(anonymous_24)
FN:167,(anonymous_25)
FN:174,(anonymous_26)
FN:183,(anonymous_27)
FN:188,(anonymous_28)
FN:197,(anonymous_29)
FN:199,(anonymous_30)
FN:205,(anonymous_31)
FN:211,(anonymous_32)
FN:212,(anonymous_33)
FN:231,(anonymous_34)
FN:248,(anonymous_35)
FN:258,(anonymous_36)
FN:267,(anonymous_37)
FN:276,(anonymous_38)
FN:345,(anonymous_39)
FN:362,(anonymous_40)
FN:368,(anonymous_41)
FN:443,(anonymous_42)
FN:460,(anonymous_43)
FN:466,(anonymous_44)
FN:493,(anonymous_45)
FN:501,(anonymous_46)
FN:511,(anonymous_47)
FN:524,(anonymous_48)
FN:530,(anonymous_49)
FNF:50
FNH:0
FNDA:0,(anonymous_0)
FNDA:0,(anonymous_1)
FNDA:0,(anonymous_2)
FNDA:0,(anonymous_3)
FNDA:0,(anonymous_4)
FNDA:0,(anonymous_5)
FNDA:0,(anonymous_6)
FNDA:0,(anonymous_7)
FNDA:0,(anonymous_8)
FNDA:0,(anonymous_9)
FNDA:0,(anonymous_10)
FNDA:0,(anonymous_11)
FNDA:0,(anonymous_12)
FNDA:0,(anonymous_13)
FNDA:0,(anonymous_14)
FNDA:0,(anonymous_15)
FNDA:0,(anonymous_16)
FNDA:0,(anonymous_17)
FNDA:0,(anonymous_18)
FNDA:0,(anonymous_19)
FNDA:0,(anonymous_20)
FNDA:0,(anonymous_21)
FNDA:0,(anonymous_22)
FNDA:0,(anonymous_23)
FNDA:0,(anonymous_24)
FNDA:0,(anonymous_25)
FNDA:0,(anonymous_26)
FNDA:0,(anonymous_27)
FNDA:0,(anonymous_28)
FNDA:0,(anonymous_29)
FNDA:0,(anonymous_30)
FNDA:0,(anonymous_31)
FNDA:0,(anonymous_32)
FNDA:0,(anonymous_33)
FNDA:0,(anonymous_34)
FNDA:0,(anonymous_35)
FNDA:0,(anonymous_36)
FNDA:0,(anonymous_37)
FNDA:0,(anonymous_38)
FNDA:0,(anonymous_39)
FNDA:0,(anonymous_40)
FNDA:0,(anonymous_41)
FNDA:0,(anonymous_42)
FNDA:0,(anonymous_43)
FNDA:0,(anonymous_44)
FNDA:0,(anonymous_45)
FNDA:0,(anonymous_46)
FNDA:0,(anonymous_47)
FNDA:0,(anonymous_48)
FNDA:0,(anonymous_49)
DA:13,0
DA:14,0
DA:15,0
DA:16,0
DA:17,0
DA:18,0
DA:19,0
DA:21,0
DA:22,0
DA:23,0
DA:25,0
DA:26,0
DA:28,0
DA:29,0
DA:30,0
DA:31,0
DA:35,0
DA:36,0
DA:37,0
DA:38,0
DA:43,0
DA:44,0
DA:45,0
DA:46,0
DA:51,0
DA:52,0
DA:53,0
DA:54,0
DA:59,0
DA:60,0
DA:61,0
DA:62,0
DA:67,0
DA:68,0
DA:69,0
DA:70,0
DA:76,0
DA:77,0
DA:79,0
DA:82,0
DA:83,0
DA:86,0
DA:91,0
DA:93,0
DA:94,0
DA:97,0
DA:98,0
DA:101,0
DA:102,0
DA:104,0
DA:105,0
DA:108,0
DA:109,0
DA:110,0
DA:111,0
DA:112,0
DA:116,0
DA:117,0
DA:122,0
DA:123,0
DA:124,0
DA:125,0
DA:126,0
DA:131,0
DA:132,0
DA:137,0
DA:138,0
DA:139,0
DA:140,0
DA:141,0
DA:142,0
DA:146,0
DA:147,0
DA:148,0
DA:151,0
DA:152,0
DA:153,0
DA:157,0
DA:158,0
DA:159,0
DA:164,0
DA:167,0
DA:168,0
DA:169,0
DA:170,0
DA:174,0
DA:175,0
DA:179,0
DA:180,0
DA:181,0
DA:182,0
DA:183,0
DA:188,0
DA:189,0
DA:190,0
DA:192,0
DA:195,0
DA:196,0
DA:197,0
DA:199,0
DA:201,0
DA:205,0
DA:206,0
DA:207,0
DA:211,0
DA:212,0
DA:213,0
DA:215,0
DA:216,0
DA:218,0
DA:219,0
DA:222,0
DA:224,0
DA:231,0
DA:249,0
DA:258,0
DA:267,0
DA:276,0
DA:346,0
DA:362,0
DA:368,0
DA:444,0
DA:460,0
DA:466,0
DA:494,0
DA:502,0
DA:511,0
DA:524,0
DA:530,0
LF:129
LH:0
BRDA:37,0,0,0
BRDA:37,0,1,0
BRDA:45,1,0,0
BRDA:45,1,1,0
BRDA:53,2,0,0
BRDA:53,2,1,0
BRDA:61,3,0,0
BRDA:61,3,1,0
BRDA:70,4,0,0
BRDA:70,4,1,0
BRDA:109,5,0,0
BRDA:109,5,1,0
BRDA:119,6,0,0
BRDA:119,6,1,0
BRDA:122,7,0,0
BRDA:122,7,1,0
BRDA:134,8,0,0
BRDA:134,8,1,0
BRDA:137,9,0,0
BRDA:137,9,1,0
BRDA:179,10,0,0
BRDA:179,10,1,0
BRDA:181,11,0,0
BRDA:181,11,1,0
BRDA:195,12,0,0
BRDA:195,12,1,0
BRDA:213,13,0,0
BRDA:213,13,1,0
BRDA:215,14,0,0
BRDA:215,14,1,0
BRDA:252,15,0,0
BRDA:252,15,1,0
BRDA:310,16,0,0
BRDA:310,16,1,0
BRDA:351,17,0,0
BRDA:351,17,1,0
BRDA:395,18,0,0
BRDA:395,18,1,0
BRDA:408,19,0,0
BRDA:408,19,1,0
BRDA:449,20,0,0
BRDA:449,20,1,0
BRDA:480,21,0,0
BRDA:480,21,1,0
BRDA:484,22,0,0
BRDA:484,22,1,0
BRDA:510,23,0,0
BRDA:510,23,1,0
BRF:48
BRH:0
end_of_record
TN:
SF:src\components\familiar.component.js
FN:4,(anonymous_0)
FNF:1
FNH:0
FNDA:0,(anonymous_0)
DA:4,0
DA:5,0
LF:2
LH:0
BRF:0
BRH:0
end_of_record
TN:
SF:src\components\ficha-medica.component.js
FN:11,(anonymous_0)
FN:12,(anonymous_1)
FN:13,(anonymous_2)
FN:21,(anonymous_3)
FN:29,(anonymous_4)
FN:38,(anonymous_5)
FN:47,(anonymous_6)
FN:56,(anonymous_7)
FN:112,(anonymous_8)
FN:113,(anonymous_9)
FN:153,(anonymous_10)
FN:154,(anonymous_11)
FN:194,(anonymous_12)
FN:195,(anonymous_13)
FN:237,(anonymous_14)
FN:238,(anonymous_15)
FNF:16
FNH:0
FNDA:0,(anonymous_0)
FNDA:0,(anonymous_1)
FNDA:0,(anonymous_2)
FNDA:0,(anonymous_3)
FNDA:0,(anonymous_4)
FNDA:0,(anonymous_5)
FNDA:0,(anonymous_6)
FNDA:0,(anonymous_7)
FNDA:0,(anonymous_8)
FNDA:0,(anonymous_9)
FNDA:0,(anonymous_10)
FNDA:0,(anonymous_11)
FNDA:0,(anonymous_12)
FNDA:0,(anonymous_13)
FNDA:0,(anonymous_14)
FNDA:0,(anonymous_15)
DA:11,0
DA:12,0
DA:13,0
DA:14,0
DA:16,0
DA:17,0
DA:18,0
DA:19,0
DA:21,0
DA:22,0
DA:23,0
DA:24,0
DA:25,0
DA:29,0
DA:30,0
DA:32,0
DA:33,0
DA:38,0
DA:39,0
DA:41,0
DA:42,0
DA:47,0
DA:48,0
DA:50,0
DA:51,0
DA:56,0
DA:57,0
DA:59,0
DA:60,0
DA:64,0
DA:112,0
DA:114,0
DA:153,0
DA:155,0
DA:194,0
DA:196,0
DA:237,0
DA:239,0
LF:38
LH:0
BRDA:32,0,0,0
BRDA:32,0,1,0
BRDA:41,1,0,0
BRDA:41,1,1,0
BRDA:50,2,0,0
BRDA:50,2,1,0
BRDA:59,3,0,0
BRDA:59,3,1,0
BRDA:110,4,0,0
BRDA:110,4,1,0
BRDA:151,5,0,0
BRDA:151,5,1,0
BRDA:192,6,0,0
BRDA:192,6,1,0
BRDA:235,7,0,0
BRDA:235,7,1,0
BRF:16
BRH:0
end_of_record
TN:
SF:src\components\footer.component.js
FN:5,(anonymous_0)
FNF:1
FNH:1
FNDA:4,(anonymous_0)
DA:5,2
DA:6,4
LF:2
LH:2
BRF:0
BRH:0
end_of_record
TN:
SF:src\components\gestion-eventos.component.js
FN:7,(anonymous_0)
FN:20,(anonymous_1)
FN:28,(anonymous_2)
FN:36,(anonymous_3)
FN:43,(anonymous_4)
FN:50,(anonymous_5)
FN:63,(anonymous_6)
FN:68,(anonymous_7)
FN:74,(anonymous_8)
FN:81,(anonymous_9)
FN:93,(anonymous_10)
FN:100,(anonymous_11)
FN:112,(anonymous_12)
FN:194,(anonymous_13)
FN:220,(anonymous_14)
FN:234,(anonymous_15)
FNF:16
FNH:5
FNDA:2,(anonymous_0)
FNDA:1,(anonymous_1)
FNDA:1,(anonymous_2)
FNDA:1,(anonymous_3)
FNDA:0,(anonymous_4)
FNDA:0,(anonymous_5)
FNDA:0,(anonymous_6)
FNDA:0,(anonymous_7)
FNDA:0,(anonymous_8)
FNDA:0,(anonymous_9)
FNDA:0,(anonymous_10)
FNDA:0,(anonymous_11)
FNDA:1,(anonymous_12)
FNDA:0,(anonymous_13)
FNDA:0,(anonymous_14)
FNDA:0,(anonymous_15)
DA:7,1
DA:8,2
DA:9,1
DA:10,1
DA:11,1
DA:20,1
DA:21,1
DA:22,1
DA:28,1
DA:29,1
DA:30,1
DA:31,0
DA:36,1
DA:37,1
DA:38,1
DA:39,0
DA:43,1
DA:44,0
DA:50,1
DA:51,0
DA:52,0
DA:61,0
DA:64,0
DA:65,0
DA:69,0
DA:74,1
DA:75,0
DA:82,0
DA:83,0
DA:87,0
DA:93,1
DA:94,0
DA:101,0
DA:102,0
DA:106,0
DA:112,1
DA:113,1
DA:114,0
DA:116,1
DA:119,1
DA:120,1
DA:122,1
DA:195,0
DA:221,0
DA:234,0
LF:45
LH:24
BRDA:30,0,0,0
BRDA:30,0,1,1
BRDA:30,1,0,1
BRDA:30,1,1,0
BRDA:31,2,0,0
BRDA:31,2,1,0
BRDA:38,3,0,0
BRDA:38,3,1,1
BRDA:64,4,0,0
BRDA:64,4,1,0
BRDA:113,5,0,0
BRDA:113,5,1,1
BRDA:113,6,0,1
BRDA:113,6,1,0
BRDA:157,7,0,1
BRDA:157,7,1,0
BRF:16
BRH:6
end_of_record
TN:
SF:src\components\list-diagnostico.component.js
FN:10,(anonymous_0)
FN:11,(anonymous_1)
FN:12,(anonymous_2)
FN:25,(anonymous_3)
FN:31,(anonymous_4)
FN:43,(anonymous_5)
FN:56,(anonymous_6)
FN:63,(anonymous_7)
FN:76,(anonymous_8)
FN:82,(anonymous_9)
FN:90,(anonymous_10)
FN:96,(anonymous_11)
FN:101,(anonymous_12)
FN:107,(anonymous_13)
FN:119,(anonymous_14)
FN:125,(anonymous_15)
FN:133,(anonymous_16)
FN:142,(anonymous_17)
FN:147,(anonymous_18)
FN:154,(anonymous_19)
FN:161,(anonymous_20)
FN:173,(anonymous_21)
FN:192,(anonymous_22)
FN:222,(anonymous_23)
FN:239,(anonymous_24)
FN:244,(anonymous_25)
FN:257,(anonymous_26)
FN:264,(anonymous_27)
FN:271,(anonymous_28)
FN:291,(anonymous_29)
FN:296,(anonymous_30)
FN:309,(anonymous_31)
FN:317,(anonymous_32)
FN:324,(anonymous_33)
FN:352,(anonymous_34)
FN:353,(anonymous_35)
FN:361,(anonymous_36)
FN:374,(anonymous_37)
FNF:38
FNH:0
FNDA:0,(anonymous_0)
FNDA:0,(anonymous_1)
FNDA:0,(anonymous_2)
FNDA:0,(anonymous_3)
FNDA:0,(anonymous_4)
FNDA:0,(anonymous_5)
FNDA:0,(anonymous_6)
FNDA:0,(anonymous_7)
FNDA:0,(anonymous_8)
FNDA:0,(anonymous_9)
FNDA:0,(anonymous_10)
FNDA:0,(anonymous_11)
FNDA:0,(anonymous_12)
FNDA:0,(anonymous_13)
FNDA:0,(anonymous_14)
FNDA:0,(anonymous_15)
FNDA:0,(anonymous_16)
FNDA:0,(anonymous_17)
FNDA:0,(anonymous_18)
FNDA:0,(anonymous_19)
FNDA:0,(anonymous_20)
FNDA:0,(anonymous_21)
FNDA:0,(anonymous_22)
FNDA:0,(anonymous_23)
FNDA:0,(anonymous_24)
FNDA:0,(anonymous_25)
FNDA:0,(anonymous_26)
FNDA:0,(anonymous_27)
FNDA:0,(anonymous_28)
FNDA:0,(anonymous_29)
FNDA:0,(anonymous_30)
FNDA:0,(anonymous_31)
FNDA:0,(anonymous_32)
FNDA:0,(anonymous_33)
FNDA:0,(anonymous_34)
FNDA:0,(anonymous_35)
FNDA:0,(anonymous_36)
FNDA:0,(anonymous_37)
DA:10,0
DA:11,0
DA:12,0
DA:13,0
DA:15,0
DA:16,0
DA:17,0
DA:21,0
DA:22,0
DA:23,0
DA:25,0
DA:26,0
DA:27,0
DA:31,0
DA:32,0
DA:34,0
DA:35,0
DA:43,0
DA:44,0
DA:45,0
DA:46,0
DA:49,0
DA:51,0
DA:52,0
DA:56,0
DA:57,0
DA:58,0
DA:59,0
DA:60,0
DA:63,0
DA:64,0
DA:65,0
DA:66,0
DA:67,0
DA:68,0
DA:74,0
DA:77,0
DA:78,0
DA:79,0
DA:83,0
DA:85,0
DA:86,0
DA:90,0
DA:91,0
DA:92,0
DA:93,0
DA:96,0
DA:97,0
DA:98,0
DA:101,0
DA:102,0
DA:103,0
DA:104,0
DA:107,0
DA:108,0
DA:109,0
DA:110,0
DA:111,0
DA:117,0
DA:120,0
DA:121,0
DA:122,0
DA:126,0
DA:128,0
DA:129,0
DA:133,0
DA:134,0
DA:140,0
DA:143,0
DA:144,0
DA:148,0
DA:150,0
DA:154,0
DA:155,0
DA:162,0
DA:163,0
DA:167,0
DA:173,0
DA:174,0
DA:182,0
DA:193,0
DA:194,0
DA:195,0
DA:196,0
DA:200,0
DA:205,0
DA:222,0
DA:239,0
DA:245,0
DA:257,0
DA:264,0
DA:271,0
DA:291,0
DA:297,0
DA:309,0
DA:317,0
DA:324,0
DA:352,0
DA:354,0
DA:362,0
DA:375,0
LF:101
LH:0
BRDA:34,0,0,0
BRDA:34,0,1,0
BRDA:44,1,0,0
BRDA:44,1,1,0
BRDA:51,2,0,0
BRDA:51,2,1,0
BRDA:51,3,0,0
BRDA:51,3,1,0
BRDA:52,4,0,0
BRDA:52,4,1,0
BRDA:67,5,0,0
BRDA:67,5,1,0
BRDA:67,6,0,0
BRDA:67,6,1,0
BRDA:77,7,0,0
BRDA:77,7,1,0
BRDA:110,8,0,0
BRDA:110,8,1,0
BRDA:110,9,0,0
BRDA:110,9,1,0
BRDA:120,10,0,0
BRDA:120,10,1,0
BRDA:143,11,0,0
BRDA:143,11,1,0
BRDA:193,12,0,0
BRDA:193,12,1,0
BRDA:196,13,0,0
BRDA:196,13,1,0
BRDA:230,14,0,0
BRDA:230,14,1,0
BRDA:240,15,0,0
BRDA:240,15,1,0
BRDA:243,16,0,0
BRDA:243,16,1,0
BRDA:283,17,0,0
BRDA:283,17,1,0
BRDA:292,18,0,0
BRDA:292,18,1,0
BRDA:295,19,0,0
BRDA:295,19,1,0
BRDA:310,20,0,0
BRDA:310,20,1,0
BRDA:350,21,0,0
BRDA:350,21,1,0
BRF:44
BRH:0
end_of_record
TN:
SF:src\components\list-evolucion.component.js
FN:9,(anonymous_0)
FN:10,(anonymous_1)
FN:11,(anonymous_2)
FN:23,(anonymous_3)
FN:28,(anonymous_4)
FN:36,(anonymous_5)
FN:43,(anonymous_6)
FN:56,(anonymous_7)
FN:60,(anonymous_8)
FN:68,(anonymous_9)
FN:74,(anonymous_10)
FN:79,(anonymous_11)
FN:85,(anonymous_12)
FN:97,(anonymous_13)
FN:101,(anonymous_14)
FN:109,(anonymous_15)
FN:118,(anonymous_16)
FN:121,(anonymous_17)
FN:128,(anonymous_18)
FN:135,(anonymous_19)
FN:147,(anonymous_20)
FN:166,(anonymous_21)
FN:196,(anonymous_22)
FN:213,(anonymous_23)
FN:231,(anonymous_24)
FN:238,(anonymous_25)
FN:245,(anonymous_26)
FN:265,(anonymous_27)
FN:283,(anonymous_28)
FN:291,(anonymous_29)
FN:298,(anonymous_30)
FN:327,(anonymous_31)
FN:328,(anonymous_32)
FN:337,(anonymous_33)
FN:350,(anonymous_34)
FNF:35
FNH:0
FNDA:0,(anonymous_0)
FNDA:0,(anonymous_1)
FNDA:0,(anonymous_2)
FNDA:0,(anonymous_3)
FNDA:0,(anonymous_4)
FNDA:0,(anonymous_5)
FNDA:0,(anonymous_6)
FNDA:0,(anonymous_7)
FNDA:0,(anonymous_8)
FNDA:0,(anonymous_9)
FNDA:0,(anonymous_10)
FNDA:0,(anonymous_11)
FNDA:0,(anonymous_12)
FNDA:0,(anonymous_13)
FNDA:0,(anonymous_14)
FNDA:0,(anonymous_15)
FNDA:0,(anonymous_16)
FNDA:0,(anonymous_17)
FNDA:0,(anonymous_18)
FNDA:0,(anonymous_19)
FNDA:0,(anonymous_20)
FNDA:0,(anonymous_21)
FNDA:0,(anonymous_22)
FNDA:0,(anonymous_23)
FNDA:0,(anonymous_24)
FNDA:0,(anonymous_25)
FNDA:0,(anonymous_26)
FNDA:0,(anonymous_27)
FNDA:0,(anonymous_28)
FNDA:0,(anonymous_29)
FNDA:0,(anonymous_30)
FNDA:0,(anonymous_31)
FNDA:0,(anonymous_32)
FNDA:0,(anonymous_33)
FNDA:0,(anonymous_34)
DA:9,0
DA:10,0
DA:11,0
DA:12,0
DA:14,0
DA:15,0
DA:16,0
DA:20,0
DA:21,0
DA:23,0
DA:24,0
DA:28,0
DA:29,0
DA:31,0
DA:32,0
DA:36,0
DA:37,0
DA:38,0
DA:39,0
DA:40,0
DA:43,0
DA:44,0
DA:45,0
DA:46,0
DA:47,0
DA:48,0
DA:54,0
DA:57,0
DA:58,0
DA:61,0
DA:63,0
DA:64,0
DA:68,0
DA:69,0
DA:70,0
DA:71,0
DA:74,0
DA:75,0
DA:76,0
DA:79,0
DA:80,0
DA:81,0
DA:82,0
DA:85,0
DA:86,0
DA:87,0
DA:88,0
DA:89,0
DA:95,0
DA:98,0
DA:99,0
DA:102,0
DA:104,0
DA:105,0
DA:109,0
DA:110,0
DA:116,0
DA:119,0
DA:122,0
DA:124,0
DA:128,0
DA:129,0
DA:136,0
DA:137,0
DA:141,0
DA:147,0
DA:148,0
DA:156,0
DA:167,0
DA:168,0
DA:169,0
DA:170,0
DA:174,0
DA:179,0
DA:196,0
DA:213,0
DA:231,0
DA:238,0
DA:245,0
DA:265,0
DA:283,0
DA:291,0
DA:298,0
DA:327,0
DA:329,0
DA:338,0
DA:351,0
LF:87
LH:0
BRDA:31,0,0,0
BRDA:31,0,1,0
BRDA:47,1,0,0
BRDA:47,1,1,0
BRDA:47,2,0,0
BRDA:47,2,1,0
BRDA:88,3,0,0
BRDA:88,3,1,0
BRDA:88,4,0,0
BRDA:88,4,1,0
BRDA:167,5,0,0
BRDA:167,5,1,0
BRDA:170,6,0,0
BRDA:170,6,1,0
BRDA:204,7,0,0
BRDA:204,7,1,0
BRDA:214,8,0,0
BRDA:214,8,1,0
BRDA:257,9,0,0
BRDA:257,9,1,0
BRDA:266,10,0,0
BRDA:266,10,1,0
BRDA:284,11,0,0
BRDA:284,11,1,0
BRDA:325,12,0,0
BRDA:325,12,1,0
BRF:26
BRH:0
end_of_record
TN:
SF:src\components\list-indicacion.component.js
FN:10,(anonymous_0)
FN:11,(anonymous_1)
FN:12,(anonymous_2)
FN:28,(anonymous_3)
FN:34,(anonymous_4)
FN:43,(anonymous_5)
FN:51,(anonymous_6)
FN:58,(anonymous_7)
FN:83,(anonymous_8)
FN:87,(anonymous_9)
FN:95,(anonymous_10)
FN:101,(anonymous_11)
FN:106,(anonymous_12)
FN:112,(anonymous_13)
FN:136,(anonymous_14)
FN:140,(anonymous_15)
FN:148,(anonymous_16)
FN:167,(anonymous_17)
FN:170,(anonymous_18)
FN:177,(anonymous_19)
FN:184,(anonymous_20)
FN:196,(anonymous_21)
FN:222,(anonymous_22)
FN:259,(anonymous_23)
FN:276,(anonymous_24)
FN:281,(anonymous_25)
FN:294,(anonymous_26)
FN:303,(anonymous_27)
FN:312,(anonymous_28)
FN:321,(anonymous_29)
FN:333,(anonymous_30)
FN:340,(anonymous_31)
FN:360,(anonymous_32)
FN:365,(anonymous_33)
FN:378,(anonymous_34)
FN:388,(anonymous_35)
FN:398,(anonymous_36)
FN:408,(anonymous_37)
FN:420,(anonymous_38)
FN:427,(anonymous_39)
FN:458,(anonymous_40)
FN:459,(anonymous_41)
FN:470,(anonymous_42)
FN:486,(anonymous_43)
FNF:44
FNH:0
FNDA:0,(anonymous_0)
FNDA:0,(anonymous_1)
FNDA:0,(anonymous_2)
FNDA:0,(anonymous_3)
FNDA:0,(anonymous_4)
FNDA:0,(anonymous_5)
FNDA:0,(anonymous_6)
FNDA:0,(anonymous_7)
FNDA:0,(anonymous_8)
FNDA:0,(anonymous_9)
FNDA:0,(anonymous_10)
FNDA:0,(anonymous_11)
FNDA:0,(anonymous_12)
FNDA:0,(anonymous_13)
FNDA:0,(anonymous_14)
FNDA:0,(anonymous_15)
FNDA:0,(anonymous_16)
FNDA:0,(anonymous_17)
FNDA:0,(anonymous_18)
FNDA:0,(anonymous_19)
FNDA:0,(anonymous_20)
FNDA:0,(anonymous_21)
FNDA:0,(anonymous_22)
FNDA:0,(anonymous_23)
FNDA:0,(anonymous_24)
FNDA:0,(anonymous_25)
FNDA:0,(anonymous_26)
FNDA:0,(anonymous_27)
FNDA:0,(anonymous_28)
FNDA:0,(anonymous_29)
FNDA:0,(anonymous_30)
FNDA:0,(anonymous_31)
FNDA:0,(anonymous_32)
FNDA:0,(anonymous_33)
FNDA:0,(anonymous_34)
FNDA:0,(anonymous_35)
FNDA:0,(anonymous_36)
FNDA:0,(anonymous_37)
FNDA:0,(anonymous_38)
FNDA:0,(anonymous_39)
FNDA:0,(anonymous_40)
FNDA:0,(anonymous_41)
FNDA:0,(anonymous_42)
FNDA:0,(anonymous_43)
DA:10,0
DA:11,0
DA:12,0
DA:13,0
DA:15,0
DA:16,0
DA:17,0
DA:24,0
DA:25,0
DA:26,0
DA:28,0
DA:29,0
DA:30,0
DA:34,0
DA:35,0
DA:37,0
DA:38,0
DA:43,0
DA:44,0
DA:46,0
DA:47,0
DA:51,0
DA:52,0
DA:53,0
DA:54,0
DA:55,0
DA:58,0
DA:59,0
DA:60,0
DA:61,0
DA:62,0
DA:63,0
DA:64,0
DA:65,0
DA:72,0
DA:81,0
DA:84,0
DA:85,0
DA:88,0
DA:90,0
DA:91,0
DA:95,0
DA:96,0
DA:97,0
DA:98,0
DA:101,0
DA:102,0
DA:103,0
DA:106,0
DA:107,0
DA:108,0
DA:109,0
DA:112,0
DA:113,0
DA:114,0
DA:115,0
DA:116,0
DA:117,0
DA:118,0
DA:125,0
DA:134,0
DA:137,0
DA:138,0
DA:141,0
DA:143,0
DA:144,0
DA:148,0
DA:156,0
DA:165,0
DA:168,0
DA:171,0
DA:173,0
DA:177,0
DA:178,0
DA:185,0
DA:186,0
DA:190,0
DA:196,0
DA:204,0
DA:212,0
DA:223,0
DA:224,0
DA:232,0
DA:233,0
DA:237,0
DA:242,0
DA:259,0
DA:276,0
DA:282,0
DA:294,0
DA:303,0
DA:312,0
DA:321,0
DA:333,0
DA:340,0
DA:360,0
DA:366,0
DA:378,0
DA:388,0
DA:398,0
DA:408,0
DA:420,0
DA:427,0
DA:458,0
DA:460,0
DA:471,0
DA:487,0
LF:107
LH:0
BRDA:37,0,0,0
BRDA:37,0,1,0
BRDA:46,1,0,0
BRDA:46,1,1,0
BRDA:65,2,0,0
BRDA:65,2,1,0
BRDA:66,3,0,0
BRDA:66,3,1,0
BRDA:66,3,2,0
BRDA:66,3,3,0
BRDA:66,3,4,0
BRDA:118,4,0,0
BRDA:118,4,1,0
BRDA:119,5,0,0
BRDA:119,5,1,0
BRDA:119,5,2,0
BRDA:119,5,3,0
BRDA:119,5,4,0
BRDA:223,6,0,0
BRDA:223,6,1,0
BRDA:233,7,0,0
BRDA:233,7,1,0
BRDA:267,8,0,0
BRDA:267,8,1,0
BRDA:277,9,0,0
BRDA:277,9,1,0
BRDA:280,10,0,0
BRDA:280,10,1,0
BRDA:322,11,0,0
BRDA:322,11,1,0
BRDA:352,12,0,0
BRDA:352,12,1,0
BRDA:361,13,0,0
BRDA:361,13,1,0
BRDA:364,14,0,0
BRDA:364,14,1,0
BRDA:379,15,0,0
BRDA:379,15,1,0
BRDA:389,16,0,0
BRDA:389,16,1,0
BRDA:399,17,0,0
BRDA:399,17,1,0
BRDA:456,18,0,0
BRDA:456,18,1,0
BRF:44
BRH:0
end_of_record
TN:
SF:src\components\list-obrasocial.component.js
FN:10,(anonymous_0)
FN:19,(anonymous_1)
FN:25,(anonymous_2)
FN:26,(anonymous_3)
FN:33,(anonymous_4)
FN:34,(anonymous_5)
FN:41,(anonymous_6)
FN:47,(anonymous_7)
FN:54,(anonymous_8)
FN:62,(anonymous_9)
FN:69,(anonymous_10)
FN:77,(anonymous_11)
FN:88,(anonymous_12)
FN:97,(anonymous_13)
FN:108,(anonymous_14)
FN:114,(anonymous_15)
FN:137,(anonymous_16)
FN:183,(anonymous_17)
FN:184,(anonymous_18)
FN:192,(anonymous_19)
FN:200,(anonymous_20)
FN:221,(anonymous_21)
FNF:22
FNH:0
FNDA:0,(anonymous_0)
FNDA:0,(anonymous_1)
FNDA:0,(anonymous_2)
FNDA:0,(anonymous_3)
FNDA:0,(anonymous_4)
FNDA:0,(anonymous_5)
FNDA:0,(anonymous_6)
FNDA:0,(anonymous_7)
FNDA:0,(anonymous_8)
FNDA:0,(anonymous_9)
FNDA:0,(anonymous_10)
FNDA:0,(anonymous_11)
FNDA:0,(anonymous_12)
FNDA:0,(anonymous_13)
FNDA:0,(anonymous_14)
FNDA:0,(anonymous_15)
FNDA:0,(anonymous_16)
FNDA:0,(anonymous_17)
FNDA:0,(anonymous_18)
FNDA:0,(anonymous_19)
FNDA:0,(anonymous_20)
FNDA:0,(anonymous_21)
DA:10,0
DA:11,0
DA:12,0
DA:13,0
DA:14,0
DA:15,0
DA:16,0
DA:17,0
DA:19,0
DA:20,0
DA:21,0
DA:25,0
DA:26,0
DA:27,0
DA:28,0
DA:33,0
DA:34,0
DA:35,0
DA:36,0
DA:41,0
DA:42,0
DA:43,0
DA:47,0
DA:48,0
DA:49,0
DA:50,0
DA:54,0
DA:55,0
DA:56,0
DA:57,0
DA:58,0
DA:62,0
DA:63,0
DA:64,0
DA:65,0
DA:69,0
DA:70,0
DA:71,0
DA:72,0
DA:77,0
DA:78,0
DA:79,0
DA:80,0
DA:81,0
DA:82,0
DA:88,0
DA:89,0
DA:90,0
DA:91,0
DA:92,0
DA:97,0
DA:98,0
DA:99,0
DA:100,0
DA:101,0
DA:102,0
DA:108,0
DA:109,0
DA:114,0
DA:115,0
DA:116,0
DA:117,0
DA:121,0
DA:137,0
DA:183,0
DA:185,0
DA:192,0
DA:201,0
DA:221,0
DA:222,0
LF:70
LH:0
BRDA:27,0,0,0
BRDA:27,0,1,0
BRDA:35,1,0,0
BRDA:35,1,1,0
BRDA:71,2,0,0
BRDA:71,2,1,0
BRDA:78,3,0,0
BRDA:78,3,1,0
BRDA:91,4,0,0
BRDA:91,4,1,0
BRDA:98,5,0,0
BRDA:98,5,1,0
BRDA:115,6,0,0
BRDA:115,6,1,0
BRDA:144,7,0,0
BRDA:144,7,1,0
BRDA:157,8,0,0
BRDA:157,8,1,0
BRDA:181,9,0,0
BRDA:181,9,1,0
BRF:20
BRH:0
end_of_record
TN:
SF:src\components\list-pacientes-ep.component.js
FN:19,(anonymous_0)
FN:25,(anonymous_1)
FN:32,(anonymous_2)
FN:33,(anonymous_3)
FN:41,(anonymous_4)
FN:47,(anonymous_5)
FN:52,(anonymous_6)
FN:108,(anonymous_7)
FN:114,(anonymous_8)
FN:122,(anonymous_9)
FN:141,(anonymous_10)
FN:160,(anonymous_11)
FN:179,(anonymous_12)
FN:198,(anonymous_13)
FN:226,(anonymous_14)
FNF:15
FNH:0
FNDA:0,(anonymous_0)
FNDA:0,(anonymous_1)
FNDA:0,(anonymous_2)
FNDA:0,(anonymous_3)
FNDA:0,(anonymous_4)
FNDA:0,(anonymous_5)
FNDA:0,(anonymous_6)
FNDA:0,(anonymous_7)
FNDA:0,(anonymous_8)
FNDA:0,(anonymous_9)
FNDA:0,(anonymous_10)
FNDA:0,(anonymous_11)
FNDA:0,(anonymous_12)
FNDA:0,(anonymous_13)
FNDA:0,(anonymous_14)
DA:19,0
DA:20,0
DA:21,0
DA:22,0
DA:23,0
DA:25,0
DA:26,0
DA:32,0
DA:33,0
DA:34,0
DA:35,0
DA:36,0
DA:41,0
DA:42,0
DA:43,0
DA:47,0
DA:48,0
DA:52,0
DA:53,0
DA:54,0
DA:55,0
DA:58,0
DA:109,0
DA:115,0
DA:123,0
DA:142,0
DA:161,0
DA:180,0
DA:199,0
DA:226,0
DA:227,0
LF:31
LH:0
BRDA:34,0,0,0
BRDA:34,0,1,0
BRDA:34,1,0,0
BRDA:34,1,1,0
BRDA:35,2,0,0
BRDA:35,2,1,0
BRDA:92,3,0,0
BRDA:92,3,1,0
BRDA:105,4,0,0
BRDA:105,4,1,0
BRDA:109,5,0,0
BRDA:109,5,1,0
BRDA:109,5,2,0
BRDA:109,5,3,0
BRDA:115,6,0,0
BRDA:115,6,1,0
BRF:16
BRH:0
end_of_record
TN:
SF:src\components\login.component.js
FN:9,(anonymous_0)
FN:16,(anonymous_1)
FN:34,(anonymous_2)
FN:63,(anonymous_3)
FN:68,(anonymous_4)
FN:78,(anonymous_5)
FN:82,(anonymous_6)
FN:88,(anonymous_7)
FN:110,(anonymous_8)
FN:135,(anonymous_9)
FN:146,(anonymous_10)
FNF:11
FNH:1
FNDA:6,(anonymous_0)
FNDA:0,(anonymous_1)
FNDA:0,(anonymous_2)
FNDA:0,(anonymous_3)
FNDA:0,(anonymous_4)
FNDA:0,(anonymous_5)
FNDA:0,(anonymous_6)
FNDA:0,(anonymous_7)
FNDA:0,(anonymous_8)
FNDA:0,(anonymous_9)
FNDA:0,(anonymous_10)
DA:9,2
DA:10,6
DA:12,6
DA:13,6
DA:16,6
DA:17,0
DA:20,0
DA:21,0
DA:25,0
DA:26,0
DA:29,0
DA:34,6
DA:35,0
DA:38,0
DA:39,0
DA:41,0
DA:42,0
DA:47,0
DA:48,0
DA:49,0
DA:50,0
DA:53,0
DA:55,0
DA:58,0
DA:63,6
DA:65,0
DA:68,6
DA:69,0
DA:77,0
DA:78,0
DA:79,0
DA:82,0
DA:83,0
DA:88,6
DA:89,0
DA:97,0
DA:103,6
DA:104,0
DA:105,6
DA:106,2
DA:108,4
DA:110,0
DA:135,0
DA:146,0
LF:44
LH:13
BRDA:20,0,0,0
BRDA:20,0,1,0
BRDA:25,1,0,0
BRDA:25,1,1,0
BRDA:38,2,0,0
BRDA:38,2,1,0
BRDA:47,3,0,0
BRDA:47,3,1,0
BRDA:77,4,0,0
BRDA:77,4,1,0
BRDA:103,5,0,0
BRDA:103,5,1,6
BRDA:103,6,0,6
BRDA:103,6,1,2
BRDA:105,7,0,2
BRDA:105,7,1,4
BRDA:105,8,0,6
BRDA:105,8,1,2
BRDA:136,9,0,4
BRDA:136,9,1,4
BRDA:147,10,0,4
BRDA:147,10,1,4
BRDA:155,11,0,0
BRDA:155,11,1,4
BRF:24
BRH:12
end_of_record
TN:
SF:src\components\nomenclador.component.js
FN:9,(anonymous_0)
FN:22,(anonymous_1)
FN:29,(anonymous_2)
FN:30,(anonymous_3)
FN:37,(anonymous_4)
FN:38,(anonymous_5)
FN:45,(anonymous_6)
FN:46,(anonymous_7)
FN:53,(anonymous_8)
FN:60,(anonymous_9)
FN:67,(anonymous_10)
FN:85,(anonymous_11)
FN:91,(anonymous_12)
FN:101,(anonymous_13)
FN:112,(anonymous_14)
FN:123,(anonymous_15)
FN:138,(anonymous_16)
FN:142,(anonymous_17)
FN:150,(anonymous_18)
FN:158,(anonymous_19)
FN:171,(anonymous_20)
FN:180,(anonymous_21)
FN:191,(anonymous_22)
FN:202,(anonymous_23)
FN:243,(anonymous_24)
FN:247,(anonymous_25)
FN:255,(anonymous_26)
FN:278,(anonymous_27)
FN:285,(anonymous_28)
FN:298,(anonymous_29)
FN:334,(anonymous_30)
FN:338,(anonymous_31)
FN:346,(anonymous_32)
FN:369,(anonymous_33)
FN:376,(anonymous_34)
FN:389,(anonymous_35)
FN:425,(anonymous_36)
FN:429,(anonymous_37)
FN:437,(anonymous_38)
FN:472,(anonymous_39)
FN:479,(anonymous_40)
FN:492,(anonymous_41)
FNF:42
FNH:0
FNDA:0,(anonymous_0)
FNDA:0,(anonymous_1)
FNDA:0,(anonymous_2)
FNDA:0,(anonymous_3)
FNDA:0,(anonymous_4)
FNDA:0,(anonymous_5)
FNDA:0,(anonymous_6)
FNDA:0,(anonymous_7)
FNDA:0,(anonymous_8)
FNDA:0,(anonymous_9)
FNDA:0,(anonymous_10)
FNDA:0,(anonymous_11)
FNDA:0,(anonymous_12)
FNDA:0,(anonymous_13)
FNDA:0,(anonymous_14)
FNDA:0,(anonymous_15)
FNDA:0,(anonymous_16)
FNDA:0,(anonymous_17)
FNDA:0,(anonymous_18)
FNDA:0,(anonymous_19)
FNDA:0,(anonymous_20)
FNDA:0,(anonymous_21)
FNDA:0,(anonymous_22)
FNDA:0,(anonymous_23)
FNDA:0,(anonymous_24)
FNDA:0,(anonymous_25)
FNDA:0,(anonymous_26)
FNDA:0,(anonymous_27)
FNDA:0,(anonymous_28)
FNDA:0,(anonymous_29)
FNDA:0,(anonymous_30)
FNDA:0,(anonymous_31)
FNDA:0,(anonymous_32)
FNDA:0,(anonymous_33)
FNDA:0,(anonymous_34)
FNDA:0,(anonymous_35)
FNDA:0,(anonymous_36)
FNDA:0,(anonymous_37)
FNDA:0,(anonymous_38)
FNDA:0,(anonymous_39)
FNDA:0,(anonymous_40)
FNDA:0,(anonymous_41)
DA:9,0
DA:10,0
DA:11,0
DA:12,0
DA:13,0
DA:14,0
DA:22,0
DA:23,0
DA:24,0
DA:25,0
DA:29,0
DA:30,0
DA:31,0
DA:32,0
DA:37,0
DA:38,0
DA:39,0
DA:40,0
DA:45,0
DA:46,0
DA:47,0
DA:48,0
DA:53,0
DA:54,0
DA:55,0
DA:56,0
DA:60,0
DA:61,0
DA:62,0
DA:63,0
DA:67,0
DA:68,0
DA:69,0
DA:71,0
DA:72,0
DA:74,0
DA:75,0
DA:77,0
DA:78,0
DA:80,0
DA:85,0
DA:86,0
DA:87,0
DA:91,0
DA:92,0
DA:93,0
DA:94,0
DA:95,0
DA:96,0
DA:99,0
DA:101,0
DA:102,0
DA:103,0
DA:104,0
DA:107,0
DA:110,0
DA:112,0
DA:113,0
DA:114,0
DA:115,0
DA:118,0
DA:121,0
DA:123,0
DA:124,0
DA:125,0
DA:126,0
DA:129,0
DA:131,0
DA:133,0
DA:138,0
DA:139,0
DA:142,0
DA:143,0
DA:144,0
DA:147,0
DA:150,0
DA:151,0
DA:152,0
DA:155,0
DA:158,0
DA:159,0
DA:160,0
DA:163,0
DA:165,0
DA:167,0
DA:171,0
DA:172,0
DA:173,0
DA:174,0
DA:175,0
DA:178,0
DA:180,0
DA:181,0
DA:182,0
DA:183,0
DA:186,0
DA:189,0
DA:191,0
DA:192,0
DA:193,0
DA:194,0
DA:197,0
DA:200,0
DA:202,0
DA:203,0
DA:204,0
DA:205,0
DA:208,0
DA:210,0
DA:212,0
DA:216,0
DA:243,0
DA:247,0
DA:255,0
DA:279,0
DA:286,0
DA:299,0
DA:334,0
DA:338,0
DA:346,0
DA:370,0
DA:377,0
DA:390,0
DA:425,0
DA:429,0
DA:437,0
DA:473,0
DA:480,0
DA:493,0
LF:129
LH:0
BRDA:31,0,0,0
BRDA:31,0,1,0
BRDA:39,1,0,0
BRDA:39,1,1,0
BRDA:47,2,0,0
BRDA:47,2,1,0
BRDA:69,3,0,0
BRDA:69,3,1,0
BRDA:69,3,2,0
BRDA:69,3,3,0
BRDA:93,4,0,0
BRDA:93,4,1,0
BRDA:95,5,0,0
BRDA:95,5,1,0
BRDA:96,6,0,0
BRDA:96,6,1,0
BRDA:96,6,2,0
BRDA:96,6,3,0
BRDA:102,7,0,0
BRDA:102,7,1,0
BRDA:113,8,0,0
BRDA:113,8,1,0
BRDA:124,9,0,0
BRDA:124,9,1,0
BRDA:139,10,0,0
BRDA:139,10,1,0
BRDA:139,10,2,0
BRDA:139,10,3,0
BRDA:143,11,0,0
BRDA:143,11,1,0
BRDA:151,12,0,0
BRDA:151,12,1,0
BRDA:159,13,0,0
BRDA:159,13,1,0
BRDA:173,14,0,0
BRDA:173,14,1,0
BRDA:174,15,0,0
BRDA:174,15,1,0
BRDA:175,16,0,0
BRDA:175,16,1,0
BRDA:175,16,2,0
BRDA:175,16,3,0
BRDA:181,17,0,0
BRDA:181,17,1,0
BRDA:192,18,0,0
BRDA:192,18,1,0
BRDA:203,19,0,0
BRDA:203,19,1,0
BRDA:236,20,0,0
BRDA:236,20,1,0
BRDA:238,21,0,0
BRDA:238,21,1,0
BRDA:277,22,0,0
BRDA:277,22,1,0
BRDA:327,23,0,0
BRDA:327,23,1,0
BRDA:329,24,0,0
BRDA:329,24,1,0
BRDA:368,25,0,0
BRDA:368,25,1,0
BRDA:418,26,0,0
BRDA:418,26,1,0
BRDA:420,27,0,0
BRDA:420,27,1,0
BRDA:451,28,0,0
BRDA:451,28,1,0
BRDA:471,29,0,0
BRDA:471,29,1,0
BRF:68
BRH:0
end_of_record
TN:
SF:src\components\search-criteria.component.js
FN:13,(anonymous_0)
FN:26,(anonymous_1)
FN:39,(anonymous_2)
FN:44,(anonymous_3)
FN:45,(anonymous_4)
FN:51,(anonymous_5)
FN:58,(anonymous_6)
FN:61,(anonymous_7)
FN:77,(anonymous_8)
FN:84,(anonymous_9)
FN:90,(anonymous_10)
FN:100,(anonymous_11)
FN:104,(anonymous_12)
FN:116,(anonymous_13)
FN:123,(anonymous_14)
FN:135,(anonymous_15)
FN:142,(anonymous_16)
FN:158,(anonymous_17)
FN:165,(anonymous_18)
FN:169,(anonymous_19)
FN:173,(anonymous_20)
FN:174,(anonymous_21)
FN:183,(anonymous_22)
FN:187,(anonymous_23)
FN:188,(anonymous_24)
FN:200,(anonymous_25)
FN:205,(anonymous_26)
FN:211,(anonymous_27)
FN:220,(anonymous_28)
FN:222,(anonymous_29)
FN:235,(anonymous_30)
FN:241,(anonymous_31)
FN:248,(anonymous_32)
FN:257,(anonymous_33)
FN:273,(anonymous_34)
FN:284,(anonymous_35)
FN:291,(anonymous_36)
FN:372,(anonymous_37)
FN:376,(anonymous_38)
FN:505,(anonymous_39)
FNF:40
FNH:0
FNDA:0,(anonymous_0)
FNDA:0,(anonymous_1)
FNDA:0,(anonymous_2)
FNDA:0,(anonymous_3)
FNDA:0,(anonymous_4)
FNDA:0,(anonymous_5)
FNDA:0,(anonymous_6)
FNDA:0,(anonymous_7)
FNDA:0,(anonymous_8)
FNDA:0,(anonymous_9)
FNDA:0,(anonymous_10)
FNDA:0,(anonymous_11)
FNDA:0,(anonymous_12)
FNDA:0,(anonymous_13)
FNDA:0,(anonymous_14)
FNDA:0,(anonymous_15)
FNDA:0,(anonymous_16)
FNDA:0,(anonymous_17)
FNDA:0,(anonymous_18)
FNDA:0,(anonymous_19)
FNDA:0,(anonymous_20)
FNDA:0,(anonymous_21)
FNDA:0,(anonymous_22)
FNDA:0,(anonymous_23)
FNDA:0,(anonymous_24)
FNDA:0,(anonymous_25)
FNDA:0,(anonymous_26)
FNDA:0,(anonymous_27)
FNDA:0,(anonymous_28)
FNDA:0,(anonymous_29)
FNDA:0,(anonymous_30)
FNDA:0,(anonymous_31)
FNDA:0,(anonymous_32)
FNDA:0,(anonymous_33)
FNDA:0,(anonymous_34)
FNDA:0,(anonymous_35)
FNDA:0,(anonymous_36)
FNDA:0,(anonymous_37)
FNDA:0,(anonymous_38)
FNDA:0,(anonymous_39)
DA:13,0
DA:14,0
DA:15,0
DA:23,0
DA:24,0
DA:26,0
DA:27,0
DA:30,0
DA:37,0
DA:39,0
DA:40,0
DA:44,0
DA:45,0
DA:46,0
DA:47,0
DA:51,0
DA:52,0
DA:58,0
DA:59,0
DA:61,0
DA:62,0
DA:63,0
DA:71,0
DA:73,0
DA:75,0
DA:78,0
DA:79,0
DA:80,0
DA:81,0
DA:85,0
DA:87,0
DA:90,0
DA:91,0
DA:92,0
DA:100,0
DA:101,0
DA:104,0
DA:105,0
DA:116,0
DA:117,0
DA:124,0
DA:125,0
DA:129,0
DA:135,0
DA:136,0
DA:143,0
DA:144,0
DA:148,0
DA:158,0
DA:159,0
DA:160,0
DA:161,0
DA:165,0
DA:166,0
DA:169,0
DA:170,0
DA:173,0
DA:174,0
DA:175,0
DA:176,0
DA:177,0
DA:178,0
DA:179,0
DA:183,0
DA:184,0
DA:187,0
DA:188,0
DA:189,0
DA:192,0
DA:193,0
DA:201,0
DA:202,0
DA:203,0
DA:206,0
DA:207,0
DA:208,0
DA:212,0
DA:214,0
DA:215,0
DA:220,0
DA:221,0
DA:222,0
DA:223,0
DA:225,0
DA:232,0
DA:235,0
DA:236,0
DA:241,0
DA:242,0
DA:248,0
DA:250,0
DA:257,0
DA:274,0
DA:284,0
DA:291,0
DA:372,0
DA:376,0
DA:505,0
LF:98
LH:0
BRDA:46,0,0,0
BRDA:46,0,1,0
BRDA:62,1,0,0
BRDA:62,1,1,0
BRDA:78,2,0,0
BRDA:78,2,1,0
BRDA:160,3,0,0
BRDA:160,3,1,0
BRDA:160,4,0,0
BRDA:160,4,1,0
BRDA:161,5,0,0
BRDA:161,5,1,0
BRDA:175,6,0,0
BRDA:175,6,1,0
BRDA:201,7,0,0
BRDA:201,7,1,0
BRDA:206,8,0,0
BRDA:206,8,1,0
BRDA:248,9,0,0
BRDA:248,9,1,0
BRDA:426,10,0,0
BRDA:426,10,1,0
BRDA:446,11,0,0
BRDA:446,11,1,0
BRDA:467,12,0,0
BRDA:467,12,1,0
BRDA:488,13,0,0
BRDA:488,13,1,0
BRF:28
BRH:0
end_of_record
TN:
SF:src\components\sidebar.component.js
FN:23,(anonymous_0)
FN:26,(anonymous_1)
FN:26,(anonymous_2)
FN:29,(anonymous_3)
FNF:4
FNH:3
FNDA:13,(anonymous_0)
FNDA:6,(anonymous_1)
FNDA:6,(anonymous_2)
FNDA:0,(anonymous_3)
DA:23,2
DA:25,13
DA:26,13
DA:29,13
DA:30,0
DA:31,0
DA:34,13
DA:35,13
DA:37,13
LF:9
LH:7
BRDA:38,0,0,3
BRDA:38,0,1,10
BRDA:43,1,0,3
BRDA:43,1,1,10
BRDA:59,2,0,0
BRDA:59,2,1,13
BRDA:60,3,0,0
BRDA:60,3,1,0
BRDA:70,4,0,1
BRDA:70,4,1,12
BRDA:77,5,0,0
BRDA:77,5,1,13
BRDA:85,6,0,0
BRDA:85,6,1,13
BRDA:93,7,0,0
BRDA:93,7,1,13
BRDA:101,8,0,0
BRDA:101,8,1,13
BRDA:109,9,0,0
BRDA:109,9,1,13
BRDA:117,10,0,0
BRDA:117,10,1,13
BRDA:125,11,0,0
BRDA:125,11,1,13
BRDA:133,12,0,0
BRDA:133,12,1,13
BRDA:141,13,0,0
BRDA:141,13,1,13
BRDA:149,14,0,0
BRDA:149,14,1,13
BRF:30
BRH:17
end_of_record
TN:
SF:src\components\talleres.component.js
FN:13,(anonymous_0)
FN:20,(anonymous_1)
FN:35,(anonymous_2)
FN:41,(anonymous_3)
FN:49,(anonymous_4)
FN:56,(anonymous_5)
FN:61,(anonymous_6)
FN:66,(anonymous_7)
FN:72,(anonymous_8)
FN:78,(anonymous_9)
FN:85,(anonymous_10)
FN:92,(anonymous_11)
FN:103,(anonymous_12)
FN:117,(anonymous_13)
FN:123,(anonymous_14)
FN:128,(anonymous_15)
FN:135,(anonymous_16)
FN:136,(anonymous_17)
FN:140,(anonymous_18)
FN:151,(anonymous_19)
FN:153,(anonymous_20)
FN:160,(anonymous_21)
FN:170,(anonymous_22)
FN:180,(anonymous_23)
FN:197,(anonymous_24)
FN:206,(anonymous_25)
FN:215,(anonymous_26)
FN:224,(anonymous_27)
FN:259,(anonymous_28)
FN:276,(anonymous_29)
FN:282,(anonymous_30)
FN:326,(anonymous_31)
FN:343,(anonymous_32)
FN:349,(anonymous_33)
FN:384,(anonymous_34)
FN:404,(anonymous_35)
FN:411,(anonymous_36)
FN:419,(anonymous_37)
FN:426,(anonymous_38)
FN:439,(anonymous_39)
FN:442,(anonymous_40)
FNF:41
FNH:0
FNDA:0,(anonymous_0)
FNDA:0,(anonymous_1)
FNDA:0,(anonymous_2)
FNDA:0,(anonymous_3)
FNDA:0,(anonymous_4)
FNDA:0,(anonymous_5)
FNDA:0,(anonymous_6)
FNDA:0,(anonymous_7)
FNDA:0,(anonymous_8)
FNDA:0,(anonymous_9)
FNDA:0,(anonymous_10)
FNDA:0,(anonymous_11)
FNDA:0,(anonymous_12)
FNDA:0,(anonymous_13)
FNDA:0,(anonymous_14)
FNDA:0,(anonymous_15)
FNDA:0,(anonymous_16)
FNDA:0,(anonymous_17)
FNDA:0,(anonymous_18)
FNDA:0,(anonymous_19)
FNDA:0,(anonymous_20)
FNDA:0,(anonymous_21)
FNDA:0,(anonymous_22)
FNDA:0,(anonymous_23)
FNDA:0,(anonymous_24)
FNDA:0,(anonymous_25)
FNDA:0,(anonymous_26)
FNDA:0,(anonymous_27)
FNDA:0,(anonymous_28)
FNDA:0,(anonymous_29)
FNDA:0,(anonymous_30)
FNDA:0,(anonymous_31)
FNDA:0,(anonymous_32)
FNDA:0,(anonymous_33)
FNDA:0,(anonymous_34)
FNDA:0,(anonymous_35)
FNDA:0,(anonymous_36)
FNDA:0,(anonymous_37)
FNDA:0,(anonymous_38)
FNDA:0,(anonymous_39)
FNDA:0,(anonymous_40)
DA:10,0
DA:12,0
DA:13,0
DA:14,0
DA:15,0
DA:17,0
DA:20,0
DA:21,0
DA:22,0
DA:23,0
DA:24,0
DA:25,0
DA:27,0
DA:28,0
DA:29,0
DA:31,0
DA:32,0
DA:33,0
DA:35,0
DA:36,0
DA:37,0
DA:41,0
DA:42,0
DA:43,0
DA:44,0
DA:49,0
DA:50,0
DA:51,0
DA:52,0
DA:56,0
DA:57,0
DA:58,0
DA:61,0
DA:62,0
DA:63,0
DA:66,0
DA:67,0
DA:68,0
DA:69,0
DA:72,0
DA:73,0
DA:74,0
DA:75,0
DA:78,0
DA:79,0
DA:80,0
DA:81,0
DA:82,0
DA:85,0
DA:86,0
DA:87,0
DA:88,0
DA:92,0
DA:93,0
DA:94,0
DA:95,0
DA:96,0
DA:97,0
DA:98,0
DA:103,0
DA:104,0
DA:107,0
DA:108,0
DA:109,0
DA:110,0
DA:111,0
DA:112,0
DA:117,0
DA:118,0
DA:119,0
DA:120,0
DA:121,0
DA:122,0
DA:123,0
DA:128,0
DA:129,0
DA:130,0
DA:131,0
DA:135,0
DA:136,0
DA:140,0
DA:141,0
DA:142,0
DA:143,0
DA:144,0
DA:145,0
DA:146,0
DA:151,0
DA:152,0
DA:154,0
DA:160,0
DA:161,0
DA:162,0
DA:163,0
DA:164,0
DA:165,0
DA:169,0
DA:170,0
DA:173,0
DA:180,0
DA:198,0
DA:206,0
DA:215,0
DA:224,0
DA:260,0
DA:276,0
DA:282,0
DA:327,0
DA:343,0
DA:349,0
DA:384,0
DA:405,0
DA:411,0
DA:420,0
DA:426,0
DA:439,0
DA:442,0
LF:117
LH:0
BRDA:14,0,0,0
BRDA:14,0,1,0
BRDA:14,1,0,0
BRDA:14,1,1,0
BRDA:43,2,0,0
BRDA:43,2,1,0
BRDA:51,3,0,0
BRDA:51,3,1,0
BRDA:94,4,0,0
BRDA:94,4,1,0
BRDA:107,5,0,0
BRDA:107,5,1,0
BRDA:119,6,0,0
BRDA:119,6,1,0
BRDA:121,7,0,0
BRDA:121,7,1,0
BRDA:142,8,0,0
BRDA:142,8,1,0
BRDA:144,9,0,0
BRDA:144,9,1,0
BRDA:160,10,0,0
BRDA:160,10,1,0
BRDA:169,11,0,0
BRDA:169,11,1,0
BRDA:265,12,0,0
BRDA:265,12,1,0
BRDA:308,13,0,0
BRDA:308,13,1,0
BRDA:332,14,0,0
BRDA:332,14,1,0
BRDA:362,15,0,0
BRDA:362,15,1,0
BRDA:363,16,0,0
BRDA:363,16,1,0
BRDA:389,17,0,0
BRDA:389,17,1,0
BRF:36
BRH:0
end_of_record
TN:
SF:src\components\tipos-de-eventos.component.js
FN:7,(anonymous_0)
FN:17,(anonymous_1)
FN:21,(anonymous_2)
FN:35,(anonymous_3)
FN:39,(anonymous_4)
FN:43,(anonymous_5)
FN:52,(anonymous_6)
FN:57,(anonymous_7)
FN:64,(anonymous_8)
FN:72,(anonymous_9)
FN:77,(anonymous_10)
FN:89,(anonymous_11)
FN:92,(anonymous_12)
FN:107,(anonymous_13)
FN:114,(anonymous_14)
FN:121,(anonymous_15)
FN:130,(anonymous_16)
FN:138,(anonymous_17)
FN:143,(anonymous_18)
FN:150,(anonymous_19)
FN:154,(anonymous_20)
FN:159,(anonymous_21)
FN:166,(anonymous_22)
FN:179,(anonymous_23)
FN:186,(anonymous_24)
FN:203,(anonymous_25)
FN:217,(anonymous_26)
FN:218,(anonymous_27)
FN:235,(anonymous_28)
FN:242,(anonymous_29)
FN:291,(anonymous_30)
FN:295,(anonymous_31)
FN:359,(anonymous_32)
FN:363,(anonymous_33)
FNF:34
FNH:0
FNDA:0,(anonymous_0)
FNDA:0,(anonymous_1)
FNDA:0,(anonymous_2)
FNDA:0,(anonymous_3)
FNDA:0,(anonymous_4)
FNDA:0,(anonymous_5)
FNDA:0,(anonymous_6)
FNDA:0,(anonymous_7)
FNDA:0,(anonymous_8)
FNDA:0,(anonymous_9)
FNDA:0,(anonymous_10)
FNDA:0,(anonymous_11)
FNDA:0,(anonymous_12)
FNDA:0,(anonymous_13)
FNDA:0,(anonymous_14)
FNDA:0,(anonymous_15)
FNDA:0,(anonymous_16)
FNDA:0,(anonymous_17)
FNDA:0,(anonymous_18)
FNDA:0,(anonymous_19)
FNDA:0,(anonymous_20)
FNDA:0,(anonymous_21)
FNDA:0,(anonymous_22)
FNDA:0,(anonymous_23)
FNDA:0,(anonymous_24)
FNDA:0,(anonymous_25)
FNDA:0,(anonymous_26)
FNDA:0,(anonymous_27)
FNDA:0,(anonymous_28)
FNDA:0,(anonymous_29)
FNDA:0,(anonymous_30)
FNDA:0,(anonymous_31)
FNDA:0,(anonymous_32)
FNDA:0,(anonymous_33)
DA:7,0
DA:8,0
DA:9,0
DA:14,0
DA:15,0
DA:17,0
DA:18,0
DA:21,0
DA:22,0
DA:23,0
DA:28,0
DA:35,0
DA:36,0
DA:39,0
DA:40,0
DA:43,0
DA:44,0
DA:45,0
DA:52,0
DA:53,0
DA:57,0
DA:58,0
DA:61,0
DA:64,0
DA:65,0
DA:73,0
DA:74,0
DA:75,0
DA:76,0
DA:77,0
DA:78,0
DA:79,0
DA:81,0
DA:83,0
DA:84,0
DA:89,0
DA:90,0
DA:92,0
DA:93,0
DA:94,0
DA:100,0
DA:102,0
DA:105,0
DA:108,0
DA:109,0
DA:110,0
DA:111,0
DA:115,0
DA:117,0
DA:118,0
DA:121,0
DA:122,0
DA:123,0
DA:128,0
DA:131,0
DA:132,0
DA:133,0
DA:134,0
DA:135,0
DA:139,0
DA:143,0
DA:144,0
DA:145,0
DA:146,0
DA:150,0
DA:151,0
DA:154,0
DA:155,0
DA:159,0
DA:160,0
DA:167,0
DA:168,0
DA:172,0
DA:179,0
DA:180,0
DA:187,0
DA:188,0
DA:192,0
DA:198,0
DA:199,0
DA:203,0
DA:217,0
DA:219,0
DA:235,0
DA:242,0
DA:291,0
DA:295,0
DA:359,0
DA:363,0
LF:89
LH:0
BRDA:22,0,0,0
BRDA:22,0,1,0
BRDA:73,1,0,0
BRDA:73,1,1,0
BRDA:78,2,0,0
BRDA:78,2,1,0
BRDA:93,3,0,0
BRDA:93,3,1,0
BRDA:97,4,0,0
BRDA:97,4,1,0
BRDA:108,5,0,0
BRDA:108,5,1,0
BRDA:125,6,0,0
BRDA:125,6,1,0
BRDA:131,7,0,0
BRDA:131,7,1,0
BRDA:145,8,0,0
BRDA:145,8,1,0
BRDA:227,9,0,0
BRDA:227,9,1,0
BRDA:349,10,0,0
BRDA:349,10,1,0
BRF:22
BRH:0
end_of_record
TN:
SF:src\components\add-paciente\datos-personales.component.js
FN:4,(anonymous_0)
FNF:1
FNH:1
FNDA:30,(anonymous_0)
DA:4,2
DA:5,30
LF:2
LH:2
BRDA:32,0,0,30
BRDA:32,0,1,2
BRDA:53,1,0,30
BRDA:53,1,1,2
BRDA:74,2,0,30
BRDA:74,2,1,2
BRDA:92,3,0,30
BRDA:92,3,1,2
BRDA:115,4,0,30
BRDA:115,4,1,2
BRF:10
BRH:10
end_of_record
TN:
SF:src\components\add-paciente\vivienda.component.js
FN:3,(anonymous_0)
FN:28,(anonymous_1)
FN:56,(anonymous_2)
FN:57,(anonymous_3)
FNF:4
FNH:4
FNDA:30,(anonymous_0)
FNDA:690,(anonymous_1)
FNDA:30,(anonymous_2)
FNDA:9,(anonymous_3)
DA:3,2
DA:4,30
DA:29,690
DA:56,30
DA:58,9
LF:5
LH:5
BRDA:27,0,0,30
BRDA:27,0,1,30
BRDA:31,1,0,690
BRDA:31,1,1,690
BRDA:37,2,0,30
BRDA:37,2,1,2
BRDA:54,3,0,30
BRDA:54,3,1,30
BRDA:63,4,0,30
BRDA:63,4,1,2
BRDA:84,5,0,30
BRDA:84,5,1,2
BRDA:101,6,0,30
BRDA:101,6,1,2
BRDA:124,7,0,30
BRDA:124,7,1,2
BRDA:141,8,0,30
BRDA:141,8,1,2
BRDA:162,9,0,30
BRDA:162,9,1,2
BRF:20
BRH:20
end_of_record
TN:
SF:src\components\error-boundary\error-fallback-global.component.js
FN:12,(anonymous_0)
FN:36,(anonymous_1)
FNF:2
FNH:1
FNDA:1,(anonymous_0)
FNDA:0,(anonymous_1)
DA:12,1
DA:13,1
DA:36,0
DA:58,1
LF:4
LH:3
BRDA:29,0,0,1
BRDA:29,0,1,0
BRF:2
BRH:1
end_of_record
TN:
SF:src\components\error-boundary\error-fallback-inline.component.js
FN:14,(anonymous_0)
FNF:1
FNH:0
FNDA:0,(anonymous_0)
DA:14,0
DA:15,0
DA:43,0
LF:3
LH:0
BRDA:28,0,0,0
BRDA:28,0,1,0
BRDA:34,1,0,0
BRDA:34,1,1,0
BRF:4
BRH:0
end_of_record
TN:
SF:src\components\error-boundary\error-fallback-route.component.js
FN:16,(anonymous_0)
FNF:1
FNH:1
FNDA:1,(anonymous_0)
DA:16,2
DA:17,1
DA:47,2
LF:3
LH:3
BRDA:22,0,0,1
BRDA:22,0,1,1
BRDA:30,1,0,1
BRDA:30,1,1,0
BRF:4
BRH:3
end_of_record
TN:
SF:src\components\error-boundary\logError.js
FN:10,(anonymous_0)
FN:18,(anonymous_1)
FNF:2
FNH:0
FNDA:0,(anonymous_0)
FNDA:0,(anonymous_1)
DA:10,2
DA:11,0
DA:18,2
DA:19,0
LF:4
LH:2
BRDA:18,0,0,0
BRF:1
BRH:0
end_of_record
TN:
SF:src\components\icons\icons-nomenclador.jsx
FN:3,(anonymous_0)
FN:18,(anonymous_1)
FN:33,(anonymous_2)
FN:48,(anonymous_3)
FN:67,(anonymous_4)
FNF:5
FNH:1
FNDA:1,(anonymous_0)
FNDA:0,(anonymous_1)
FNDA:0,(anonymous_2)
FNDA:0,(anonymous_3)
FNDA:0,(anonymous_4)
DA:3,1
DA:4,1
DA:18,1
DA:19,0
DA:33,1
DA:34,0
DA:48,1
DA:49,0
DA:67,1
DA:68,0
LF:10
LH:6
BRDA:3,0,0,1
BRDA:3,1,0,1
BRDA:18,2,0,0
BRDA:18,3,0,0
BRDA:33,4,0,0
BRDA:33,5,0,0
BRDA:48,6,0,0
BRDA:48,7,0,0
BRDA:67,8,0,0
BRDA:67,9,0,0
BRF:10
BRH:2
end_of_record
TN:
SF:src\components\icons\icons-shared.jsx
FN:3,(anonymous_0)
FN:18,(anonymous_1)
FN:37,(anonymous_2)
FN:56,(anonymous_3)
FN:71,(anonymous_4)
FN:87,(anonymous_5)
FN:107,(anonymous_6)
FN:124,(anonymous_7)
FN:144,(anonymous_8)
FN:161,(anonymous_9)
FN:176,(anonymous_10)
FNF:11
FNH:8
FNDA:414,(anonymous_0)
FNDA:128,(anonymous_1)
FNDA:0,(anonymous_2)
FNDA:414,(anonymous_3)
FNDA:13,(anonymous_4)
FNDA:13,(anonymous_5)
FNDA:13,(anonymous_6)
FNDA:0,(anonymous_7)
FNDA:0,(anonymous_8)
FNDA:1,(anonymous_9)
FNDA:1,(anonymous_10)
DA:3,7
DA:4,414
DA:18,7
DA:19,128
DA:37,7
DA:38,0
DA:56,7
DA:57,414
DA:71,7
DA:72,13
DA:87,7
DA:88,13
DA:107,7
DA:108,13
DA:124,7
DA:125,0
DA:144,7
DA:145,0
DA:161,7
DA:162,1
DA:176,7
DA:177,1
LF:22
LH:19
BRDA:3,0,0,414
BRDA:3,1,0,414
BRDA:18,2,0,128
BRDA:18,3,0,128
BRDA:37,4,0,0
BRDA:37,5,0,0
BRDA:56,6,0,414
BRDA:56,7,0,414
BRDA:71,8,0,13
BRDA:71,9,0,13
BRDA:87,10,0,13
BRDA:87,11,0,13
BRDA:107,12,0,13
BRDA:107,13,0,13
BRDA:124,14,0,0
BRDA:124,15,0,0
BRDA:144,16,0,0
BRDA:144,17,0,0
BRDA:161,18,0,0
BRDA:161,19,0,1
BRDA:176,20,0,1
BRDA:176,21,0,1
BRF:22
BRH:15
end_of_record
TN:
SF:src\components\icons\icons-sidebar.jsx
FN:3,(anonymous_0)
FN:21,(anonymous_1)
FN:43,(anonymous_2)
FN:61,(anonymous_3)
FN:80,(anonymous_4)
FN:95,(anonymous_5)
FN:115,(anonymous_6)
FN:135,(anonymous_7)
FN:153,(anonymous_8)
FN:169,(anonymous_9)
FN:184,(anonymous_10)
FNF:11
FNH:10
FNDA:16,(anonymous_0)
FNDA:13,(anonymous_1)
FNDA:0,(anonymous_2)
FNDA:13,(anonymous_3)
FNDA:13,(anonymous_4)
FNDA:13,(anonymous_5)
FNDA:13,(anonymous_6)
FNDA:13,(anonymous_7)
FNDA:26,(anonymous_8)
FNDA:13,(anonymous_9)
FNDA:13,(anonymous_10)
DA:3,3
DA:4,16
DA:21,3
DA:22,13
DA:43,3
DA:44,0
DA:61,3
DA:62,13
DA:80,3
DA:81,13
DA:95,3
DA:96,13
DA:115,3
DA:116,13
DA:135,3
DA:136,13
DA:153,3
DA:154,26
DA:169,3
DA:170,13
DA:184,3
DA:185,13
LF:22
LH:21
BRDA:3,0,0,16
BRDA:3,1,0,16
BRDA:21,2,0,13
BRDA:21,3,0,13
BRDA:43,4,0,0
BRDA:43,5,0,0
BRDA:61,6,0,13
BRDA:61,7,0,13
BRDA:80,8,0,13
BRDA:80,9,0,13
BRDA:95,10,0,13
BRDA:95,11,0,13
BRDA:115,12,0,13
BRDA:115,13,0,13
BRDA:135,14,0,13
BRDA:135,15,0,13
BRDA:153,16,0,26
BRDA:153,17,0,26
BRDA:169,18,0,13
BRDA:169,19,0,13
BRDA:184,20,0,13
BRDA:184,21,0,13
BRF:22
BRH:20
end_of_record
TN:
SF:src\components\list-obrasocial\obra-social-form.component.js
FN:4,(anonymous_0)
FN:28,(anonymous_1)
FN:39,(anonymous_2)
FN:46,(anonymous_3)
FNF:4
FNH:1
FNDA:1,(anonymous_0)
FNDA:0,(anonymous_1)
FNDA:0,(anonymous_2)
FNDA:0,(anonymous_3)
DA:4,1
DA:12,1
DA:29,0
DA:39,0
DA:46,0
LF:5
LH:2
BRDA:27,0,0,1
BRDA:27,0,1,1
BRF:2
BRH:2
end_of_record
TN:
SF:src\components\shared\loading-spinner.jsx
FN:3,(anonymous_0)
FNF:1
FNH:1
FNDA:2,(anonymous_0)
DA:3,1
DA:4,2
LF:2
LH:2
BRF:0
BRH:0
end_of_record
TN:
SF:src\reducers\global.js
FN:10,globalReducer
FNF:1
FNH:0
FNDA:0,globalReducer
DA:5,0
DA:11,0
DA:13,0
DA:19,0
LF:4
LH:0
BRDA:10,0,0,0
BRDA:11,1,0,0
BRDA:11,1,1,0
BRF:3
BRH:0
end_of_record
TN:
SF:src\reducers\globalSlice.js
FN:12,(anonymous_0)
FNF:1
FNH:0
FNDA:0,(anonymous_0)
DA:3,0
DA:8,0
DA:13,0
DA:14,0
DA:19,0
LF:5
LH:0
BRF:0
BRH:0
end_of_record
TN:
SF:src\services\actividad-realizada.service.js
FN:8,(anonymous_0)
FN:18,(anonymous_1)
FN:20,(anonymous_2)
FN:24,(anonymous_3)
FN:30,(anonymous_4)
FN:34,(anonymous_5)
FNF:6
FNH:0
FNDA:0,(anonymous_0)
FNDA:0,(anonymous_1)
FNDA:0,(anonymous_2)
FNDA:0,(anonymous_3)
FNDA:0,(anonymous_4)
FNDA:0,(anonymous_5)
DA:4,0
DA:9,0
DA:10,0
DA:11,0
DA:12,0
DA:13,0
DA:14,0
DA:15,0
DA:16,0
DA:18,0
DA:21,0
DA:22,0
DA:25,0
DA:26,0
DA:31,0
DA:32,0
DA:35,0
DA:36,0
DA:40,0
LF:19
LH:0
BRDA:15,0,0,0
BRDA:15,0,1,0
BRF:2
BRH:0
end_of_record
TN:
SF:src\services\actividad.service.js
FN:5,(anonymous_0)
FN:9,(anonymous_1)
FN:13,(anonymous_2)
FN:17,(anonymous_3)
FNF:4
FNH:0
FNDA:0,(anonymous_0)
FNDA:0,(anonymous_1)
FNDA:0,(anonymous_2)
FNDA:0,(anonymous_3)
DA:4,0
DA:6,0
DA:7,0
DA:10,0
DA:11,0
DA:14,0
DA:15,0
DA:18,0
DA:19,0
DA:23,0
LF:10
LH:0
BRF:0
BRH:0
end_of_record
TN:
SF:src\services\asistencia.service.js
FN:8,(anonymous_0)
FN:14,(anonymous_1)
FN:16,(anonymous_2)
FN:17,(anonymous_3)
FN:22,(anonymous_4)
FN:26,(anonymous_5)
FN:33,(anonymous_6)
FN:43,(anonymous_7)
FNF:8
FNH:0
FNDA:0,(anonymous_0)
FNDA:0,(anonymous_1)
FNDA:0,(anonymous_2)
FNDA:0,(anonymous_3)
FNDA:0,(anonymous_4)
FNDA:0,(anonymous_5)
FNDA:0,(anonymous_6)
FNDA:0,(anonymous_7)
DA:5,0
DA:7,0
DA:9,0
DA:10,0
DA:15,0
DA:16,0
DA:17,0
DA:19,0
DA:20,0
DA:23,0
DA:24,0
DA:27,0
DA:28,0
DA:34,0
DA:35,0
DA:36,0
DA:37,0
DA:38,0
DA:39,0
DA:40,0
DA:41,0
DA:43,0
DA:47,0
LF:23
LH:0
BRDA:15,0,0,0
BRDA:15,0,1,0
BRDA:40,1,0,0
BRDA:40,1,1,0
BRF:4
BRH:0
end_of_record
TN:
SF:src\services\auth.service.js
FN:5,(anonymous_0)
FN:13,(anonymous_1)
FNF:2
FNH:0
FNDA:0,(anonymous_0)
FNDA:0,(anonymous_1)
DA:4,2
DA:6,0
DA:7,0
DA:11,2
DA:14,0
LF:5
LH:2
BRF:0
BRH:0
end_of_record
TN:
SF:src\services\diagnostico.service.js
FN:5,(anonymous_0)
FN:9,(anonymous_1)
FN:13,(anonymous_2)
FN:17,(anonymous_3)
FNF:4
FNH:0
FNDA:0,(anonymous_0)
FNDA:0,(anonymous_1)
FNDA:0,(anonymous_2)
FNDA:0,(anonymous_3)
DA:4,0
DA:6,0
DA:7,0
DA:10,0
DA:11,0
DA:14,0
DA:15,0
DA:18,0
DA:19,0
DA:23,0
LF:10
LH:0
BRF:0
BRH:0
end_of_record
TN:
SF:src\services\direccion.service.js
FN:5,(anonymous_0)
FNF:1
FNH:0
FNDA:0,(anonymous_0)
DA:4,0
DA:6,0
DA:7,0
DA:11,0
LF:4
LH:0
BRF:0
BRH:0
end_of_record
TN:
SF:src\services\encuentro.service.js
FN:8,(anonymous_0)
FN:12,(anonymous_1)
FN:16,(anonymous_2)
FN:20,(anonymous_3)
FN:24,(anonymous_4)
FNF:5
FNH:0
FNDA:0,(anonymous_0)
FNDA:0,(anonymous_1)
FNDA:0,(anonymous_2)
FNDA:0,(anonymous_3)
FNDA:0,(anonymous_4)
DA:7,0
DA:9,0
DA:10,0
DA:13,0
DA:14,0
DA:17,0
DA:18,0
DA:21,0
DA:22,0
DA:25,0
DA:26,0
DA:30,0
LF:12
LH:0
BRF:0
BRH:0
end_of_record
TN:
SF:src\services\enfermedad.service.js
FN:5,(anonymous_0)
FN:9,(anonymous_1)
FN:13,(anonymous_2)
FN:17,(anonymous_3)
FNF:4
FNH:0
FNDA:0,(anonymous_0)
FNDA:0,(anonymous_1)
FNDA:0,(anonymous_2)
FNDA:0,(anonymous_3)
DA:4,0
DA:6,0
DA:7,0
DA:10,0
DA:11,0
DA:14,0
DA:15,0
DA:18,0
DA:19,0
DA:23,0
LF:10
LH:0
BRF:0
BRH:0
end_of_record
TN:
SF:src\services\error-handler.js
FN:4,(anonymous_0)
FN:8,(anonymous_1)
FN:30,(anonymous_2)
FN:32,(anonymous_3)
FNF:4
FNH:4
FNDA:10,(anonymous_0)
FNDA:2,(anonymous_1)
FNDA:11,(anonymous_2)
FNDA:8,(anonymous_3)
DA:4,3
DA:5,10
DA:6,6
DA:7,6
DA:8,6
DA:9,6
DA:15,4
DA:16,1
DA:23,3
DA:30,3
DA:31,11
DA:32,11
DA:33,8
DA:34,8
DA:35,1
DA:37,5
DA:38,5
DA:39,5
DA:40,4
DA:41,4
DA:42,3
DA:44,1
DA:47,5
LF:23
LH:23
BRDA:5,0,0,6
BRDA:5,0,1,4
BRDA:7,1,0,6
BRDA:7,1,1,1
BRDA:7,1,2,1
BRDA:8,2,0,1
BRDA:8,2,1,5
BRDA:8,3,0,2
BRDA:8,3,1,0
BRDA:12,4,0,2
BRDA:12,4,1,4
BRDA:15,5,0,1
BRDA:15,5,1,3
BRDA:24,6,0,3
BRDA:24,6,1,0
BRDA:30,7,0,0
BRDA:31,8,0,0
BRDA:31,9,0,10
BRDA:39,10,0,4
BRDA:39,10,1,1
BRDA:40,11,0,4
BRDA:40,11,1,3
BRDA:41,12,0,3
BRDA:41,12,1,1
BRF:24
BRH:20
end_of_record
TN:
SF:src\services\event.service.js
FN:6,(anonymous_0)
FN:10,(anonymous_1)
FN:14,(anonymous_2)
FN:18,(anonymous_3)
FN:23,(anonymous_4)
FN:27,(anonymous_5)
FN:32,(anonymous_6)
FN:36,(anonymous_7)
FN:40,(anonymous_8)
FN:44,(anonymous_9)
FNF:10
FNH:0
FNDA:0,(anonymous_0)
FNDA:0,(anonymous_1)
FNDA:0,(anonymous_2)
FNDA:0,(anonymous_3)
FNDA:0,(anonymous_4)
FNDA:0,(anonymous_5)
FNDA:0,(anonymous_6)
FNDA:0,(anonymous_7)
FNDA:0,(anonymous_8)
FNDA:0,(anonymous_9)
DA:4,0
DA:7,0
DA:8,0
DA:11,0
DA:12,0
DA:15,0
DA:16,0
DA:19,0
DA:20,0
DA:24,0
DA:25,0
DA:28,0
DA:29,0
DA:33,0
DA:34,0
DA:37,0
DA:38,0
DA:41,0
DA:42,0
DA:45,0
DA:46,0
DA:50,0
LF:22
LH:0
BRF:0
BRH:0
end_of_record
TN:
SF:src\services\evolucion.service.js
FN:5,(anonymous_0)
FN:9,(anonymous_1)
FN:13,(anonymous_2)
FN:17,(anonymous_3)
FNF:4
FNH:0
FNDA:0,(anonymous_0)
FNDA:0,(anonymous_1)
FNDA:0,(anonymous_2)
FNDA:0,(anonymous_3)
DA:4,0
DA:6,0
DA:7,0
DA:10,0
DA:11,0
DA:14,0
DA:15,0
DA:18,0
DA:19,0
DA:23,0
LF:10
LH:0
BRF:0
BRH:0
end_of_record
TN:
SF:src\services\indicacion.service.js
FN:5,(anonymous_0)
FN:9,(anonymous_1)
FN:13,(anonymous_2)
FN:17,(anonymous_3)
FNF:4
FNH:0
FNDA:0,(anonymous_0)
FNDA:0,(anonymous_1)
FNDA:0,(anonymous_2)
FNDA:0,(anonymous_3)
DA:4,0
DA:6,0
DA:7,0
DA:10,0
DA:11,0
DA:14,0
DA:15,0
DA:18,0
DA:19,0
DA:23,0
LF:10
LH:0
BRF:0
BRH:0
end_of_record
TN:
SF:src\services\localidad.service.js
FN:5,(anonymous_0)
FNF:1
FNH:0
FNDA:0,(anonymous_0)
DA:4,0
DA:6,0
DA:7,0
DA:11,0
LF:4
LH:0
BRF:0
BRH:0
end_of_record
TN:
SF:src\services\medicamento.service.js
FN:5,(anonymous_0)
FN:9,(anonymous_1)
FN:13,(anonymous_2)
FN:17,(anonymous_3)
FNF:4
FNH:0
FNDA:0,(anonymous_0)
FNDA:0,(anonymous_1)
FNDA:0,(anonymous_2)
FNDA:0,(anonymous_3)
DA:4,0
DA:6,0
DA:7,0
DA:10,0
DA:11,0
DA:14,0
DA:15,0
DA:18,0
DA:19,0
DA:23,0
LF:10
LH:0
BRF:0
BRH:0
end_of_record
TN:
SF:src\services\municipio.service.js
FN:5,(anonymous_0)
FNF:1
FNH:1
FNDA:2,(anonymous_0)
DA:4,1
DA:6,2
DA:7,0
DA:11,1
LF:4
LH:3
BRF:0
BRH:0
end_of_record
TN:
SF:src\services\notification.service.js
FN:9,(anonymous_0)
FN:23,(anonymous_1)
FN:27,(anonymous_2)
FN:37,(anonymous_3)
FN:51,(anonymous_4)
FN:56,(anonymous_5)
FN:60,(anonymous_6)
FNF:7
FNH:5
FNDA:0,(anonymous_0)
FNDA:2,(anonymous_1)
FNDA:1,(anonymous_2)
FNDA:2,(anonymous_3)
FNDA:1,(anonymous_4)
FNDA:0,(anonymous_5)
FNDA:1,(anonymous_6)
DA:3,3
DA:10,0
DA:11,0
DA:15,3
DA:23,3
DA:24,2
DA:27,3
DA:28,1
DA:37,3
DA:38,2
DA:48,2
DA:51,3
DA:52,1
DA:56,0
DA:60,3
LF:15
LH:12
BRDA:23,0,0,1
BRDA:27,1,0,1
BRDA:37,2,0,2
BRDA:51,3,0,0
BRF:4
BRH:3
end_of_record
TN:
SF:src\services\obrasocial.service.js
FN:5,(anonymous_0)
FN:9,(anonymous_1)
FN:13,(anonymous_2)
FN:17,(anonymous_3)
FNF:4
FNH:0
FNDA:0,(anonymous_0)
FNDA:0,(anonymous_1)
FNDA:0,(anonymous_2)
FNDA:0,(anonymous_3)
DA:4,0
DA:6,0
DA:7,0
DA:10,0
DA:11,0
DA:14,0
DA:15,0
DA:18,0
DA:19,0
DA:23,0
LF:10
LH:0
BRF:0
BRH:0
end_of_record
TN:
SF:src\services\os.service.js
FN:5,(anonymous_0)
FN:9,(anonymous_1)
FN:13,(anonymous_2)
FN:17,(anonymous_3)
FNF:4
FNH:0
FNDA:0,(anonymous_0)
FNDA:0,(anonymous_1)
FNDA:0,(anonymous_2)
FNDA:0,(anonymous_3)
DA:4,0
DA:6,0
DA:7,0
DA:10,0
DA:11,0
DA:14,0
DA:15,0
DA:18,0
DA:19,0
DA:23,0
LF:10
LH:0
BRF:0
BRH:0
end_of_record
TN:
SF:src\services\paciente.service.js
FN:5,(anonymous_0)
FN:65,(anonymous_1)
FNF:2
FNH:0
FNDA:0,(anonymous_0)
FNDA:0,(anonymous_1)
DA:4,1
DA:6,0
DA:13,0
DA:21,0
DA:22,0
DA:24,0
DA:32,0
DA:41,0
DA:42,0
DA:44,0
DA:60,0
DA:62,0
DA:66,0
DA:67,0
DA:71,1
LF:15
LH:2
BRF:0
BRH:0
end_of_record
TN:
SF:src\services\taller.service.js
FN:5,(anonymous_0)
FN:9,(anonymous_1)
FN:13,(anonymous_2)
FN:17,(anonymous_3)
FNF:4
FNH:0
FNDA:0,(anonymous_0)
FNDA:0,(anonymous_1)
FNDA:0,(anonymous_2)
FNDA:0,(anonymous_3)
DA:4,0
DA:6,0
DA:7,0
DA:10,0
DA:11,0
DA:14,0
DA:15,0
DA:18,0
DA:19,0
DA:23,0
LF:10
LH:0
BRF:0
BRH:0
end_of_record
TN:
SF:src\services\token.service.js
FN:12,(anonymous_0)
FN:17,(anonymous_1)
FN:22,(anonymous_2)
FN:29,(anonymous_3)
FN:33,(anonymous_4)
FN:39,(anonymous_5)
FN:44,(anonymous_6)
FN:49,(anonymous_7)
FN:54,(anonymous_8)
FNF:9
FNH:5
FNDA:0,(anonymous_0)
FNDA:22,(anonymous_1)
FNDA:0,(anonymous_2)
FNDA:0,(anonymous_3)
FNDA:3,(anonymous_4)
FNDA:1,(anonymous_5)
FNDA:0,(anonymous_6)
FNDA:8,(anonymous_7)
FNDA:15,(anonymous_8)
DA:11,2
DA:13,0
DA:14,0
DA:18,22
DA:19,22
DA:23,0
DA:24,0
DA:25,0
DA:26,0
DA:30,0
DA:34,3
DA:35,3
DA:36,3
DA:40,1
DA:41,1
DA:45,0
DA:46,0
DA:50,8
DA:51,8
DA:55,15
DA:56,15
LF:21
LH:12
BRF:0
BRH:0
end_of_record
TN:
SF:src\services\users.service.js
FN:5,(anonymous_0)
FN:9,(anonymous_1)
FN:13,(anonymous_2)
FNF:3
FNH:0
FNDA:0,(anonymous_0)
FNDA:0,(anonymous_1)
FNDA:0,(anonymous_2)
DA:4,0
DA:6,0
DA:7,0
DA:10,0
DA:11,0
DA:14,0
DA:15,0
DA:19,0
LF:8
LH:0
BRF:0
BRH:0
end_of_record
TN:
SF:src\utils\utils.js
FN:4,(anonymous_0)
FN:33,(anonymous_1)
FN:38,(anonymous_2)
FN:43,(anonymous_3)
FN:51,(anonymous_4)
FN:59,(anonymous_5)
FN:67,(anonymous_6)
FN:75,(anonymous_7)
FN:83,(anonymous_8)
FN:92,(anonymous_9)
FN:111,(anonymous_10)
FN:123,(anonymous_11)
FN:130,(anonymous_12)
FN:142,(anonymous_13)
FN:161,(anonymous_14)
FN:173,(anonymous_15)
FN:180,(anonymous_16)
FN:192,(anonymous_17)
FN:202,(anonymous_18)
FNF:19
FNH:4
FNDA:30,(anonymous_0)
FNDA:0,(anonymous_1)
FNDA:0,(anonymous_2)
FNDA:0,(anonymous_3)
FNDA:0,(anonymous_4)
FNDA:0,(anonymous_5)
FNDA:0,(anonymous_6)
FNDA:128,(anonymous_7)
FNDA:128,(anonymous_8)
FNDA:0,(anonymous_9)
FNDA:30,(anonymous_10)
FNDA:0,(anonymous_11)
FNDA:0,(anonymous_12)
FNDA:0,(anonymous_13)
FNDA:0,(anonymous_14)
FNDA:0,(anonymous_15)
FNDA:0,(anonymous_16)
FNDA:0,(anonymous_17)
FNDA:0,(anonymous_18)
DA:5,30
DA:30,30
DA:34,0
DA:35,0
DA:39,0
DA:40,0
DA:44,0
DA:45,0
DA:47,0
DA:52,0
DA:53,0
DA:55,0
DA:60,0
DA:61,0
DA:63,0
DA:68,0
DA:69,0
DA:71,0
DA:76,128
DA:77,10
DA:79,118
DA:84,128
DA:85,118
DA:87,10
DA:93,0
DA:95,0
DA:97,0
DA:99,0
DA:101,0
DA:103,0
DA:105,0
DA:107,0
DA:112,30
DA:113,30
DA:114,30
DA:115,30
DA:116,30
DA:117,30
DA:119,30
DA:124,0
DA:131,0
DA:132,0
DA:136,0
DA:143,0
DA:151,0
DA:162,0
DA:163,0
DA:164,0
DA:168,0
DA:174,0
DA:181,0
DA:182,0
DA:186,0
DA:193,0
DA:203,0
LF:55
LH:15
BRDA:44,0,0,0
BRDA:44,0,1,0
BRDA:52,1,0,0
BRDA:52,1,1,0
BRDA:60,2,0,0
BRDA:60,2,1,0
BRDA:68,3,0,0
BRDA:68,3,1,0
BRDA:76,4,0,10
BRDA:76,4,1,118
BRDA:84,5,0,118
BRDA:84,5,1,10
BRDA:93,6,0,0
BRDA:93,6,1,0
BRDA:93,6,2,0
BRDA:93,6,3,0
BRDA:93,6,4,0
BRDA:93,6,5,0
BRDA:93,6,6,0
BRDA:116,7,0,30
BRDA:116,7,1,0
BRDA:162,8,0,0
BRDA:162,8,1,0
BRDA:164,9,0,0
BRDA:164,9,1,0
BRF:25
BRH:5
end_of_record
TN:
SF:src\utils\withNavigate.js
FN:3,withNavigate
FN:4,WrappedComponent
FNF:2
FNH:0
FNDA:0,withNavigate
FNDA:0,WrappedComponent
DA:4,0
DA:5,0
DA:6,0
LF:3
LH:0
BRF:0
BRH:0
end_of_record
